#
# There is insufficient memory for the Java Runtime Environment to continue.
# Native memory allocation (malloc) failed to allocate 154720 bytes. Error detail: Chunk::new
# Possible reasons:
#   The system is out of physical RAM or swap space
#   This process is running with CompressedOops enabled, and the Java Heap may be blocking the growth of the native heap
# Possible solutions:
#   Reduce memory load on the system
#   Increase physical memory or swap space
#   Check if swap backing store is full
#   Decrease Java heap size (-Xmx/-Xms)
#   Decrease number of Java threads
#   Decrease Java thread stack sizes (-Xss)
#   Set larger code cache with -XX:ReservedCodeCacheSize=
#     placed in the first 4GB address space. The Java Heap base address is the
#     maximum limit for the native heap growth. Please use -XX:HeapBaseMinAddress
#     to set the Java Heap base and to place the Java Heap above 4GB virtual address.
# This output file may be truncated or incomplete.
#
#  Out of Memory Error (arena.cpp:191), pid=19256, tid=22632
#
# JRE version: OpenJDK Runtime Environment Microsoft-9889599 (17.0.12+7) (build 17.0.12+7-LTS)
# Java VM: OpenJDK 64-Bit Server VM Microsoft-9889599 (17.0.12+7-LTS, mixed mode, sharing, tiered, compressed oops, compressed class ptrs, g1 gc, windows-amd64)
# No core dump will be written. Minidumps are not enabled by default on client versions of Windows
#

---------------  S U M M A R Y ------------

Command Line: -Xmx64m -Xms64m -Dorg.gradle.appname=gradlew org.gradle.wrapper.GradleWrapperMain assemble release

Host: AMD Ryzen 7 5700U with Radeon Graphics         , 16 cores, 5G,  Windows 11 , 64 bit Build 26100 (10.0.26100.4202)
Time: Thu Aug  7 12:53:11 2025 India Standard Time elapsed time: 106.501286 seconds (0d 0h 1m 46s)

---------------  T H R E A D  ---------------

Current thread (0x0000020fa8c1c7b0):  JavaThread "C2 CompilerThread0" daemon [_thread_in_native, id=22632, stack(0x0000008d8f100000,0x0000008d8f200000)]


Current CompileTask:
C2: 106501 1948       4       org.gradle.internal.logging.text.AbstractLineChoppingStyledTextOutput$1::execute (9 bytes)

Stack: [0x0000008d8f100000,0x0000008d8f200000]
Native frames: (J=compiled Java code, j=interpreted, Vv=VM code, C=native code)
V  [jvm.dll+0x686d99]
V  [jvm.dll+0x83daf8]
V  [jvm.dll+0x83f5a3]
V  [jvm.dll+0x83fc13]
V  [jvm.dll+0x2492ef]
V  [jvm.dll+0xad0a4]
V  [jvm.dll+0xad73c]
V  [jvm.dll+0x36a44e]
V  [jvm.dll+0x334b83]
V  [jvm.dll+0x33401a]
V  [jvm.dll+0x21a538]
V  [jvm.dll+0x21996f]
V  [jvm.dll+0x1a53e6]
V  [jvm.dll+0x229faa]
V  [jvm.dll+0x2280fb]
V  [jvm.dll+0x7f3508]
V  [jvm.dll+0x7ed87c]
V  [jvm.dll+0x685c77]
C  [ucrtbase.dll+0x37b0]
C  [KERNEL32.DLL+0x2e8d7]
C  [ntdll.dll+0x3c34c]


---------------  P R O C E S S  ---------------

Threads class SMR info:
_java_thread_list=0x0000020feecdc260, length=15, elements={
0x0000020f8e723190, 0x0000020fa8c00980, 0x0000020fa8c01450, 0x0000020fa8c19080,
0x0000020fa8c19950, 0x0000020fa8c1b230, 0x0000020fa8c1bb00, 0x0000020fa8c1c7b0,
0x0000020fa8c1f580, 0x0000020fa8c38160, 0x0000020fee10c6b0, 0x0000020fee112e60,
0x0000020feef6e540, 0x0000020fef330a30, 0x0000020fef331820
}

Java Threads: ( => current thread )
  0x0000020f8e723190 JavaThread "main" [_thread_in_native, id=13436, stack(0x0000008d8e400000,0x0000008d8e500000)]
  0x0000020fa8c00980 JavaThread "Reference Handler" daemon [_thread_blocked, id=21708, stack(0x0000008d8eb00000,0x0000008d8ec00000)]
  0x0000020fa8c01450 JavaThread "Finalizer" daemon [_thread_blocked, id=18120, stack(0x0000008d8ec00000,0x0000008d8ed00000)]
  0x0000020fa8c19080 JavaThread "Signal Dispatcher" daemon [_thread_blocked, id=3128, stack(0x0000008d8ed00000,0x0000008d8ee00000)]
  0x0000020fa8c19950 JavaThread "Attach Listener" daemon [_thread_blocked, id=8464, stack(0x0000008d8ee00000,0x0000008d8ef00000)]
  0x0000020fa8c1b230 JavaThread "Service Thread" daemon [_thread_blocked, id=21908, stack(0x0000008d8ef00000,0x0000008d8f000000)]
  0x0000020fa8c1bb00 JavaThread "Monitor Deflation Thread" daemon [_thread_blocked, id=19512, stack(0x0000008d8f000000,0x0000008d8f100000)]
=>0x0000020fa8c1c7b0 JavaThread "C2 CompilerThread0" daemon [_thread_in_native, id=22632, stack(0x0000008d8f100000,0x0000008d8f200000)]
  0x0000020fa8c1f580 JavaThread "C1 CompilerThread0" daemon [_thread_blocked, id=19292, stack(0x0000008d8f200000,0x0000008d8f300000)]
  0x0000020fa8c38160 JavaThread "Sweeper thread" daemon [_thread_blocked, id=21100, stack(0x0000008d8f300000,0x0000008d8f400000)]
  0x0000020fee10c6b0 JavaThread "Notification Thread" daemon [_thread_blocked, id=23988, stack(0x0000008d8f500000,0x0000008d8f600000)]
  0x0000020fee112e60 JavaThread "Common-Cleaner" daemon [_thread_blocked, id=2292, stack(0x0000008d8f700000,0x0000008d8f800000)]
  0x0000020feef6e540 JavaThread "pool-1-thread-1" [_thread_blocked, id=19716, stack(0x0000008d90000000,0x0000008d90100000)]
  0x0000020fef330a30 JavaThread "DisconnectableInputStream source reader" daemon [_thread_in_native, id=25316, stack(0x0000008d90300000,0x0000008d90400000)]
  0x0000020fef331820 JavaThread "Forward input" [_thread_blocked, id=19488, stack(0x0000008d90400000,0x0000008d90500000)]

Other Threads:
  0x0000020fa8bfd060 VMThread "VM Thread" [stack: 0x0000008d8ea00000,0x0000008d8eb00000] [id=12188]
  0x0000020fee110bb0 WatcherThread [stack: 0x0000008d8f600000,0x0000008d8f700000] [id=17632]
  0x0000020f8e746050 GCTaskThread "GC Thread#0" [stack: 0x0000008d8e500000,0x0000008d8e600000] [id=6396]
  0x0000020feee9a710 GCTaskThread "GC Thread#1" [stack: 0x0000008d8f900000,0x0000008d8fa00000] [id=22040]
  0x0000020feebfb0e0 GCTaskThread "GC Thread#2" [stack: 0x0000008d8fa00000,0x0000008d8fb00000] [id=19764]
  0x0000020feebfab60 GCTaskThread "GC Thread#3" [stack: 0x0000008d8fb00000,0x0000008d8fc00000] [id=18300]
  0x0000020feebfa060 GCTaskThread "GC Thread#4" [stack: 0x0000008d8fc00000,0x0000008d8fd00000] [id=22800]
  0x0000020feebf9ae0 GCTaskThread "GC Thread#5" [stack: 0x0000008d8fd00000,0x0000008d8fe00000] [id=4304]
  0x0000020feebfae20 GCTaskThread "GC Thread#6" [stack: 0x0000008d90100000,0x0000008d90200000] [id=20796]
  0x0000020feebfb3a0 GCTaskThread "GC Thread#7" [stack: 0x0000008d90200000,0x0000008d90300000] [id=25124]
  0x0000020f8e7476b0 ConcurrentGCThread "G1 Main Marker" [stack: 0x0000008d8e600000,0x0000008d8e700000] [id=24428]
  0x0000020f8e748cb0 ConcurrentGCThread "G1 Conc#0" [stack: 0x0000008d8e700000,0x0000008d8e800000] [id=16632]
  0x0000020fa8ac20a0 ConcurrentGCThread "G1 Refine#0" [stack: 0x0000008d8e800000,0x0000008d8e900000] [id=20200]
  0x0000020fa8ac2780 ConcurrentGCThread "G1 Service" [stack: 0x0000008d8e900000,0x0000008d8ea00000] [id=3744]

Threads with active compile tasks:
C2 CompilerThread0   106536 1948       4       org.gradle.internal.logging.text.AbstractLineChoppingStyledTextOutput$1::execute (9 bytes)

VM state: not at safepoint (normal execution)

VM Mutex/Monitor currently owned by a thread: None

Heap address: 0x00000000fc000000, size: 64 MB, Compressed Oops mode: 32-bit

CDS archive(s) mapped at: [0x0000020fa9000000-0x0000020fa9bb0000-0x0000020fa9bb0000), size 12255232, SharedBaseAddress: 0x0000020fa9000000, ArchiveRelocationMode: 1.
Compressed class space mapped at: 0x0000020faa000000-0x0000020fea000000, reserved size: 1073741824
Narrow klass base: 0x0000020fa9000000, Narrow klass shift: 0, Narrow klass range: 0x100000000

GC Precious Log:
 CPUs: 16 total, 16 available
 Memory: 5989M
 Large Page Support: Disabled
 NUMA Support: Disabled
 Compressed Oops: Enabled (32-bit)
 Heap Region Size: 1M
 Heap Min Capacity: 64M
 Heap Initial Capacity: 64M
 Heap Max Capacity: 64M
 Pre-touch: Disabled
 Parallel Workers: 13
 Concurrent Workers: 3
 Concurrent Refinement Workers: 13
 Periodic GC: Disabled

Heap:
 garbage-first heap   total 65536K, used 19794K [0x00000000fc000000, 0x0000000100000000)
  region size 1024K, 10 young (10240K), 2 survivors (2048K)
 Metaspace       used 9761K, committed 10048K, reserved 1114112K
  class space    used 1273K, committed 1408K, reserved 1048576K

Heap Regions: E=young(eden), S=young(survivor), O=old, HS=humongous(starts), HC=humongous(continues), CS=collection set, F=free, OA=open archive, CA=closed archive, TAMS=top-at-mark-start (previous, next)
|   0|0x00000000fc000000, 0x00000000fc100000, 0x00000000fc100000|100%|HS|  |TAMS 0x00000000fc000000, 0x00000000fc000000| Complete 
|   1|0x00000000fc100000, 0x00000000fc200000, 0x00000000fc200000|100%|HC|  |TAMS 0x00000000fc100000, 0x00000000fc100000| Complete 
|   2|0x00000000fc200000, 0x00000000fc300000, 0x00000000fc300000|100%|HC|  |TAMS 0x00000000fc200000, 0x00000000fc200000| Complete 
|   3|0x00000000fc300000, 0x00000000fc400000, 0x00000000fc400000|100%|HC|  |TAMS 0x00000000fc300000, 0x00000000fc300000| Complete 
|   4|0x00000000fc400000, 0x00000000fc500000, 0x00000000fc500000|100%| O|  |TAMS 0x00000000fc400000, 0x00000000fc400000| Untracked 
|   5|0x00000000fc500000, 0x00000000fc600000, 0x00000000fc600000|100%| O|  |TAMS 0x00000000fc500000, 0x00000000fc500000| Untracked 
|   6|0x00000000fc600000, 0x00000000fc700000, 0x00000000fc700000|100%| O|  |TAMS 0x00000000fc600000, 0x00000000fc600000| Untracked 
|   7|0x00000000fc700000, 0x00000000fc800000, 0x00000000fc800000|100%| O|  |TAMS 0x00000000fc700000, 0x00000000fc700000| Untracked 
|   8|0x00000000fc800000, 0x00000000fc900000, 0x00000000fc900000|100%| O|  |TAMS 0x00000000fc800000, 0x00000000fc800000| Untracked 
|   9|0x00000000fc900000, 0x00000000fca00000, 0x00000000fca00000|100%| O|  |TAMS 0x00000000fc900000, 0x00000000fc900000| Untracked 
|  10|0x00000000fca00000, 0x00000000fcabd000, 0x00000000fcb00000| 73%| O|  |TAMS 0x00000000fca00000, 0x00000000fca00000| Untracked 
|  11|0x00000000fcb00000, 0x00000000fcb00000, 0x00000000fcc00000|  0%| F|  |TAMS 0x00000000fcb00000, 0x00000000fcb00000| Untracked 
|  12|0x00000000fcc00000, 0x00000000fcc00000, 0x00000000fcd00000|  0%| F|  |TAMS 0x00000000fcc00000, 0x00000000fcc00000| Untracked 
|  13|0x00000000fcd00000, 0x00000000fcd00000, 0x00000000fce00000|  0%| F|  |TAMS 0x00000000fcd00000, 0x00000000fcd00000| Untracked 
|  14|0x00000000fce00000, 0x00000000fce00000, 0x00000000fcf00000|  0%| F|  |TAMS 0x00000000fce00000, 0x00000000fce00000| Untracked 
|  15|0x00000000fcf00000, 0x00000000fcf00000, 0x00000000fd000000|  0%| F|  |TAMS 0x00000000fcf00000, 0x00000000fcf00000| Untracked 
|  16|0x00000000fd000000, 0x00000000fd000000, 0x00000000fd100000|  0%| F|  |TAMS 0x00000000fd000000, 0x00000000fd000000| Untracked 
|  17|0x00000000fd100000, 0x00000000fd100000, 0x00000000fd200000|  0%| F|  |TAMS 0x00000000fd100000, 0x00000000fd100000| Untracked 
|  18|0x00000000fd200000, 0x00000000fd200000, 0x00000000fd300000|  0%| F|  |TAMS 0x00000000fd200000, 0x00000000fd200000| Untracked 
|  19|0x00000000fd300000, 0x00000000fd300000, 0x00000000fd400000|  0%| F|  |TAMS 0x00000000fd300000, 0x00000000fd300000| Untracked 
|  20|0x00000000fd400000, 0x00000000fd400000, 0x00000000fd500000|  0%| F|  |TAMS 0x00000000fd400000, 0x00000000fd400000| Untracked 
|  21|0x00000000fd500000, 0x00000000fd500000, 0x00000000fd600000|  0%| F|  |TAMS 0x00000000fd500000, 0x00000000fd500000| Untracked 
|  22|0x00000000fd600000, 0x00000000fd600000, 0x00000000fd700000|  0%| F|  |TAMS 0x00000000fd600000, 0x00000000fd600000| Untracked 
|  23|0x00000000fd700000, 0x00000000fd700000, 0x00000000fd800000|  0%| F|  |TAMS 0x00000000fd700000, 0x00000000fd700000| Untracked 
|  24|0x00000000fd800000, 0x00000000fd800000, 0x00000000fd900000|  0%| F|  |TAMS 0x00000000fd800000, 0x00000000fd800000| Untracked 
|  25|0x00000000fd900000, 0x00000000fd900000, 0x00000000fda00000|  0%| F|  |TAMS 0x00000000fd900000, 0x00000000fd900000| Untracked 
|  26|0x00000000fda00000, 0x00000000fda00000, 0x00000000fdb00000|  0%| F|  |TAMS 0x00000000fda00000, 0x00000000fda00000| Untracked 
|  27|0x00000000fdb00000, 0x00000000fdb00000, 0x00000000fdc00000|  0%| F|  |TAMS 0x00000000fdb00000, 0x00000000fdb00000| Untracked 
|  28|0x00000000fdc00000, 0x00000000fdc00000, 0x00000000fdd00000|  0%| F|  |TAMS 0x00000000fdc00000, 0x00000000fdc00000| Untracked 
|  29|0x00000000fdd00000, 0x00000000fdd00000, 0x00000000fde00000|  0%| F|  |TAMS 0x00000000fdd00000, 0x00000000fdd00000| Untracked 
|  30|0x00000000fde00000, 0x00000000fde00000, 0x00000000fdf00000|  0%| F|  |TAMS 0x00000000fde00000, 0x00000000fde00000| Untracked 
|  31|0x00000000fdf00000, 0x00000000fdf00000, 0x00000000fe000000|  0%| F|  |TAMS 0x00000000fdf00000, 0x00000000fdf00000| Untracked 
|  32|0x00000000fe000000, 0x00000000fe000000, 0x00000000fe100000|  0%| F|  |TAMS 0x00000000fe000000, 0x00000000fe000000| Untracked 
|  33|0x00000000fe100000, 0x00000000fe100000, 0x00000000fe200000|  0%| F|  |TAMS 0x00000000fe100000, 0x00000000fe100000| Untracked 
|  34|0x00000000fe200000, 0x00000000fe200000, 0x00000000fe300000|  0%| F|  |TAMS 0x00000000fe200000, 0x00000000fe200000| Untracked 
|  35|0x00000000fe300000, 0x00000000fe300000, 0x00000000fe400000|  0%| F|  |TAMS 0x00000000fe300000, 0x00000000fe300000| Untracked 
|  36|0x00000000fe400000, 0x00000000fe400000, 0x00000000fe500000|  0%| F|  |TAMS 0x00000000fe400000, 0x00000000fe400000| Untracked 
|  37|0x00000000fe500000, 0x00000000fe597938, 0x00000000fe600000| 59%| S|CS|TAMS 0x00000000fe500000, 0x00000000fe500000| Complete 
|  38|0x00000000fe600000, 0x00000000fe600000, 0x00000000fe700000|  0%| F|  |TAMS 0x00000000fe600000, 0x00000000fe600000| Untracked 
|  39|0x00000000fe700000, 0x00000000fe700000, 0x00000000fe800000|  0%| F|  |TAMS 0x00000000fe700000, 0x00000000fe700000| Untracked 
|  40|0x00000000fe800000, 0x00000000fe800000, 0x00000000fe900000|  0%| F|  |TAMS 0x00000000fe800000, 0x00000000fe800000| Untracked 
|  41|0x00000000fe900000, 0x00000000fea00000, 0x00000000fea00000|100%| S|CS|TAMS 0x00000000fe900000, 0x00000000fe900000| Complete 
|  42|0x00000000fea00000, 0x00000000fea00000, 0x00000000feb00000|  0%| F|  |TAMS 0x00000000fea00000, 0x00000000fea00000| Untracked 
|  43|0x00000000feb00000, 0x00000000feb00000, 0x00000000fec00000|  0%| F|  |TAMS 0x00000000feb00000, 0x00000000feb00000| Untracked 
|  44|0x00000000fec00000, 0x00000000fec00000, 0x00000000fed00000|  0%| F|  |TAMS 0x00000000fec00000, 0x00000000fec00000| Untracked 
|  45|0x00000000fed00000, 0x00000000fed00000, 0x00000000fee00000|  0%| F|  |TAMS 0x00000000fed00000, 0x00000000fed00000| Untracked 
|  46|0x00000000fee00000, 0x00000000fee00000, 0x00000000fef00000|  0%| F|  |TAMS 0x00000000fee00000, 0x00000000fee00000| Untracked 
|  47|0x00000000fef00000, 0x00000000fef00000, 0x00000000ff000000|  0%| F|  |TAMS 0x00000000fef00000, 0x00000000fef00000| Untracked 
|  48|0x00000000ff000000, 0x00000000ff000000, 0x00000000ff100000|  0%| F|  |TAMS 0x00000000ff000000, 0x00000000ff000000| Untracked 
|  49|0x00000000ff100000, 0x00000000ff100000, 0x00000000ff200000|  0%| F|  |TAMS 0x00000000ff100000, 0x00000000ff100000| Untracked 
|  50|0x00000000ff200000, 0x00000000ff200000, 0x00000000ff300000|  0%| F|  |TAMS 0x00000000ff200000, 0x00000000ff200000| Untracked 
|  51|0x00000000ff300000, 0x00000000ff300000, 0x00000000ff400000|  0%| F|  |TAMS 0x00000000ff300000, 0x00000000ff300000| Untracked 
|  52|0x00000000ff400000, 0x00000000ff400000, 0x00000000ff500000|  0%| F|  |TAMS 0x00000000ff400000, 0x00000000ff400000| Untracked 
|  53|0x00000000ff500000, 0x00000000ff500000, 0x00000000ff600000|  0%| F|  |TAMS 0x00000000ff500000, 0x00000000ff500000| Untracked 
|  54|0x00000000ff600000, 0x00000000ff600000, 0x00000000ff700000|  0%| F|  |TAMS 0x00000000ff600000, 0x00000000ff600000| Untracked 
|  55|0x00000000ff700000, 0x00000000ff700000, 0x00000000ff800000|  0%| F|  |TAMS 0x00000000ff700000, 0x00000000ff700000| Untracked 
|  56|0x00000000ff800000, 0x00000000ff852498, 0x00000000ff900000| 32%| E|  |TAMS 0x00000000ff800000, 0x00000000ff800000| Complete 
|  57|0x00000000ff900000, 0x00000000ffa00000, 0x00000000ffa00000|100%| E|CS|TAMS 0x00000000ff900000, 0x00000000ff900000| Complete 
|  58|0x00000000ffa00000, 0x00000000ffb00000, 0x00000000ffb00000|100%| E|CS|TAMS 0x00000000ffa00000, 0x00000000ffa00000| Complete 
|  59|0x00000000ffb00000, 0x00000000ffc00000, 0x00000000ffc00000|100%| E|CS|TAMS 0x00000000ffb00000, 0x00000000ffb00000| Complete 
|  60|0x00000000ffc00000, 0x00000000ffd00000, 0x00000000ffd00000|100%| E|CS|TAMS 0x00000000ffc00000, 0x00000000ffc00000| Complete 
|  61|0x00000000ffd00000, 0x00000000ffe00000, 0x00000000ffe00000|100%| E|CS|TAMS 0x00000000ffd00000, 0x00000000ffd00000| Complete 
|  62|0x00000000ffe00000, 0x00000000fff00000, 0x00000000fff00000|100%| E|CS|TAMS 0x00000000ffe00000, 0x00000000ffe00000| Complete 
|  63|0x00000000fff00000, 0x0000000100000000, 0x0000000100000000|100%| E|CS|TAMS 0x00000000fff00000, 0x00000000fff00000| Complete 

Card table byte_map: [0x0000020f8c580000,0x0000020f8c5a0000] _byte_map_base: 0x0000020f8bda0000

Marking Bits (Prev, Next): (CMBitMap*) 0x0000020f8e746580, (CMBitMap*) 0x0000020f8e7465c0
 Prev Bits: [0x0000020fa5ad0000, 0x0000020fa5bd0000)
 Next Bits: [0x0000020fa5bd0000, 0x0000020fa5cd0000)

Polling page: 0x0000020f8c530000

Metaspace:

Usage:
  Non-class:      8.29 MB used.
      Class:      1.24 MB used.
       Both:      9.53 MB used.

Virtual space:
  Non-class space:       64.00 MB reserved,       8.44 MB ( 13%) committed,  1 nodes.
      Class space:        1.00 GB reserved,       1.38 MB ( <1%) committed,  1 nodes.
             Both:        1.06 GB reserved,       9.81 MB ( <1%) committed. 

Chunk freelists:
   Non-Class:  7.36 MB
       Class:  14.54 MB
        Both:  21.90 MB

MaxMetaspaceSize: unlimited
CompressedClassSpaceSize: 1.00 GB
Initial GC threshold: 21.00 MB
Current GC threshold: 21.00 MB
CDS: on
MetaspaceReclaimPolicy: balanced
 - commit_granule_bytes: 65536.
 - commit_granule_words: 8192.
 - virtual_space_node_default_size: 8388608.
 - enlarge_chunks_in_place: 1.
 - new_chunks_are_fully_committed: 0.
 - uncommit_free_chunks: 1.
 - use_allocation_guard: 0.
 - handle_deallocations: 1.


Internal statistics:

num_allocs_failed_limit: 0.
num_arena_births: 80.
num_arena_deaths: 0.
num_vsnodes_births: 2.
num_vsnodes_deaths: 0.
num_space_committed: 157.
num_space_uncommitted: 0.
num_chunks_returned_to_freelist: 0.
num_chunks_taken_from_freelist: 343.
num_chunk_merges: 0.
num_chunk_splits: 239.
num_chunks_enlarged: 195.
num_inconsistent_stats: 0.

CodeHeap 'non-profiled nmethods': size=119168Kb used=835Kb max_used=835Kb free=118332Kb
 bounds [0x0000020f9ddf0000, 0x0000020f9e060000, 0x0000020fa5250000]
CodeHeap 'profiled nmethods': size=119104Kb used=3688Kb max_used=3688Kb free=115416Kb
 bounds [0x0000020f96250000, 0x0000020f965f0000, 0x0000020f9d6a0000]
CodeHeap 'non-nmethods': size=7488Kb used=1173Kb max_used=2878Kb free=6314Kb
 bounds [0x0000020f9d6a0000, 0x0000020f9d980000, 0x0000020f9ddf0000]
 total_blobs=2419 nmethods=1949 adapters=383
 compilation: enabled
              stopped_count=0, restarted_count=0
 full_count=0

Compilation events (20 events):
Event: 101.463 Thread 0x0000020fa8c1f580 nmethod 1940 0x0000020f965e8190 code [0x0000020f965e8340, 0x0000020f965e85a8]
Event: 101.463 Thread 0x0000020fa8c1f580 1941       1       org.gradle.internal.logging.console.DefaultAnsiExecutor::access$300 (5 bytes)
Event: 101.463 Thread 0x0000020fa8c1f580 nmethod 1941 0x0000020f9debfc90 code [0x0000020f9debfe20, 0x0000020f9debfed8]
Event: 102.255 Thread 0x0000020fa8c1c7b0 1942       4       java.io.OutputStream::flush (1 bytes)
Event: 102.255 Thread 0x0000020fa8c1c7b0 nmethod 1942 0x0000020f9debff90 code [0x0000020f9dec0100, 0x0000020f9dec0178]
Event: 103.259 Thread 0x0000020fa8c1c7b0 1943       4       java.lang.Thread::interrupted (23 bytes)
Event: 103.262 Thread 0x0000020fa8c1c7b0 nmethod 1943 0x0000020f9dec0290 code [0x0000020f9dec0400, 0x0000020f9dec0478]
Event: 103.456 Thread 0x0000020fa8c1f580 1944       3       org.gradle.internal.logging.text.AbstractStyledTextOutput::text (19 bytes)
Event: 103.457 Thread 0x0000020fa8c1f580 nmethod 1944 0x0000020f965e8690 code [0x0000020f965e8840, 0x0000020f965e8b38]
Event: 103.457 Thread 0x0000020fa8c1f580 1945       3       java.util.Arrays::copyOf (19 bytes)
Event: 103.460 Thread 0x0000020fa8c1f580 nmethod 1945 0x0000020f965e8c90 code [0x0000020f965e8e40, 0x0000020f965e9128]
Event: 103.460 Thread 0x0000020fa8c1f580 1946       3       org.gradle.internal.logging.text.AbstractLineChoppingStyledTextOutput$SeenFromEol::<init> (20 bytes)
Event: 103.460 Thread 0x0000020fa8c1f580 nmethod 1946 0x0000020f965e9290 code [0x0000020f965e9440, 0x0000020f965e9658]
Event: 104.402 Thread 0x0000020fa8c1c7b0 1947       4       java.util.HashSet::contains (9 bytes)
Event: 104.414 Thread 0x0000020fa8c1c7b0 nmethod 1947 0x0000020f9dec0590 code [0x0000020f9dec0740, 0x0000020f9dec0a58]
Event: 104.465 Thread 0x0000020fa8c1c7b0 1948       4       org.gradle.internal.logging.text.AbstractLineChoppingStyledTextOutput$1::execute (9 bytes)
Event: 105.963 Thread 0x0000020fa8c1f580 1951       3       com.google.common.base.Preconditions::checkPositionIndex (8 bytes)
Event: 105.963 Thread 0x0000020fa8c1f580 nmethod 1951 0x0000020f965e9710 code [0x0000020f965e98a0, 0x0000020f965e99c8]
Event: 105.963 Thread 0x0000020fa8c1f580 1952       3       com.google.common.base.Preconditions::checkPositionIndex (25 bytes)
Event: 105.964 Thread 0x0000020fa8c1f580 nmethod 1952 0x0000020f965e9a90 code [0x0000020f965e9c40, 0x0000020f965e9eb8]

GC Heap History (4 events):
Event: 0.802 GC heap before
{Heap before GC invocations=0 (full 0):
 garbage-first heap   total 65536K, used 26624K [0x00000000fc000000, 0x0000000100000000)
  region size 1024K, 23 young (23552K), 0 survivors (0K)
 Metaspace       used 2533K, committed 2752K, reserved 1114112K
  class space    used 261K, committed 384K, reserved 1048576K
}
Event: 0.812 GC heap after
{Heap after GC invocations=1 (full 0):
 garbage-first heap   total 65536K, used 10968K [0x00000000fc000000, 0x0000000100000000)
  region size 1024K, 3 young (3072K), 3 survivors (3072K)
 Metaspace       used 2533K, committed 2752K, reserved 1114112K
  class space    used 261K, committed 384K, reserved 1048576K
}
Event: 1.637 GC heap before
{Heap before GC invocations=1 (full 0):
 garbage-first heap   total 65536K, used 33496K [0x00000000fc000000, 0x0000000100000000)
  region size 1024K, 25 young (25600K), 3 survivors (3072K)
 Metaspace       used 8664K, committed 8896K, reserved 1114112K
  class space    used 1171K, committed 1280K, reserved 1048576K
}
Event: 1.642 GC heap after
{Heap after GC invocations=2 (full 0):
 garbage-first heap   total 65536K, used 12626K [0x00000000fc000000, 0x0000000100000000)
  region size 1024K, 2 young (2048K), 2 survivors (2048K)
 Metaspace       used 8664K, committed 8896K, reserved 1114112K
  class space    used 1171K, committed 1280K, reserved 1048576K
}

Dll operation events (13 events):
Event: 0.013 Loaded shared library C:\Program Files\Microsoft\jdk-17.0.12.7-hotspot\bin\java.dll
Event: 0.034 Loaded shared library C:\Program Files\Microsoft\jdk-17.0.12.7-hotspot\bin\jsvml.dll
Event: 0.062 Loaded shared library C:\Program Files\Microsoft\jdk-17.0.12.7-hotspot\bin\net.dll
Event: 0.065 Loaded shared library C:\Program Files\Microsoft\jdk-17.0.12.7-hotspot\bin\nio.dll
Event: 0.067 Loaded shared library C:\Program Files\Microsoft\jdk-17.0.12.7-hotspot\bin\zip.dll
Event: 0.071 Loaded shared library C:\Program Files\Microsoft\jdk-17.0.12.7-hotspot\bin\verify.dll
Event: 0.533 Loaded shared library C:\Program Files\Microsoft\jdk-17.0.12.7-hotspot\bin\jimage.dll
Event: 1.011 Loaded shared library C:\Users\moham\.gradle\native\c067742578af261105cb4f569cf0c3c89f3d7b1fecec35dd04571415982c5e48\windows-amd64\native-platform.dll
Event: 1.032 Loaded shared library C:\Users\moham\.gradle\native\jansi\1.18\windows64\jansi.dll
Event: 1.196 Loaded shared library C:\Program Files\Microsoft\jdk-17.0.12.7-hotspot\bin\management.dll
Event: 1.199 Loaded shared library C:\Program Files\Microsoft\jdk-17.0.12.7-hotspot\bin\management_ext.dll
Event: 1.574 Loaded shared library C:\Program Files\Microsoft\jdk-17.0.12.7-hotspot\bin\extnet.dll
Event: 1.661 Loaded shared library C:\Program Files\Microsoft\jdk-17.0.12.7-hotspot\bin\sunmscapi.dll

Deoptimization events (20 events):
Event: 31.177 Thread 0x0000020f8e723190 DEOPT PACKING pc=0x0000020f9de94f24 sp=0x0000008d8e4fc280
Event: 31.177 Thread 0x0000020f8e723190 DEOPT UNPACKING pc=0x0000020f9d6f69a3 sp=0x0000008d8e4fc218 mode 2
Event: 31.211 Thread 0x0000020f8e723190 DEOPT PACKING pc=0x0000020f965a0535 sp=0x0000008d8e4fc280
Event: 31.211 Thread 0x0000020f8e723190 DEOPT UNPACKING pc=0x0000020f9d6f7143 sp=0x0000008d8e4fb718 mode 0
Event: 32.255 Thread 0x0000020f8e723190 DEOPT PACKING pc=0x0000020f965a0535 sp=0x0000008d8e4fc280
Event: 32.255 Thread 0x0000020f8e723190 DEOPT UNPACKING pc=0x0000020f9d6f7143 sp=0x0000008d8e4fb718 mode 0
Event: 32.895 Thread 0x0000020f8e723190 DEOPT PACKING pc=0x0000020f965a0535 sp=0x0000008d8e4fc280
Event: 32.895 Thread 0x0000020f8e723190 DEOPT UNPACKING pc=0x0000020f9d6f7143 sp=0x0000008d8e4fb718 mode 0
Event: 45.563 Thread 0x0000020feef6e540 Uncommon trap: trap_request=0xffffff45 fr.pc=0x0000020f9de8c938 relative=0x0000000000000538
Event: 45.563 Thread 0x0000020feef6e540 Uncommon trap: reason=unstable_if action=reinterpret pc=0x0000020f9de8c938 method=org.gradle.internal.logging.text.AbstractLineChoppingStyledTextOutput$2.execute(Lorg/gradle/internal/logging/text/AbstractLineChoppingStyledTextOutput$StateContext;)V @ 34 c
Event: 45.563 Thread 0x0000020feef6e540 DEOPT PACKING pc=0x0000020f9de8c938 sp=0x0000008d900fead0
Event: 45.563 Thread 0x0000020feef6e540 DEOPT UNPACKING pc=0x0000020f9d6f69a3 sp=0x0000008d900fe958 mode 2
Event: 45.563 Thread 0x0000020feef6e540 Uncommon trap: trap_request=0xffffff45 fr.pc=0x0000020f9de8d790 relative=0x0000000000000530
Event: 45.563 Thread 0x0000020feef6e540 Uncommon trap: reason=unstable_if action=reinterpret pc=0x0000020f9de8d790 method=org.gradle.internal.logging.text.AbstractLineChoppingStyledTextOutput$2.execute(Lorg/gradle/internal/logging/text/AbstractLineChoppingStyledTextOutput$StateContext;)V @ 34 c
Event: 45.563 Thread 0x0000020feef6e540 DEOPT PACKING pc=0x0000020f9de8d790 sp=0x0000008d900fe6d0
Event: 45.563 Thread 0x0000020feef6e540 DEOPT UNPACKING pc=0x0000020f9d6f69a3 sp=0x0000008d900fe5d0 mode 2
Event: 48.259 Thread 0x0000020feef6e540 Uncommon trap: trap_request=0xffffff45 fr.pc=0x0000020f9de8e3e8 relative=0x0000000000000388
Event: 48.259 Thread 0x0000020feef6e540 Uncommon trap: reason=unstable_if action=reinterpret pc=0x0000020f9de8e3e8 method=org.gradle.internal.logging.text.AbstractLineChoppingStyledTextOutput$2.execute(Lorg/gradle/internal/logging/text/AbstractLineChoppingStyledTextOutput$StateContext;)V @ 34 c
Event: 48.259 Thread 0x0000020feef6e540 DEOPT PACKING pc=0x0000020f9de8e3e8 sp=0x0000008d900fe9f0
Event: 48.259 Thread 0x0000020feef6e540 DEOPT UNPACKING pc=0x0000020f9d6f69a3 sp=0x0000008d900fe9b0 mode 2

Classes loaded (20 events):
Event: 3.121 Loading class jdk/internal/reflect/ByteVectorImpl
Event: 3.121 Loading class jdk/internal/reflect/ByteVector
Event: 3.121 Loading class jdk/internal/reflect/ByteVector done
Event: 3.121 Loading class jdk/internal/reflect/ByteVectorImpl done
Event: 3.121 Loading class jdk/internal/reflect/ClassFileAssembler
Event: 3.121 Loading class jdk/internal/reflect/ClassFileAssembler done
Event: 3.121 Loading class jdk/internal/reflect/UTF8
Event: 3.121 Loading class jdk/internal/reflect/UTF8 done
Event: 3.122 Loading class jdk/internal/reflect/Label
Event: 3.122 Loading class jdk/internal/reflect/Label done
Event: 3.122 Loading class jdk/internal/reflect/Label$PatchInfo
Event: 3.122 Loading class jdk/internal/reflect/Label$PatchInfo done
Event: 3.122 Loading class jdk/internal/reflect/MethodAccessorGenerator$1
Event: 3.122 Loading class jdk/internal/reflect/MethodAccessorGenerator$1 done
Event: 3.122 Loading class jdk/internal/reflect/ClassDefiner
Event: 3.122 Loading class jdk/internal/reflect/ClassDefiner done
Event: 3.122 Loading class jdk/internal/reflect/ClassDefiner$1
Event: 3.122 Loading class jdk/internal/reflect/ClassDefiner$1 done
Event: 7.977 Loading class java/util/ArrayList$ListItr
Event: 7.977 Loading class java/util/ArrayList$ListItr done

Classes unloaded (0 events):
No events

Classes redefined (0 events):
No events

Internal exceptions (20 events):
Event: 0.152 Thread 0x0000020f8e723190 Exception <a 'java/lang/NoSuchMethodError'{0x00000000ffc54b48}: 'int java.lang.invoke.DirectMethodHandle$Holder.invokeStaticInit(java.lang.Object, java.lang.Object)'> (0x00000000ffc54b48) 
thrown [s\src\hotspot\share\interpreter\linkResolver.cpp, line 759]
Event: 0.934 Thread 0x0000020f8e723190 Exception <a 'java/lang/NoSuchMethodError'{0x00000000ffb0a038}: 'void java.lang.invoke.DirectMethodHandle$Holder.invokeStatic(java.lang.Object, java.lang.Object)'> (0x00000000ffb0a038) 
thrown [s\src\hotspot\share\interpreter\linkResolver.cpp, line 759]
Event: 0.954 Thread 0x0000020f8e723190 Exception <a 'java/lang/NoClassDefFoundError'{0x00000000ffb9f3c8}: org/slf4j/impl/StaticMarkerBinder> (0x00000000ffb9f3c8) 
thrown [s\src\hotspot\share\classfile\systemDictionary.cpp, line 245]
Event: 0.972 Thread 0x0000020f8e723190 Exception <a 'java/lang/NoSuchMethodError'{0x00000000ffa10bc0}: 'java.lang.Object java.lang.invoke.DirectMethodHandle$Holder.invokeVirtual(java.lang.Object, java.lang.Object, java.lang.Object)'> (0x00000000ffa10bc0) 
thrown [s\src\hotspot\share\interpreter\linkResolver.cpp, line 759]
Event: 0.980 Thread 0x0000020f8e723190 Exception <a 'java/lang/NoSuchMethodError'{0x00000000ffa57570}: 'java.lang.Object java.lang.invoke.DirectMethodHandle$Holder.invokeVirtual(java.lang.Object, java.lang.Object, java.lang.Object, java.lang.Object, java.lang.Object, java.lang.Object, java.lang.Object)'> (0x00000000ffa57570) 
thrown [s\src\hotspot\share\interpreter\linkResolver.cpp, line 759]
Event: 0.983 Thread 0x0000020f8e723190 Exception <a 'java/lang/NoSuchMethodError'{0x00000000ffa68b98}: 'java.lang.Object java.lang.invoke.Invokers$Holder.invoker(java.lang.Object, java.lang.Object, java.lang.Object)'> (0x00000000ffa68b98) 
thrown [s\src\hotspot\share\interpreter\linkResolver.cpp, line 759]
Event: 0.984 Thread 0x0000020f8e723190 Exception <a 'java/lang/NoSuchMethodError'{0x00000000ffa975a0}: 'java.lang.Object java.lang.invoke.DirectMethodHandle$Holder.invokeStatic(java.lang.Object, java.lang.Object, int)'> (0x00000000ffa975a0) 
thrown [s\src\hotspot\share\interpreter\linkResolver.cpp, line 759]
Event: 0.985 Thread 0x0000020f8e723190 Exception <a 'java/lang/NoSuchMethodError'{0x00000000ffaa3290}: 'void java.lang.invoke.DelegatingMethodHandle$Holder.delegate(java.lang.Object, java.lang.Object, int, java.lang.Object)'> (0x00000000ffaa3290) 
thrown [s\src\hotspot\share\interpreter\linkResolver.cpp, line 759]
Event: 0.986 Thread 0x0000020f8e723190 Exception <a 'java/lang/NoSuchMethodError'{0x00000000ffaa73d8}: 'int java.lang.invoke.DirectMethodHandle$Holder.invokeSpecial(java.lang.Object, java.lang.Object, java.lang.Object)'> (0x00000000ffaa73d8) 
thrown [s\src\hotspot\share\interpreter\linkResolver.cpp, line 759]
Event: 0.989 Thread 0x0000020f8e723190 Exception <a 'java/lang/NoSuchMethodError'{0x00000000ffaba520}: 'java.lang.Object java.lang.invoke.Invokers$Holder.invokeExact_MT(java.lang.Object, java.lang.Object, java.lang.Object, java.lang.Object)'> (0x00000000ffaba520) 
thrown [s\src\hotspot\share\interpreter\linkResolver.cpp, line 759]
Event: 1.159 Thread 0x0000020f8e723190 Exception <a 'java/lang/NoSuchMethodError'{0x00000000ff35b580}: 'void java.lang.invoke.DirectMethodHandle$Holder.invokeSpecial(java.lang.Object, java.lang.Object, java.lang.Object)'> (0x00000000ff35b580) 
thrown [s\src\hotspot\share\interpreter\linkResolver.cpp, line 759]
Event: 1.171 Thread 0x0000020f8e723190 Implicit null exception at 0x0000020f9de4c431 to 0x0000020f9de4c87c
Event: 1.171 Thread 0x0000020f8e723190 Implicit null exception at 0x0000020f9de3a7ac to 0x0000020f9de3abd8
Event: 1.194 Thread 0x0000020f8e723190 Exception <a 'java/lang/NoSuchMethodError'{0x00000000ff11dda8}: 'java.lang.Object java.lang.invoke.DirectMethodHandle$Holder.invokeStaticInit(java.lang.Object)'> (0x00000000ff11dda8) 
thrown [s\src\hotspot\share\interpreter\linkResolver.cpp, line 759]
Event: 1.217 Thread 0x0000020f8e723190 Exception <a 'java/lang/NoSuchMethodError'{0x00000000ff1b3058}: 'int java.lang.invoke.DirectMethodHandle$Holder.invokeVirtual(java.lang.Object, java.lang.Object, java.lang.Object)'> (0x00000000ff1b3058) 
thrown [s\src\hotspot\share\interpreter\linkResolver.cpp, line 759]
Event: 1.304 Thread 0x0000020f8e723190 Exception <a 'java/lang/NoSuchMethodError'{0x00000000fec65120}: 'java.lang.Object java.lang.invoke.DirectMethodHandle$Holder.invokeStaticInit(java.lang.Object, int, int, int, int)'> (0x00000000fec65120) 
thrown [s\src\hotspot\share\interpreter\linkResolver.cpp, line 759]
Event: 1.471 Thread 0x0000020f8e723190 Exception <a 'java/lang/NoSuchMethodError'{0x00000000feb45c60}: 'java.lang.Object java.lang.invoke.DirectMethodHandle$Holder.invokeStaticInit(java.lang.Object, java.lang.Object, int, int, int, int)'> (0x00000000feb45c60) 
thrown [s\src\hotspot\share\interpreter\linkResolver.cpp, line 759]
Event: 1.576 Thread 0x0000020f8e723190 Exception <a 'java/lang/NoSuchMethodError'{0x00000000feb770f0}: 'void java.lang.invoke.DirectMethodHandle$Holder.invokeStatic(java.lang.Object, java.lang.Object, java.lang.Object)'> (0x00000000feb770f0) 
thrown [s\src\hotspot\share\interpreter\linkResolver.cpp, line 759]
Event: 1.598 Thread 0x0000020f8e723190 Implicit null exception at 0x0000020f9de2c572 to 0x0000020f9de2cb40
Event: 1.600 Thread 0x0000020f8e723190 Implicit null exception at 0x0000020f9de318f2 to 0x0000020f9de31ed0

VM Operations (20 events):
Event: 38.213 Executing VM operation: Cleanup
Event: 38.213 Executing VM operation: Cleanup done
Event: 40.241 Executing VM operation: Cleanup
Event: 40.242 Executing VM operation: Cleanup done
Event: 46.305 Executing VM operation: Cleanup
Event: 46.305 Executing VM operation: Cleanup done
Event: 48.322 Executing VM operation: Cleanup
Event: 48.322 Executing VM operation: Cleanup done
Event: 51.353 Executing VM operation: Cleanup
Event: 51.353 Executing VM operation: Cleanup done
Event: 60.261 Executing VM operation: HandshakeAllThreads
Event: 60.261 Executing VM operation: HandshakeAllThreads done
Event: 95.568 Executing VM operation: Cleanup
Event: 95.570 Executing VM operation: Cleanup done
Event: 97.590 Executing VM operation: Cleanup
Event: 97.590 Executing VM operation: Cleanup done
Event: 102.626 Executing VM operation: Cleanup
Event: 102.626 Executing VM operation: Cleanup done
Event: 105.664 Executing VM operation: Cleanup
Event: 105.664 Executing VM operation: Cleanup done

Events (20 events):
Event: 1.574 Thread 0x0000020fee3a7600 Thread exited: 0x0000020fee3a7600
Event: 1.766 Thread 0x0000020fef330a30 Thread added: 0x0000020fef330a30
Event: 1.769 Thread 0x0000020fef331820 Thread added: 0x0000020fef331820
Event: 2.359 Thread 0x0000020fef19c5b0 Thread exited: 0x0000020fef19c5b0
Event: 2.359 Thread 0x0000020feefa9140 Thread exited: 0x0000020feefa9140
Event: 5.672 Thread 0x0000020fee043c90 Thread exited: 0x0000020fee043c90
Event: 7.970 Thread 0x0000020feebe0a60 Thread added: 0x0000020feebe0a60
Event: 7.970 Thread 0x0000020feebe0f80 Thread added: 0x0000020feebe0f80
Event: 11.261 Thread 0x0000020feebe0f80 Thread exited: 0x0000020feebe0f80
Event: 13.565 Thread 0x0000020feebe0a60 Thread exited: 0x0000020feebe0a60
Event: 35.431 Thread 0x0000020feef518a0 Thread added: 0x0000020feef518a0
Event: 35.442 Thread 0x0000020feebca240 Thread added: 0x0000020feebca240
Event: 35.760 Thread 0x0000020feebca240 Thread exited: 0x0000020feebca240
Event: 35.760 Thread 0x0000020feef518a0 Thread exited: 0x0000020feef518a0
Event: 39.358 Thread 0x0000020fee5d4860 Thread added: 0x0000020fee5d4860
Event: 39.465 Thread 0x0000020fee5d4d80 Thread added: 0x0000020fee5d4d80
Event: 39.465 Thread 0x0000020fee5d52a0 Thread added: 0x0000020fee5d52a0
Event: 41.155 Thread 0x0000020fee5d52a0 Thread exited: 0x0000020fee5d52a0
Event: 41.264 Thread 0x0000020fee5d4d80 Thread exited: 0x0000020fee5d4d80
Event: 41.264 Thread 0x0000020fee5d4860 Thread exited: 0x0000020fee5d4860


Dynamic libraries:
0x00007ff7c9c80000 - 0x00007ff7c9c8e000 	C:\Program Files\Microsoft\jdk-17.0.12.7-hotspot\bin\java.exe
0x00007ffdbcb40000 - 0x00007ffdbcda5000 	C:\WINDOWS\SYSTEM32\ntdll.dll
0x00007ffdbb230000 - 0x00007ffdbb2f9000 	C:\WINDOWS\System32\KERNEL32.DLL
0x00007ffdba0d0000 - 0x00007ffdba4b8000 	C:\WINDOWS\System32\KERNELBASE.dll
0x00007ffdba6f0000 - 0x00007ffdba83b000 	C:\WINDOWS\System32\ucrtbase.dll
0x00007ffd762a0000 - 0x00007ffd762b7000 	C:\Program Files\Microsoft\jdk-17.0.12.7-hotspot\bin\jli.dll
0x00007ffdbc600000 - 0x00007ffdbc7ca000 	C:\WINDOWS\System32\USER32.dll
0x00007ffd76280000 - 0x00007ffd7629d000 	C:\Program Files\Microsoft\jdk-17.0.12.7-hotspot\bin\VCRUNTIME140.dll
0x00007ffdb9e10000 - 0x00007ffdb9e37000 	C:\WINDOWS\System32\win32u.dll
0x00007ffdbc5d0000 - 0x00007ffdbc5fb000 	C:\WINDOWS\System32\GDI32.dll
0x00007ffda2ad0000 - 0x00007ffda2d6a000 	C:\WINDOWS\WinSxS\amd64_microsoft.windows.common-controls_6595b64144ccf1df_6.0.26100.4202_none_3e0698d4e335f517\COMCTL32.dll
0x00007ffdb9f90000 - 0x00007ffdba0c7000 	C:\WINDOWS\System32\gdi32full.dll
0x00007ffdba4c0000 - 0x00007ffdba563000 	C:\WINDOWS\System32\msvcp_win.dll
0x00007ffdbc8d0000 - 0x00007ffdbc979000 	C:\WINDOWS\System32\msvcrt.dll
0x00007ffdbb1f0000 - 0x00007ffdbb220000 	C:\WINDOWS\System32\IMM32.DLL
0x00007ffdada70000 - 0x00007ffdada7c000 	C:\Program Files\Microsoft\jdk-17.0.12.7-hotspot\bin\vcruntime140_1.dll
0x00007ffd48790000 - 0x00007ffd4881d000 	C:\Program Files\Microsoft\jdk-17.0.12.7-hotspot\bin\msvcp140.dll
0x00007ffd22e00000 - 0x00007ffd23a70000 	C:\Program Files\Microsoft\jdk-17.0.12.7-hotspot\bin\server\jvm.dll
0x00007ffdbb380000 - 0x00007ffdbb433000 	C:\WINDOWS\System32\ADVAPI32.dll
0x00007ffdbc490000 - 0x00007ffdbc536000 	C:\WINDOWS\System32\sechost.dll
0x00007ffdbb440000 - 0x00007ffdbb555000 	C:\WINDOWS\System32\RPCRT4.dll
0x00007ffdbb300000 - 0x00007ffdbb374000 	C:\WINDOWS\System32\WS2_32.dll
0x00007ffdb1910000 - 0x00007ffdb1945000 	C:\WINDOWS\SYSTEM32\WINMM.dll
0x00007ffdb2570000 - 0x00007ffdb257b000 	C:\WINDOWS\SYSTEM32\VERSION.dll
0x00007ffdb9ae0000 - 0x00007ffdb9b3e000 	C:\WINDOWS\SYSTEM32\POWRPROF.dll
0x00007ffdb9a10000 - 0x00007ffdb9a24000 	C:\WINDOWS\SYSTEM32\UMPDC.dll
0x00007ffdb89b0000 - 0x00007ffdb89cb000 	C:\WINDOWS\SYSTEM32\kernel.appcore.dll
0x00007ffd76270000 - 0x00007ffd7627a000 	C:\Program Files\Microsoft\jdk-17.0.12.7-hotspot\bin\jimage.dll
0x00007ffdb7670000 - 0x00007ffdb78b1000 	C:\WINDOWS\SYSTEM32\DBGHELP.DLL
0x00007ffdbb860000 - 0x00007ffdbbbe5000 	C:\WINDOWS\System32\combase.dll
0x00007ffdbc980000 - 0x00007ffdbca61000 	C:\WINDOWS\System32\OLEAUT32.dll
0x00007ffda1d90000 - 0x00007ffda1dc9000 	C:\WINDOWS\SYSTEM32\dbgcore.DLL
0x00007ffdba840000 - 0x00007ffdba8d9000 	C:\WINDOWS\System32\bcryptPrimitives.dll
0x00007ffd22dd0000 - 0x00007ffd22df5000 	C:\Program Files\Microsoft\jdk-17.0.12.7-hotspot\bin\java.dll
0x00007ffd22cf0000 - 0x00007ffd22dc7000 	C:\Program Files\Microsoft\jdk-17.0.12.7-hotspot\bin\jsvml.dll
0x00007ffdba960000 - 0x00007ffdbb0a2000 	C:\WINDOWS\System32\SHELL32.dll
0x00007ffdba570000 - 0x00007ffdba6e4000 	C:\WINDOWS\System32\wintypes.dll
0x00007ffdb78f0000 - 0x00007ffdb8148000 	C:\WINDOWS\SYSTEM32\windows.storage.dll
0x00007ffdbc7d0000 - 0x00007ffdbc8c1000 	C:\WINDOWS\System32\SHCORE.dll
0x00007ffdbb0b0000 - 0x00007ffdbb11a000 	C:\WINDOWS\System32\shlwapi.dll
0x00007ffdb9ba0000 - 0x00007ffdb9bcf000 	C:\WINDOWS\SYSTEM32\profapi.dll
0x00007ffd76250000 - 0x00007ffd7626a000 	C:\Program Files\Microsoft\jdk-17.0.12.7-hotspot\bin\net.dll
0x00007ffdaf140000 - 0x00007ffdaf25e000 	C:\WINDOWS\SYSTEM32\WINHTTP.dll
0x00007ffdb8fc0000 - 0x00007ffdb902a000 	C:\WINDOWS\system32\mswsock.dll
0x00007ffd22cd0000 - 0x00007ffd22ce6000 	C:\Program Files\Microsoft\jdk-17.0.12.7-hotspot\bin\nio.dll
0x00007ffd22cb0000 - 0x00007ffd22cc8000 	C:\Program Files\Microsoft\jdk-17.0.12.7-hotspot\bin\zip.dll
0x00007ffd48780000 - 0x00007ffd48790000 	C:\Program Files\Microsoft\jdk-17.0.12.7-hotspot\bin\verify.dll
0x00007ffd22ba0000 - 0x00007ffd22bc7000 	C:\Users\moham\.gradle\native\c067742578af261105cb4f569cf0c3c89f3d7b1fecec35dd04571415982c5e48\windows-amd64\native-platform.dll
0x00007ffdae610000 - 0x00007ffdae61a000 	C:\Users\moham\.gradle\native\jansi\1.18\windows64\jansi.dll
0x00007ffd22b90000 - 0x00007ffd22b9a000 	C:\Program Files\Microsoft\jdk-17.0.12.7-hotspot\bin\management.dll
0x00007ffd22b80000 - 0x00007ffd22b8b000 	C:\Program Files\Microsoft\jdk-17.0.12.7-hotspot\bin\management_ext.dll
0x00007ffdbcaf0000 - 0x00007ffdbcaf8000 	C:\WINDOWS\System32\PSAPI.DLL
0x00007ffdb9270000 - 0x00007ffdb928b000 	C:\WINDOWS\SYSTEM32\CRYPTSP.dll
0x00007ffdb89d0000 - 0x00007ffdb8a0a000 	C:\WINDOWS\system32\rsaenh.dll
0x00007ffdb9060000 - 0x00007ffdb908b000 	C:\WINDOWS\SYSTEM32\USERENV.dll
0x00007ffdb9b70000 - 0x00007ffdb9b96000 	C:\WINDOWS\SYSTEM32\bcrypt.dll
0x00007ffdb9290000 - 0x00007ffdb929c000 	C:\WINDOWS\SYSTEM32\CRYPTBASE.dll
0x00007ffdb8460000 - 0x00007ffdb8493000 	C:\WINDOWS\SYSTEM32\IPHLPAPI.DLL
0x00007ffdbc480000 - 0x00007ffdbc48a000 	C:\WINDOWS\System32\NSI.dll
0x00007ffdaec90000 - 0x00007ffdaecaf000 	C:\WINDOWS\SYSTEM32\dhcpcsvc6.DLL
0x00007ffdaeba0000 - 0x00007ffdaebc5000 	C:\WINDOWS\SYSTEM32\dhcpcsvc.DLL
0x00007ffdb84f0000 - 0x00007ffdb8617000 	C:\WINDOWS\SYSTEM32\DNSAPI.dll
0x00007ffd22b70000 - 0x00007ffd22b79000 	C:\Program Files\Microsoft\jdk-17.0.12.7-hotspot\bin\extnet.dll
0x00007ffd22a00000 - 0x00007ffd22a0e000 	C:\Program Files\Microsoft\jdk-17.0.12.7-hotspot\bin\sunmscapi.dll
0x00007ffdb9c90000 - 0x00007ffdb9e07000 	C:\WINDOWS\System32\CRYPT32.dll
0x00007ffdb9490000 - 0x00007ffdb94c0000 	C:\WINDOWS\SYSTEM32\ncrypt.dll
0x00007ffdb9440000 - 0x00007ffdb947f000 	C:\WINDOWS\SYSTEM32\NTASN1.dll
0x00007ffdade70000 - 0x00007ffdade78000 	C:\WINDOWS\system32\wshunix.dll

dbghelp: loaded successfully - version: 4.0.5 - missing functions: none
symbol engine: initialized successfully - sym options: 0x614 - pdb path: .;C:\Program Files\Microsoft\jdk-17.0.12.7-hotspot\bin;C:\WINDOWS\SYSTEM32;C:\WINDOWS\WinSxS\amd64_microsoft.windows.common-controls_6595b64144ccf1df_6.0.26100.4202_none_3e0698d4e335f517;C:\Program Files\Microsoft\jdk-17.0.12.7-hotspot\bin\server;C:\Users\moham\.gradle\native\c067742578af261105cb4f569cf0c3c89f3d7b1fecec35dd04571415982c5e48\windows-amd64;C:\Users\moham\.gradle\native\jansi\1.18\windows64

VM Arguments:
jvm_args: -Xmx64m -Xms64m -Dorg.gradle.appname=gradlew 
java_command: org.gradle.wrapper.GradleWrapperMain assemble release
java_class_path (initial): D:\Mobile_App-master\Mobile_app_klass\android\\gradle\wrapper\gradle-wrapper.jar
Launcher Type: SUN_STANDARD

[Global flags]
     intx CICompilerCount                          = 12                                        {product} {ergonomic}
     uint ConcGCThreads                            = 3                                         {product} {ergonomic}
     uint G1ConcRefinementThreads                  = 13                                        {product} {ergonomic}
   size_t G1HeapRegionSize                         = 1048576                                   {product} {ergonomic}
    uintx GCDrainStackTargetSize                   = 64                                        {product} {ergonomic}
   size_t InitialHeapSize                          = 67108864                                  {product} {command line}
   size_t MarkStackSize                            = 4194304                                   {product} {ergonomic}
   size_t MaxHeapSize                              = 67108864                                  {product} {command line}
   size_t MaxNewSize                               = 39845888                                  {product} {ergonomic}
   size_t MinHeapDeltaBytes                        = 1048576                                   {product} {ergonomic}
   size_t MinHeapSize                              = 67108864                                  {product} {command line}
    uintx NonNMethodCodeHeapSize                   = 7602480                                {pd product} {ergonomic}
    uintx NonProfiledCodeHeapSize                  = 122027880                              {pd product} {ergonomic}
    uintx ProfiledCodeHeapSize                     = 122027880                              {pd product} {ergonomic}
    uintx ReservedCodeCacheSize                    = 251658240                              {pd product} {ergonomic}
     bool SegmentedCodeCache                       = true                                      {product} {ergonomic}
   size_t SoftMaxHeapSize                          = 67108864                               {manageable} {ergonomic}
     bool UseCompressedClassPointers               = true                           {product lp64_product} {ergonomic}
     bool UseCompressedOops                        = true                           {product lp64_product} {ergonomic}
     bool UseG1GC                                  = true                                      {product} {ergonomic}
     bool UseLargePagesIndividualAllocation        = false                                  {pd product} {ergonomic}

Logging:
Log output configuration:
 #0: stdout all=warning uptime,level,tags
 #1: stderr all=off uptime,level,tags

Environment Variables:
JAVA_HOME=C:\Program Files\Microsoft\jdk-17.0.12.7-hotspot\
CLASSPATH=D:\Mobile_App-master\Mobile_app_klass\android\\gradle\wrapper\gradle-wrapper.jar
PATH=C:\Program Files\Common Files\Oracle\Java\javapath;C:\Program Files\Microsoft\jdk-17.0.12.7-hotspot\bin;C:\WINDOWS\system32;C:\WINDOWS;C:\WINDOWS\System32\Wbem;C:\WINDOWS\System32\WindowsPowerShell\v1.0\;C:\WINDOWS\System32\OpenSSH\;C:\ProgramData\chocolatey\bin;C:\Program Files\nodejs\;C:\Program Files\Git\cmd;C:\Users\moham\Downloads\php-8.4.7-nts-Win32-vs17-x86;C:\Users\moham\AppData\Local\Android\Sdk\tools;C:\Users\moham\AppData\Local\Microsoft\WindowsApps;C:\Users\moham\AppData\Local\Programs\Microsoft VS Code\bin;C:\Users\moham\AppData\Roaming\npm;C:\Users\moham\AppData\Local\Android\Sdk\platform-tools;D:\Xampp\mysql\bin;
USERNAME=moham
LANG=en_US.UTF-8
OS=Windows_NT
PROCESSOR_IDENTIFIER=AMD64 Family 23 Model 104 Stepping 1, AuthenticAMD
TMP=C:\Users\moham\AppData\Local\Temp
TEMP=C:\Users\moham\AppData\Local\Temp



Periodic native trim disabled


---------------  S Y S T E M  ---------------

OS:
 Windows 11 , 64 bit Build 26100 (10.0.26100.4202)
OS uptime: 0 days 2:41 hours
Hyper-V role detected

CPU: total 16 (initial active 16) (16 cores per cpu, 2 threads per core) family 23 model 104 stepping 1 microcode 0x8608107, cx8, cmov, fxsr, ht, mmx, 3dnowpref, sse, sse2, sse3, ssse3, sse4a, sse4.1, sse4.2, popcnt, lzcnt, tsc, tscinvbit, avx, avx2, aes, clmul, bmi1, bmi2, adx, sha, fma, vzeroupper, clflush, clflushopt, hv
Processor Information for the first 16 processors :
  Max Mhz: 1801, Current Mhz: 1801, Mhz Limit: 1801

Memory: 4k page, system-wide physical 5989M (1234M free)
TotalPageFile size 24421M (AvailPageFile size 0M)
current process WorkingSet (physical memory assigned to process): 16M, peak: 105M
current process commit charge ("private bytes"): 179M, peak: 187M

vm_info: OpenJDK 64-Bit Server VM (17.0.12+7-LTS) for windows-amd64 JRE (17.0.12+7-LTS), built on Jul 16 2024 18:11:44 by "MicrosoftCorporation" with unknown MS VC++:1939

END.
