#
# There is insufficient memory for the Java Runtime Environment to continue.
# Native memory allocation (malloc) failed to allocate 65552 bytes. Error detail: Chunk::new
# Possible reasons:
#   The system is out of physical RAM or swap space
#   This process is running with CompressedOops enabled, and the Java Heap may be blocking the growth of the native heap
# Possible solutions:
#   Reduce memory load on the system
#   Increase physical memory or swap space
#   Check if swap backing store is full
#   Decrease Java heap size (-Xmx/-Xms)
#   Decrease number of Java threads
#   Decrease Java thread stack sizes (-Xss)
#   Set larger code cache with -XX:ReservedCodeCacheSize=
#   JVM is running with Unscaled Compressed Oops mode in which the Java heap is
#     placed in the first 4GB address space. The Java Heap base address is the
#     maximum limit for the native heap growth. Please use -XX:HeapBaseMinAddress
#     to set the Java Heap base and to place the Java Heap above 4GB virtual address.
# This output file may be truncated or incomplete.
#
#  Out of Memory Error (arena.cpp:191), pid=28772, tid=27324
#
# JRE version: OpenJDK Runtime Environment Microsoft-9889599 (17.0.12+7) (build 17.0.12+7-LTS)
# Java VM: OpenJDK 64-Bit Server VM Microsoft-9889599 (17.0.12+7-LTS, mixed mode, sharing, tiered, compressed oops, compressed class ptrs, g1 gc, windows-amd64)
# No core dump will be written. Minidumps are not enabled by default on client versions of Windows
#

---------------  S U M M A R Y ------------

Command Line: -Xmx64m -Xms64m -Dorg.gradle.appname=gradlew org.gradle.wrapper.GradleWrapperMain assembleRelease

Host: AMD Ryzen 7 5700U with Radeon Graphics         , 16 cores, 5G,  Windows 11 , 64 bit Build 26100 (10.0.26100.4768)
Time: Tue Sep 16 20:53:22 2025 India Standard Time elapsed time: 227.211162 seconds (0d 0h 3m 47s)

---------------  T H R E A D  ---------------

Current thread (0x00000152ad58b090):  JavaThread "C2 CompilerThread0" daemon [_thread_in_native, id=27324, stack(0x0000001f68600000,0x0000001f68700000)]


Current CompileTask:
C2: 227211 2164       4       org.gradle.internal.logging.console.WorkInProgressRenderer::renderNow (351 bytes)

Stack: [0x0000001f68600000,0x0000001f68700000]
Native frames: (J=compiled Java code, j=interpreted, Vv=VM code, C=native code)
V  [jvm.dll+0x686d99]
V  [jvm.dll+0x83daf8]
V  [jvm.dll+0x83f5a3]
V  [jvm.dll+0x83fc13]
V  [jvm.dll+0x2492ef]
V  [jvm.dll+0xad0a4]
V  [jvm.dll+0xad73c]
V  [jvm.dll+0xad1b4]
V  [jvm.dll+0x66406c]
V  [jvm.dll+0x225201]
V  [jvm.dll+0x21b7d5]
V  [jvm.dll+0x21986b]
V  [jvm.dll+0x1a53e6]
V  [jvm.dll+0x229faa]
V  [jvm.dll+0x2280fb]
V  [jvm.dll+0x7f3508]
V  [jvm.dll+0x7ed87c]
V  [jvm.dll+0x685c77]
C  [ucrtbase.dll+0x37b0]
C  [KERNEL32.DLL+0x2e8d7]
C  [ntdll.dll+0x3c34c]


---------------  P R O C E S S  ---------------

Threads class SMR info:
_java_thread_list=0x00000152f3829490, length=15, elements={
0x00000152911d25c0, 0x00000152ad56da20, 0x00000152ad56e5e0, 0x00000152ad585640,
0x00000152ad588010, 0x00000152ad5899e0, 0x00000152ad58a3a0, 0x00000152ad58b090,
0x00000152ad58cea0, 0x00000152ad58d8a0, 0x00000152ad703f90, 0x00000152ad70c250,
0x00000152f4597ab0, 0x00000152f46fd020, 0x00000152f4265290
}

Java Threads: ( => current thread )
  0x00000152911d25c0 JavaThread "main" [_thread_in_native, id=13488, stack(0x0000001f67900000,0x0000001f67a00000)]
  0x00000152ad56da20 JavaThread "Reference Handler" daemon [_thread_blocked, id=26208, stack(0x0000001f68000000,0x0000001f68100000)]
  0x00000152ad56e5e0 JavaThread "Finalizer" daemon [_thread_blocked, id=26036, stack(0x0000001f68100000,0x0000001f68200000)]
  0x00000152ad585640 JavaThread "Signal Dispatcher" daemon [_thread_blocked, id=30812, stack(0x0000001f68200000,0x0000001f68300000)]
  0x00000152ad588010 JavaThread "Attach Listener" daemon [_thread_blocked, id=9368, stack(0x0000001f68300000,0x0000001f68400000)]
  0x00000152ad5899e0 JavaThread "Service Thread" daemon [_thread_blocked, id=1984, stack(0x0000001f68400000,0x0000001f68500000)]
  0x00000152ad58a3a0 JavaThread "Monitor Deflation Thread" daemon [_thread_blocked, id=21724, stack(0x0000001f68500000,0x0000001f68600000)]
=>0x00000152ad58b090 JavaThread "C2 CompilerThread0" daemon [_thread_in_native, id=27324, stack(0x0000001f68600000,0x0000001f68700000)]
  0x00000152ad58cea0 JavaThread "C1 CompilerThread0" daemon [_thread_blocked, id=2672, stack(0x0000001f68700000,0x0000001f68800000)]
  0x00000152ad58d8a0 JavaThread "Sweeper thread" daemon [_thread_blocked, id=24548, stack(0x0000001f68800000,0x0000001f68900000)]
  0x00000152ad703f90 JavaThread "Notification Thread" daemon [_thread_blocked, id=10532, stack(0x0000001f68a00000,0x0000001f68b00000)]
  0x00000152ad70c250 JavaThread "Common-Cleaner" daemon [_thread_blocked, id=13648, stack(0x0000001f68c00000,0x0000001f68d00000)]
  0x00000152f4597ab0 JavaThread "pool-1-thread-1" [_thread_blocked, id=15156, stack(0x0000001f69400000,0x0000001f69500000)]
  0x00000152f46fd020 JavaThread "DisconnectableInputStream source reader" daemon [_thread_in_native, id=5176, stack(0x0000001f69300000,0x0000001f69400000)]
  0x00000152f4265290 JavaThread "Forward input" [_thread_blocked, id=6140, stack(0x0000001f69600000,0x0000001f69700000)]

Other Threads:
  0x00000152ad56ab80 VMThread "VM Thread" [stack: 0x0000001f67f00000,0x0000001f68000000] [id=8188]
  0x00000152ad708aa0 WatcherThread [stack: 0x0000001f68b00000,0x0000001f68c00000] [id=26252]
  0x00000152911f6180 GCTaskThread "GC Thread#0" [stack: 0x0000001f67a00000,0x0000001f67b00000] [id=24564]
  0x00000152f30e4c20 GCTaskThread "GC Thread#1" [stack: 0x0000001f68e00000,0x0000001f68f00000] [id=5068]
  0x00000152f37dc000 GCTaskThread "GC Thread#2" [stack: 0x0000001f68f00000,0x0000001f69000000] [id=17844]
  0x00000152f37b9bc0 GCTaskThread "GC Thread#3" [stack: 0x0000001f69000000,0x0000001f69100000] [id=6268]
  0x00000152f37f7b10 GCTaskThread "GC Thread#4" [stack: 0x0000001f69100000,0x0000001f69200000] [id=17712]
  0x00000152f3747240 GCTaskThread "GC Thread#5" [stack: 0x0000001f68d00000,0x0000001f68e00000] [id=26576]
  0x00000152f3747500 GCTaskThread "GC Thread#6" [stack: 0x0000001f69500000,0x0000001f69600000] [id=2028]
  0x00000152911f78d0 ConcurrentGCThread "G1 Main Marker" [stack: 0x0000001f67b00000,0x0000001f67c00000] [id=2284]
  0x00000152911f8fd0 ConcurrentGCThread "G1 Conc#0" [stack: 0x0000001f67c00000,0x0000001f67d00000] [id=3356]
  0x0000015291289e90 ConcurrentGCThread "G1 Refine#0" [stack: 0x0000001f67d00000,0x0000001f67e00000] [id=16492]
  0x000001529128b770 ConcurrentGCThread "G1 Service" [stack: 0x0000001f67e00000,0x0000001f67f00000] [id=25548]

Threads with active compile tasks:
C2 CompilerThread0   227256 2164       4       org.gradle.internal.logging.console.WorkInProgressRenderer::renderNow (351 bytes)

VM state: not at safepoint (normal execution)

VM Mutex/Monitor currently owned by a thread: None

Heap address: 0x00000000fc000000, size: 64 MB, Compressed Oops mode: 32-bit

CDS archive(s) mapped at: [0x00000152ae000000-0x00000152aebb0000-0x00000152aebb0000), size 12255232, SharedBaseAddress: 0x00000152ae000000, ArchiveRelocationMode: 1.
Compressed class space mapped at: 0x00000152af000000-0x00000152ef000000, reserved size: 1073741824
Narrow klass base: 0x00000152ae000000, Narrow klass shift: 0, Narrow klass range: 0x100000000

GC Precious Log:
 CPUs: 16 total, 16 available
 Memory: 5989M
 Large Page Support: Disabled
 NUMA Support: Disabled
 Compressed Oops: Enabled (32-bit)
 Heap Region Size: 1M
 Heap Min Capacity: 64M
 Heap Initial Capacity: 64M
 Heap Max Capacity: 64M
 Pre-touch: Disabled
 Parallel Workers: 13
 Concurrent Workers: 3
 Concurrent Refinement Workers: 13
 Periodic GC: Disabled

Heap:
 garbage-first heap   total 65536K, used 25709K [0x00000000fc000000, 0x0000000100000000)
  region size 1024K, 16 young (16384K), 2 survivors (2048K)
 Metaspace       used 10627K, committed 10816K, reserved 1114112K
  class space    used 1368K, committed 1472K, reserved 1048576K

Heap Regions: E=young(eden), S=young(survivor), O=old, HS=humongous(starts), HC=humongous(continues), CS=collection set, F=free, OA=open archive, CA=closed archive, TAMS=top-at-mark-start (previous, next)
|   0|0x00000000fc000000, 0x00000000fc100000, 0x00000000fc100000|100%|HS|  |TAMS 0x00000000fc000000, 0x00000000fc000000| Complete 
|   1|0x00000000fc100000, 0x00000000fc200000, 0x00000000fc200000|100%|HC|  |TAMS 0x00000000fc100000, 0x00000000fc100000| Complete 
|   2|0x00000000fc200000, 0x00000000fc300000, 0x00000000fc300000|100%|HC|  |TAMS 0x00000000fc200000, 0x00000000fc200000| Complete 
|   3|0x00000000fc300000, 0x00000000fc400000, 0x00000000fc400000|100%|HC|  |TAMS 0x00000000fc300000, 0x00000000fc300000| Complete 
|   4|0x00000000fc400000, 0x00000000fc500000, 0x00000000fc500000|100%| O|  |TAMS 0x00000000fc400000, 0x00000000fc400000| Untracked 
|   5|0x00000000fc500000, 0x00000000fc600000, 0x00000000fc600000|100%| O|  |TAMS 0x00000000fc500000, 0x00000000fc500000| Untracked 
|   6|0x00000000fc600000, 0x00000000fc700000, 0x00000000fc700000|100%| O|  |TAMS 0x00000000fc600000, 0x00000000fc600000| Untracked 
|   7|0x00000000fc700000, 0x00000000fc800000, 0x00000000fc800000|100%| O|  |TAMS 0x00000000fc700000, 0x00000000fc700000| Untracked 
|   8|0x00000000fc800000, 0x00000000fc900000, 0x00000000fc900000|100%| O|  |TAMS 0x00000000fc800000, 0x00000000fc800000| Untracked 
|   9|0x00000000fc900000, 0x00000000fca00000, 0x00000000fca00000|100%| O|  |TAMS 0x00000000fc900000, 0x00000000fc900000| Untracked 
|  10|0x00000000fca00000, 0x00000000fcaae200, 0x00000000fcb00000| 68%| O|  |TAMS 0x00000000fca00000, 0x00000000fca00000| Untracked 
|  11|0x00000000fcb00000, 0x00000000fcb00000, 0x00000000fcc00000|  0%| F|  |TAMS 0x00000000fcb00000, 0x00000000fcb00000| Untracked 
|  12|0x00000000fcc00000, 0x00000000fcc00000, 0x00000000fcd00000|  0%| F|  |TAMS 0x00000000fcc00000, 0x00000000fcc00000| Untracked 
|  13|0x00000000fcd00000, 0x00000000fcd00000, 0x00000000fce00000|  0%| F|  |TAMS 0x00000000fcd00000, 0x00000000fcd00000| Untracked 
|  14|0x00000000fce00000, 0x00000000fce00000, 0x00000000fcf00000|  0%| F|  |TAMS 0x00000000fce00000, 0x00000000fce00000| Untracked 
|  15|0x00000000fcf00000, 0x00000000fcf00000, 0x00000000fd000000|  0%| F|  |TAMS 0x00000000fcf00000, 0x00000000fcf00000| Untracked 
|  16|0x00000000fd000000, 0x00000000fd000000, 0x00000000fd100000|  0%| F|  |TAMS 0x00000000fd000000, 0x00000000fd000000| Untracked 
|  17|0x00000000fd100000, 0x00000000fd100000, 0x00000000fd200000|  0%| F|  |TAMS 0x00000000fd100000, 0x00000000fd100000| Untracked 
|  18|0x00000000fd200000, 0x00000000fd200000, 0x00000000fd300000|  0%| F|  |TAMS 0x00000000fd200000, 0x00000000fd200000| Untracked 
|  19|0x00000000fd300000, 0x00000000fd300000, 0x00000000fd400000|  0%| F|  |TAMS 0x00000000fd300000, 0x00000000fd300000| Untracked 
|  20|0x00000000fd400000, 0x00000000fd400000, 0x00000000fd500000|  0%| F|  |TAMS 0x00000000fd400000, 0x00000000fd400000| Untracked 
|  21|0x00000000fd500000, 0x00000000fd500000, 0x00000000fd600000|  0%| F|  |TAMS 0x00000000fd500000, 0x00000000fd500000| Untracked 
|  22|0x00000000fd600000, 0x00000000fd600000, 0x00000000fd700000|  0%| F|  |TAMS 0x00000000fd600000, 0x00000000fd600000| Untracked 
|  23|0x00000000fd700000, 0x00000000fd700000, 0x00000000fd800000|  0%| F|  |TAMS 0x00000000fd700000, 0x00000000fd700000| Untracked 
|  24|0x00000000fd800000, 0x00000000fd800000, 0x00000000fd900000|  0%| F|  |TAMS 0x00000000fd800000, 0x00000000fd800000| Untracked 
|  25|0x00000000fd900000, 0x00000000fd900000, 0x00000000fda00000|  0%| F|  |TAMS 0x00000000fd900000, 0x00000000fd900000| Untracked 
|  26|0x00000000fda00000, 0x00000000fda00000, 0x00000000fdb00000|  0%| F|  |TAMS 0x00000000fda00000, 0x00000000fda00000| Untracked 
|  27|0x00000000fdb00000, 0x00000000fdb00000, 0x00000000fdc00000|  0%| F|  |TAMS 0x00000000fdb00000, 0x00000000fdb00000| Untracked 
|  28|0x00000000fdc00000, 0x00000000fdc00000, 0x00000000fdd00000|  0%| F|  |TAMS 0x00000000fdc00000, 0x00000000fdc00000| Untracked 
|  29|0x00000000fdd00000, 0x00000000fdd00000, 0x00000000fde00000|  0%| F|  |TAMS 0x00000000fdd00000, 0x00000000fdd00000| Untracked 
|  30|0x00000000fde00000, 0x00000000fde00000, 0x00000000fdf00000|  0%| F|  |TAMS 0x00000000fde00000, 0x00000000fde00000| Untracked 
|  31|0x00000000fdf00000, 0x00000000fdf00000, 0x00000000fe000000|  0%| F|  |TAMS 0x00000000fdf00000, 0x00000000fdf00000| Untracked 
|  32|0x00000000fe000000, 0x00000000fe000000, 0x00000000fe100000|  0%| F|  |TAMS 0x00000000fe000000, 0x00000000fe000000| Untracked 
|  33|0x00000000fe100000, 0x00000000fe100000, 0x00000000fe200000|  0%| F|  |TAMS 0x00000000fe100000, 0x00000000fe100000| Untracked 
|  34|0x00000000fe200000, 0x00000000fe200000, 0x00000000fe300000|  0%| F|  |TAMS 0x00000000fe200000, 0x00000000fe200000| Untracked 
|  35|0x00000000fe300000, 0x00000000fe300000, 0x00000000fe400000|  0%| F|  |TAMS 0x00000000fe300000, 0x00000000fe300000| Untracked 
|  36|0x00000000fe400000, 0x00000000fe400000, 0x00000000fe500000|  0%| F|  |TAMS 0x00000000fe400000, 0x00000000fe400000| Untracked 
|  37|0x00000000fe500000, 0x00000000fe56d308, 0x00000000fe600000| 42%| S|CS|TAMS 0x00000000fe500000, 0x00000000fe500000| Complete 
|  38|0x00000000fe600000, 0x00000000fe600000, 0x00000000fe700000|  0%| F|  |TAMS 0x00000000fe600000, 0x00000000fe600000| Untracked 
|  39|0x00000000fe700000, 0x00000000fe700000, 0x00000000fe800000|  0%| F|  |TAMS 0x00000000fe700000, 0x00000000fe700000| Untracked 
|  40|0x00000000fe800000, 0x00000000fe800000, 0x00000000fe900000|  0%| F|  |TAMS 0x00000000fe800000, 0x00000000fe800000| Untracked 
|  41|0x00000000fe900000, 0x00000000fea00000, 0x00000000fea00000|100%| S|CS|TAMS 0x00000000fe900000, 0x00000000fe900000| Complete 
|  42|0x00000000fea00000, 0x00000000fea00000, 0x00000000feb00000|  0%| F|  |TAMS 0x00000000fea00000, 0x00000000fea00000| Untracked 
|  43|0x00000000feb00000, 0x00000000feb00000, 0x00000000fec00000|  0%| F|  |TAMS 0x00000000feb00000, 0x00000000feb00000| Untracked 
|  44|0x00000000fec00000, 0x00000000fec00000, 0x00000000fed00000|  0%| F|  |TAMS 0x00000000fec00000, 0x00000000fec00000| Untracked 
|  45|0x00000000fed00000, 0x00000000fed00000, 0x00000000fee00000|  0%| F|  |TAMS 0x00000000fed00000, 0x00000000fed00000| Untracked 
|  46|0x00000000fee00000, 0x00000000fee00000, 0x00000000fef00000|  0%| F|  |TAMS 0x00000000fee00000, 0x00000000fee00000| Untracked 
|  47|0x00000000fef00000, 0x00000000fef00000, 0x00000000ff000000|  0%| F|  |TAMS 0x00000000fef00000, 0x00000000fef00000| Untracked 
|  48|0x00000000ff000000, 0x00000000ff000000, 0x00000000ff100000|  0%| F|  |TAMS 0x00000000ff000000, 0x00000000ff000000| Untracked 
|  49|0x00000000ff100000, 0x00000000ff100000, 0x00000000ff200000|  0%| F|  |TAMS 0x00000000ff100000, 0x00000000ff100000| Untracked 
|  50|0x00000000ff200000, 0x00000000ff27d440, 0x00000000ff300000| 48%| E|  |TAMS 0x00000000ff200000, 0x00000000ff200000| Complete 
|  51|0x00000000ff300000, 0x00000000ff400000, 0x00000000ff400000|100%| E|CS|TAMS 0x00000000ff300000, 0x00000000ff300000| Complete 
|  52|0x00000000ff400000, 0x00000000ff500000, 0x00000000ff500000|100%| E|CS|TAMS 0x00000000ff400000, 0x00000000ff400000| Complete 
|  53|0x00000000ff500000, 0x00000000ff600000, 0x00000000ff600000|100%| E|CS|TAMS 0x00000000ff500000, 0x00000000ff500000| Complete 
|  54|0x00000000ff600000, 0x00000000ff700000, 0x00000000ff700000|100%| E|CS|TAMS 0x00000000ff600000, 0x00000000ff600000| Complete 
|  55|0x00000000ff700000, 0x00000000ff800000, 0x00000000ff800000|100%| E|CS|TAMS 0x00000000ff700000, 0x00000000ff700000| Complete 
|  56|0x00000000ff800000, 0x00000000ff900000, 0x00000000ff900000|100%| E|CS|TAMS 0x00000000ff800000, 0x00000000ff800000| Complete 
|  57|0x00000000ff900000, 0x00000000ffa00000, 0x00000000ffa00000|100%| E|CS|TAMS 0x00000000ff900000, 0x00000000ff900000| Complete 
|  58|0x00000000ffa00000, 0x00000000ffb00000, 0x00000000ffb00000|100%| E|CS|TAMS 0x00000000ffa00000, 0x00000000ffa00000| Complete 
|  59|0x00000000ffb00000, 0x00000000ffc00000, 0x00000000ffc00000|100%| E|CS|TAMS 0x00000000ffb00000, 0x00000000ffb00000| Complete 
|  60|0x00000000ffc00000, 0x00000000ffd00000, 0x00000000ffd00000|100%| E|CS|TAMS 0x00000000ffc00000, 0x00000000ffc00000| Complete 
|  61|0x00000000ffd00000, 0x00000000ffe00000, 0x00000000ffe00000|100%| E|CS|TAMS 0x00000000ffd00000, 0x00000000ffd00000| Complete 
|  62|0x00000000ffe00000, 0x00000000fff00000, 0x00000000fff00000|100%| E|CS|TAMS 0x00000000ffe00000, 0x00000000ffe00000| Complete 
|  63|0x00000000fff00000, 0x0000000100000000, 0x0000000100000000|100%| E|CS|TAMS 0x00000000fff00000, 0x00000000fff00000| Complete 

Card table byte_map: [0x00000152aa3d0000,0x00000152aa3f0000] _byte_map_base: 0x00000152a9bf0000

Marking Bits (Prev, Next): (CMBitMap*) 0x00000152911f67a0, (CMBitMap*) 0x00000152911f67e0
 Prev Bits: [0x00000152aa410000, 0x00000152aa510000)
 Next Bits: [0x00000152aa510000, 0x00000152aa610000)

Polling page: 0x000001529a3c0000

Metaspace:

Usage:
  Non-class:      9.04 MB used.
      Class:      1.34 MB used.
       Both:     10.38 MB used.

Virtual space:
  Non-class space:       64.00 MB reserved,       9.12 MB ( 14%) committed,  1 nodes.
      Class space:        1.00 GB reserved,       1.44 MB ( <1%) committed,  1 nodes.
             Both:        1.06 GB reserved,      10.56 MB ( <1%) committed. 

Chunk freelists:
   Non-Class:  6.08 MB
       Class:  14.47 MB
        Both:  20.55 MB

MaxMetaspaceSize: unlimited
CompressedClassSpaceSize: 1.00 GB
Initial GC threshold: 21.00 MB
Current GC threshold: 21.00 MB
CDS: on
MetaspaceReclaimPolicy: balanced
 - commit_granule_bytes: 65536.
 - commit_granule_words: 8192.
 - virtual_space_node_default_size: 8388608.
 - enlarge_chunks_in_place: 1.
 - new_chunks_are_fully_committed: 0.
 - uncommit_free_chunks: 1.
 - use_allocation_guard: 0.
 - handle_deallocations: 1.


Internal statistics:

num_allocs_failed_limit: 0.
num_arena_births: 98.
num_arena_deaths: 0.
num_vsnodes_births: 2.
num_vsnodes_deaths: 0.
num_space_committed: 169.
num_space_uncommitted: 0.
num_chunks_returned_to_freelist: 0.
num_chunks_taken_from_freelist: 378.
num_chunk_merges: 0.
num_chunk_splits: 262.
num_chunks_enlarged: 216.
num_inconsistent_stats: 0.

CodeHeap 'non-profiled nmethods': size=119168Kb used=823Kb max_used=823Kb free=118344Kb
 bounds [0x00000152a1f80000, 0x00000152a21f0000, 0x00000152a93e0000]
CodeHeap 'profiled nmethods': size=119104Kb used=4228Kb max_used=4228Kb free=114875Kb
 bounds [0x000001529a3e0000, 0x000001529a810000, 0x00000152a1830000]
CodeHeap 'non-nmethods': size=7488Kb used=1185Kb max_used=2874Kb free=6302Kb
 bounds [0x00000152a1830000, 0x00000152a1b10000, 0x00000152a1f80000]
 total_blobs=2646 nmethods=2162 adapters=396
 compilation: enabled
              stopped_count=0, restarted_count=0
 full_count=0

Compilation events (20 events):
Event: 190.917 Thread 0x00000152ad58b090 nmethod 2153 0x00000152a204c490 code [0x00000152a204c600, 0x00000152a204c698]
Event: 190.966 Thread 0x00000152ad58cea0 2155       3       org.gradle.internal.logging.console.DefaultAnsiExecutor::writeAt (42 bytes)
Event: 190.978 Thread 0x00000152ad58cea0 nmethod 2155 0x000001529a7fe410 code [0x000001529a7fe740, 0x000001529a7ffc78]
Event: 191.028 Thread 0x00000152ad58b090 2156 %     4       java.lang.StringCoding::implEncodeAsciiArray @ 3 (47 bytes)
Event: 191.030 Thread 0x00000152ad58cea0 2157       1       org.gradle.internal.logging.sink.GroupingProgressLogEventGenerator::access$500 (5 bytes)
Event: 191.031 Thread 0x00000152ad58cea0 nmethod 2157 0x00000152a204c790 code [0x00000152a204c920, 0x00000152a204c9d8]
Event: 191.051 Thread 0x00000152ad58b090 nmethod 2156% 0x00000152a204ca90 code [0x00000152a204cc20, 0x00000152a204d058]
Event: 191.726 Thread 0x00000152ad58cea0 2158       3       java.util.Collections::addAll (43 bytes)
Event: 191.727 Thread 0x00000152ad58cea0 nmethod 2158 0x000001529a800410 code [0x000001529a8005c0, 0x000001529a800888]
Event: 199.726 Thread 0x00000152ad58cea0 2159       3       com.google.common.collect.Lists::computeArrayListCapacity (23 bytes)
Event: 199.727 Thread 0x00000152ad58cea0 nmethod 2159 0x000001529a800a10 code [0x000001529a800bc0, 0x000001529a800e68]
Event: 199.727 Thread 0x00000152ad58cea0 2160       3       com.google.common.primitives.Ints::saturatedCast (25 bytes)
Event: 199.727 Thread 0x00000152ad58cea0 nmethod 2160 0x000001529a800f90 code [0x000001529a801140, 0x000001529a801318]
Event: 201.927 Thread 0x00000152ad58b090 2161       4       java.util.HashMap$HashIterator::<init> (79 bytes)
Event: 201.936 Thread 0x00000152ad58b090 nmethod 2161 0x00000152a204d210 code [0x00000152a204d3a0, 0x00000152a204d738]
Event: 203.718 Thread 0x00000152ad58b090 2162       4       java.lang.Integer::stringSize (47 bytes)
Event: 203.722 Thread 0x00000152ad58b090 nmethod 2162 0x00000152a204d890 code [0x00000152a204da00, 0x00000152a204dad8]
Event: 220.823 Thread 0x00000152ad58b090 2163       4       java.util.concurrent.locks.ReentrantLock$NonfairSync::initialTryLock (58 bytes)
Event: 220.825 Thread 0x00000152ad58b090 nmethod 2163 0x00000152a204db90 code [0x00000152a204dd00, 0x00000152a204de78]
Event: 224.114 Thread 0x00000152ad58b090 2164       4       org.gradle.internal.logging.console.WorkInProgressRenderer::renderNow (351 bytes)

GC Heap History (4 events):
Event: 1.054 GC heap before
{Heap before GC invocations=0 (full 0):
 garbage-first heap   total 65536K, used 26624K [0x00000000fc000000, 0x0000000100000000)
  region size 1024K, 23 young (23552K), 0 survivors (0K)
 Metaspace       used 2530K, committed 2688K, reserved 1114112K
  class space    used 262K, committed 384K, reserved 1048576K
}
Event: 1.063 GC heap after
{Heap after GC invocations=1 (full 0):
 garbage-first heap   total 65536K, used 10656K [0x00000000fc000000, 0x0000000100000000)
  region size 1024K, 3 young (3072K), 3 survivors (3072K)
 Metaspace       used 2530K, committed 2688K, reserved 1114112K
  class space    used 262K, committed 384K, reserved 1048576K
}
Event: 1.882 GC heap before
{Heap before GC invocations=1 (full 0):
 garbage-first heap   total 65536K, used 33184K [0x00000000fc000000, 0x0000000100000000)
  region size 1024K, 25 young (25600K), 3 survivors (3072K)
 Metaspace       used 7790K, committed 8000K, reserved 1114112K
  class space    used 1061K, committed 1152K, reserved 1048576K
}
Event: 1.888 GC heap after
{Heap after GC invocations=2 (full 0):
 garbage-first heap   total 65536K, used 12397K [0x00000000fc000000, 0x0000000100000000)
  region size 1024K, 2 young (2048K), 2 survivors (2048K)
 Metaspace       used 7790K, committed 8000K, reserved 1114112K
  class space    used 1061K, committed 1152K, reserved 1048576K
}

Dll operation events (13 events):
Event: 0.010 Loaded shared library C:\Program Files\Microsoft\jdk-17.0.12.7-hotspot\bin\java.dll
Event: 0.032 Loaded shared library C:\Program Files\Microsoft\jdk-17.0.12.7-hotspot\bin\jsvml.dll
Event: 0.067 Loaded shared library C:\Program Files\Microsoft\jdk-17.0.12.7-hotspot\bin\net.dll
Event: 0.069 Loaded shared library C:\Program Files\Microsoft\jdk-17.0.12.7-hotspot\bin\nio.dll
Event: 0.073 Loaded shared library C:\Program Files\Microsoft\jdk-17.0.12.7-hotspot\bin\zip.dll
Event: 0.078 Loaded shared library C:\Program Files\Microsoft\jdk-17.0.12.7-hotspot\bin\verify.dll
Event: 0.518 Loaded shared library C:\Program Files\Microsoft\jdk-17.0.12.7-hotspot\bin\jimage.dll
Event: 1.354 Loaded shared library C:\Users\moham\.gradle\native\c067742578af261105cb4f569cf0c3c89f3d7b1fecec35dd04571415982c5e48\windows-amd64\native-platform.dll
Event: 1.383 Loaded shared library C:\Users\moham\.gradle\native\jansi\1.18\windows64\jansi.dll
Event: 1.593 Loaded shared library C:\Program Files\Microsoft\jdk-17.0.12.7-hotspot\bin\management.dll
Event: 1.596 Loaded shared library C:\Program Files\Microsoft\jdk-17.0.12.7-hotspot\bin\management_ext.dll
Event: 5.583 Loaded shared library C:\Program Files\Microsoft\jdk-17.0.12.7-hotspot\bin\extnet.dll
Event: 5.701 Loaded shared library C:\Program Files\Microsoft\jdk-17.0.12.7-hotspot\bin\sunmscapi.dll

Deoptimization events (20 events):
Event: 2.036 Thread 0x00000152f3a32c50 DEOPT PACKING pc=0x00000152a1fbde18 sp=0x0000001f696fed40
Event: 2.036 Thread 0x00000152f3a32c50 DEOPT UNPACKING pc=0x00000152a18869a3 sp=0x0000001f696fec30 mode 2
Event: 2.036 Thread 0x00000152f3a32c50 Uncommon trap: trap_request=0xffffff45 fr.pc=0x00000152a1fbeffc relative=0x00000000000000fc
Event: 2.036 Thread 0x00000152f3a32c50 Uncommon trap: reason=unstable_if action=reinterpret pc=0x00000152a1fbeffc method=java.lang.String.getBytes([BIIBI)V @ 6 c2
Event: 2.036 Thread 0x00000152f3a32c50 DEOPT PACKING pc=0x00000152a1fbeffc sp=0x0000001f696febd0
Event: 2.036 Thread 0x00000152f3a32c50 DEOPT UNPACKING pc=0x00000152a18869a3 sp=0x0000001f696feb98 mode 2
Event: 2.036 Thread 0x00000152f3a32c50 Uncommon trap: trap_request=0xffffff45 fr.pc=0x00000152a1ff426c relative=0x00000000000003cc
Event: 2.036 Thread 0x00000152f3a32c50 Uncommon trap: reason=unstable_if action=reinterpret pc=0x00000152a1ff426c method=java.lang.AbstractStringBuilder.isLatin1()Z @ 10 c2
Event: 2.036 Thread 0x00000152f3a32c50 DEOPT PACKING pc=0x00000152a1ff426c sp=0x0000001f696fedc0
Event: 2.036 Thread 0x00000152f3a32c50 DEOPT UNPACKING pc=0x00000152a18869a3 sp=0x0000001f696fed40 mode 2
Event: 5.421 Thread 0x00000152f3a32c50 Uncommon trap: trap_request=0xffffff45 fr.pc=0x00000152a1f8ce80 relative=0x0000000000000080
Event: 5.421 Thread 0x00000152f3a32c50 Uncommon trap: reason=unstable_if action=reinterpret pc=0x00000152a1f8ce80 method=java.lang.String.codePointAt(I)I @ 4 c2
Event: 5.421 Thread 0x00000152f3a32c50 DEOPT PACKING pc=0x00000152a1f8ce80 sp=0x0000001f696fed40
Event: 5.421 Thread 0x00000152f3a32c50 DEOPT UNPACKING pc=0x00000152a18869a3 sp=0x0000001f696fecd8 mode 2
Event: 5.424 Thread 0x00000152f427b360 Uncommon trap: trap_request=0xffffffde fr.pc=0x00000152a1feea20 relative=0x0000000000001160
Event: 5.424 Thread 0x00000152f427b360 Uncommon trap: reason=class_check action=maybe_recompile pc=0x00000152a1feea20 method=java.util.concurrent.ConcurrentHashMap.putVal(Ljava/lang/Object;Ljava/lang/Object;Z)Ljava/lang/Object; @ 242 c2
Event: 5.424 Thread 0x00000152f427b360 DEOPT PACKING pc=0x00000152a1feea20 sp=0x0000001f698fe200
Event: 5.424 Thread 0x00000152f427b360 DEOPT UNPACKING pc=0x00000152a18869a3 sp=0x0000001f698fe170 mode 2
Event: 70.099 Thread 0x00000152911d25c0 DEOPT PACKING pc=0x000001529a72ddcd sp=0x0000001f679fc5a0
Event: 70.100 Thread 0x00000152911d25c0 DEOPT UNPACKING pc=0x00000152a1887143 sp=0x0000001f679fba38 mode 0

Classes loaded (20 events):
Event: 11.494 Loading class jdk/internal/reflect/ByteVectorImpl
Event: 11.494 Loading class jdk/internal/reflect/ByteVector
Event: 11.494 Loading class jdk/internal/reflect/ByteVector done
Event: 11.494 Loading class jdk/internal/reflect/ByteVectorImpl done
Event: 11.494 Loading class jdk/internal/reflect/ClassFileAssembler
Event: 11.494 Loading class jdk/internal/reflect/ClassFileAssembler done
Event: 11.494 Loading class jdk/internal/reflect/UTF8
Event: 11.494 Loading class jdk/internal/reflect/UTF8 done
Event: 11.495 Loading class jdk/internal/reflect/Label
Event: 11.495 Loading class jdk/internal/reflect/Label done
Event: 11.495 Loading class jdk/internal/reflect/Label$PatchInfo
Event: 11.495 Loading class jdk/internal/reflect/Label$PatchInfo done
Event: 11.495 Loading class jdk/internal/reflect/MethodAccessorGenerator$1
Event: 11.496 Loading class jdk/internal/reflect/MethodAccessorGenerator$1 done
Event: 11.496 Loading class jdk/internal/reflect/ClassDefiner
Event: 11.496 Loading class jdk/internal/reflect/ClassDefiner done
Event: 11.496 Loading class jdk/internal/reflect/ClassDefiner$1
Event: 11.496 Loading class jdk/internal/reflect/ClassDefiner$1 done
Event: 34.346 Loading class java/util/ArrayList$ListItr
Event: 34.347 Loading class java/util/ArrayList$ListItr done

Classes unloaded (0 events):
No events

Classes redefined (0 events):
No events

Internal exceptions (20 events):
Event: 1.323 Thread 0x00000152911d25c0 Exception <a 'java/lang/NoSuchMethodError'{0x00000000ffad42b8}: 'java.lang.Object java.lang.invoke.Invokers$Holder.invoker(java.lang.Object, java.lang.Object, java.lang.Object)'> (0x00000000ffad42b8) 
thrown [s\src\hotspot\share\interpreter\linkResolver.cpp, line 759]
Event: 1.325 Thread 0x00000152911d25c0 Exception <a 'java/lang/NoSuchMethodError'{0x00000000ffadd1a8}: 'java.lang.Object java.lang.invoke.DirectMethodHandle$Holder.invokeStatic(java.lang.Object, java.lang.Object, int)'> (0x00000000ffadd1a8) 
thrown [s\src\hotspot\share\interpreter\linkResolver.cpp, line 759]
Event: 1.328 Thread 0x00000152911d25c0 Exception <a 'java/lang/NoSuchMethodError'{0x00000000ffae8e98}: 'void java.lang.invoke.DelegatingMethodHandle$Holder.delegate(java.lang.Object, java.lang.Object, int, java.lang.Object)'> (0x00000000ffae8e98) 
thrown [s\src\hotspot\share\interpreter\linkResolver.cpp, line 759]
Event: 1.329 Thread 0x00000152911d25c0 Exception <a 'java/lang/NoSuchMethodError'{0x00000000ffaecfe0}: 'int java.lang.invoke.DirectMethodHandle$Holder.invokeSpecial(java.lang.Object, java.lang.Object, java.lang.Object)'> (0x00000000ffaecfe0) 
thrown [s\src\hotspot\share\interpreter\linkResolver.cpp, line 759]
Event: 1.334 Thread 0x00000152911d25c0 Exception <a 'java/lang/NoSuchMethodError'{0x00000000ff900370}: 'java.lang.Object java.lang.invoke.Invokers$Holder.invokeExact_MT(java.lang.Object, java.lang.Object, java.lang.Object, java.lang.Object)'> (0x00000000ff900370) 
thrown [s\src\hotspot\share\interpreter\linkResolver.cpp, line 759]
Event: 1.549 Thread 0x00000152911d25c0 Exception <a 'java/lang/NoSuchMethodError'{0x00000000ff3fe000}: 'void java.lang.invoke.DirectMethodHandle$Holder.invokeSpecial(java.lang.Object, java.lang.Object, java.lang.Object)'> (0x00000000ff3fe000) 
thrown [s\src\hotspot\share\interpreter\linkResolver.cpp, line 759]
Event: 1.561 Thread 0x00000152911d25c0 Implicit null exception at 0x00000152a1fe6b2c to 0x00000152a1fe6f7c
Event: 1.561 Thread 0x00000152911d25c0 Implicit null exception at 0x00000152a1fc462c to 0x00000152a1fc4a68
Event: 1.591 Thread 0x00000152911d25c0 Exception <a 'java/lang/NoSuchMethodError'{0x00000000ff1720e8}: 'java.lang.Object java.lang.invoke.DirectMethodHandle$Holder.invokeStaticInit(java.lang.Object)'> (0x00000000ff1720e8) 
thrown [s\src\hotspot\share\interpreter\linkResolver.cpp, line 759]
Event: 1.621 Thread 0x00000152911d25c0 Exception <a 'java/lang/NoSuchMethodError'{0x00000000ff008078}: 'int java.lang.invoke.DirectMethodHandle$Holder.invokeVirtual(java.lang.Object, java.lang.Object, java.lang.Object)'> (0x00000000ff008078) 
thrown [s\src\hotspot\share\interpreter\linkResolver.cpp, line 759]
Event: 1.638 Thread 0x00000152911d25c0 Exception <a 'java/lang/NoSuchMethodError'{0x00000000ff084348}: 'java.lang.Object java.lang.invoke.DirectMethodHandle$Holder.invokeStaticInit(java.lang.Object, int, int, int, int)'> (0x00000000ff084348) 
thrown [s\src\hotspot\share\interpreter\linkResolver.cpp, line 759]
Event: 1.770 Thread 0x00000152911d25c0 Exception <a 'java/lang/NoSuchMethodError'{0x00000000fef67110}: 'java.lang.Object java.lang.invoke.DirectMethodHandle$Holder.invokeStaticInit(java.lang.Object, java.lang.Object, int, int, int, int)'> (0x00000000fef67110) 
thrown [s\src\hotspot\share\interpreter\linkResolver.cpp, line 759]
Event: 1.776 Thread 0x00000152911d25c0 Exception <a 'java/lang/NoSuchMethodError'{0x00000000fef861f8}: 'int java.lang.invoke.DirectMethodHandle$Holder.invokeStatic(java.lang.Object)'> (0x00000000fef861f8) 
thrown [s\src\hotspot\share\interpreter\linkResolver.cpp, line 759]
Event: 1.777 Thread 0x00000152911d25c0 Exception <a 'java/lang/NoSuchMethodError'{0x00000000fef89950}: 'int java.lang.invoke.DirectMethodHandle$Holder.invokeStaticInit(java.lang.Object)'> (0x00000000fef89950) 
thrown [s\src\hotspot\share\interpreter\linkResolver.cpp, line 759]
Event: 2.009 Thread 0x00000152f3a32c50 Exception <a 'java/lang/NoSuchMethodError'{0x00000000ffb83f18}: 'void java.lang.invoke.DirectMethodHandle$Holder.invokeStatic(java.lang.Object, long)'> (0x00000000ffb83f18) 
thrown [s\src\hotspot\share\interpreter\linkResolver.cpp, line 759]
Event: 2.010 Thread 0x00000152f3a32c50 Exception <a 'java/lang/NoSuchMethodError'{0x00000000ffb89870}: 'java.lang.Object java.lang.invoke.DirectMethodHandle$Holder.newInvokeSpecial(java.lang.Object, long)'> (0x00000000ffb89870) 
thrown [s\src\hotspot\share\interpreter\linkResolver.cpp, line 759]
Event: 2.013 Thread 0x00000152f3a32c50 Exception <a 'java/lang/NoSuchMethodError'{0x00000000ffb94488}: 'java.lang.Object java.lang.invoke.DirectMethodHandle$Holder.invokeStaticInit(java.lang.Object, java.lang.Object, long, java.lang.Object)'> (0x00000000ffb94488) 
thrown [s\src\hotspot\share\interpreter\linkResolver.cpp, line 759]
Event: 2.014 Thread 0x00000152f3a32c50 Exception <a 'java/lang/NoSuchMethodError'{0x00000000ffb9ad68}: 'java.lang.Object java.lang.invoke.DirectMethodHandle$Holder.newInvokeSpecial(java.lang.Object, java.lang.Object, long)'> (0x00000000ffb9ad68) 
thrown [s\src\hotspot\share\interpreter\linkResolver.cpp, line 759]
Event: 2.014 Thread 0x00000152f3a32c50 Exception <a 'java/lang/NoSuchMethodError'{0x00000000ffb9f058}: 'java.lang.Object java.lang.invoke.Invokers$Holder.linkToTargetMethod(java.lang.Object, long, java.lang.Object)'> (0x00000000ffb9f058) 
thrown [s\src\hotspot\share\interpreter\linkResolver.cpp, line 759]
Event: 5.585 Thread 0x00000152911d25c0 Exception <a 'java/lang/NoSuchMethodError'{0x00000000ffab9cf0}: 'void java.lang.invoke.DirectMethodHandle$Holder.invokeStatic(java.lang.Object, java.lang.Object, java.lang.Object)'> (0x00000000ffab9cf0) 
thrown [s\src\hotspot\share\interpreter\linkResolver.cpp, line 759]

VM Operations (20 events):
Event: 136.388 Executing VM operation: Cleanup
Event: 136.391 Executing VM operation: Cleanup done
Event: 141.441 Executing VM operation: Cleanup
Event: 141.442 Executing VM operation: Cleanup done
Event: 146.505 Executing VM operation: Cleanup
Event: 146.506 Executing VM operation: Cleanup done
Event: 149.525 Executing VM operation: Cleanup
Event: 149.525 Executing VM operation: Cleanup done
Event: 159.604 Executing VM operation: Cleanup
Event: 159.604 Executing VM operation: Cleanup done
Event: 164.637 Executing VM operation: Cleanup
Event: 164.638 Executing VM operation: Cleanup done
Event: 174.743 Executing VM operation: Cleanup
Event: 174.743 Executing VM operation: Cleanup done
Event: 180.277 Executing VM operation: HandshakeAllThreads
Event: 180.277 Executing VM operation: HandshakeAllThreads done
Event: 191.365 Executing VM operation: Cleanup
Event: 191.365 Executing VM operation: Cleanup done
Event: 221.616 Executing VM operation: Cleanup
Event: 221.616 Executing VM operation: Cleanup done

Events (20 events):
Event: 1.194 Thread 0x00000152f3e41d50 Thread added: 0x00000152f3e41d50
Event: 1.412 Thread 0x00000152f4597ab0 Thread added: 0x00000152f4597ab0
Event: 1.719 Thread 0x00000152f36baf70 Thread exited: 0x00000152f36baf70
Event: 1.996 Thread 0x00000152f3a32c50 Thread added: 0x00000152f3a32c50
Event: 2.016 Thread 0x00000152f4279880 Thread added: 0x00000152f4279880
Event: 2.019 Thread 0x00000152f427b360 Thread added: 0x00000152f427b360
Event: 2.020 Thread 0x00000152f4279880 Thread exited: 0x00000152f4279880
Event: 2.722 Thread 0x00000152f3e41d50 Thread exited: 0x00000152f3e41d50
Event: 3.015 Thread 0x00000152f3e51c30 Thread exited: 0x00000152f3e51c30
Event: 4.426 Thread 0x00000152ad64c480 Thread exited: 0x00000152ad64c480
Event: 5.424 Thread 0x00000152f3a32c50 Thread exited: 0x00000152f3a32c50
Event: 5.424 Thread 0x00000152f427b360 Thread exited: 0x00000152f427b360
Event: 5.651 Thread 0x00000152f3be1010 Thread added: 0x00000152f3be1010
Event: 5.800 Thread 0x00000152f46fd020 Thread added: 0x00000152f46fd020
Event: 5.802 Thread 0x00000152f4265290 Thread added: 0x00000152f4265290
Event: 6.631 Thread 0x00000152f3be1010 Thread exited: 0x00000152f3be1010
Event: 39.816 Thread 0x00000152f409c340 Thread added: 0x00000152f409c340
Event: 39.816 Thread 0x00000152f3990f30 Thread added: 0x00000152f3990f30
Event: 40.726 Thread 0x00000152f3990f30 Thread exited: 0x00000152f3990f30
Event: 40.727 Thread 0x00000152f409c340 Thread exited: 0x00000152f409c340


Dynamic libraries:
0x00007ff73c880000 - 0x00007ff73c88e000 	C:\Program Files\Microsoft\jdk-17.0.12.7-hotspot\bin\java.exe
0x00007ff94f1e0000 - 0x00007ff94f447000 	C:\WINDOWS\SYSTEM32\ntdll.dll
0x00007ff94db50000 - 0x00007ff94dc19000 	C:\WINDOWS\System32\KERNEL32.DLL
0x00007ff94c310000 - 0x00007ff94c700000 	C:\WINDOWS\System32\KERNELBASE.dll
0x00007ff94ce20000 - 0x00007ff94cf6b000 	C:\WINDOWS\System32\ucrtbase.dll
0x00007ff940260000 - 0x00007ff940277000 	C:\Program Files\Microsoft\jdk-17.0.12.7-hotspot\bin\jli.dll
0x00007ff940880000 - 0x00007ff94089d000 	C:\Program Files\Microsoft\jdk-17.0.12.7-hotspot\bin\VCRUNTIME140.dll
0x00007ff94d790000 - 0x00007ff94d955000 	C:\WINDOWS\System32\USER32.dll
0x00007ff9379c0000 - 0x00007ff937c5a000 	C:\WINDOWS\WinSxS\amd64_microsoft.windows.common-controls_6595b64144ccf1df_6.0.26100.4768_none_3e0c112ce331287c\COMCTL32.dll
0x00007ff94c930000 - 0x00007ff94c957000 	C:\WINDOWS\System32\win32u.dll
0x00007ff94dc20000 - 0x00007ff94dcc9000 	C:\WINDOWS\System32\msvcrt.dll
0x00007ff94e950000 - 0x00007ff94e97b000 	C:\WINDOWS\System32\GDI32.dll
0x00007ff94cae0000 - 0x00007ff94cc18000 	C:\WINDOWS\System32\gdi32full.dll
0x00007ff94cc20000 - 0x00007ff94ccc3000 	C:\WINDOWS\System32\msvcp_win.dll
0x00007ff94e860000 - 0x00007ff94e88f000 	C:\WINDOWS\System32\IMM32.DLL
0x00007ff940b90000 - 0x00007ff940b9c000 	C:\Program Files\Microsoft\jdk-17.0.12.7-hotspot\bin\vcruntime140_1.dll
0x00007ff8fd7f0000 - 0x00007ff8fd87d000 	C:\Program Files\Microsoft\jdk-17.0.12.7-hotspot\bin\msvcp140.dll
0x00007ff899ce0000 - 0x00007ff89a950000 	C:\Program Files\Microsoft\jdk-17.0.12.7-hotspot\bin\server\jvm.dll
0x00007ff94ef50000 - 0x00007ff94f004000 	C:\WINDOWS\System32\ADVAPI32.dll
0x00007ff94e8a0000 - 0x00007ff94e946000 	C:\WINDOWS\System32\sechost.dll
0x00007ff94d580000 - 0x00007ff94d698000 	C:\WINDOWS\System32\RPCRT4.dll
0x00007ff94e420000 - 0x00007ff94e494000 	C:\WINDOWS\System32\WS2_32.dll
0x00007ff944560000 - 0x00007ff944595000 	C:\WINDOWS\SYSTEM32\WINMM.dll
0x00007ff945000000 - 0x00007ff94500b000 	C:\WINDOWS\SYSTEM32\VERSION.dll
0x00007ff94c170000 - 0x00007ff94c1ce000 	C:\WINDOWS\SYSTEM32\POWRPROF.dll
0x00007ff94c150000 - 0x00007ff94c164000 	C:\WINDOWS\SYSTEM32\UMPDC.dll
0x00007ff94b090000 - 0x00007ff94b0ab000 	C:\WINDOWS\SYSTEM32\kernel.appcore.dll
0x00007ff93ff70000 - 0x00007ff93ff7a000 	C:\Program Files\Microsoft\jdk-17.0.12.7-hotspot\bin\jimage.dll
0x00007ff949b20000 - 0x00007ff949d61000 	C:\WINDOWS\SYSTEM32\DBGHELP.DLL
0x00007ff94eba0000 - 0x00007ff94ef25000 	C:\WINDOWS\System32\combase.dll
0x00007ff94d6a0000 - 0x00007ff94d780000 	C:\WINDOWS\System32\OLEAUT32.dll
0x00007ff938870000 - 0x00007ff9388b3000 	C:\WINDOWS\SYSTEM32\dbgcore.DLL
0x00007ff94c890000 - 0x00007ff94c929000 	C:\WINDOWS\System32\bcryptPrimitives.dll
0x00007ff933190000 - 0x00007ff9331b5000 	C:\Program Files\Microsoft\jdk-17.0.12.7-hotspot\bin\java.dll
0x00007ff8faec0000 - 0x00007ff8faf97000 	C:\Program Files\Microsoft\jdk-17.0.12.7-hotspot\bin\jsvml.dll
0x00007ff94dcd0000 - 0x00007ff94e41d000 	C:\WINDOWS\System32\SHELL32.dll
0x00007ff94c960000 - 0x00007ff94cad3000 	C:\WINDOWS\System32\wintypes.dll
0x00007ff949f10000 - 0x00007ff94a770000 	C:\WINDOWS\SYSTEM32\windows.storage.dll
0x00007ff94e980000 - 0x00007ff94ea75000 	C:\WINDOWS\System32\SHCORE.dll
0x00007ff94eb30000 - 0x00007ff94eb9a000 	C:\WINDOWS\System32\shlwapi.dll
0x00007ff94c230000 - 0x00007ff94c259000 	C:\WINDOWS\SYSTEM32\profapi.dll
0x00007ff93aaa0000 - 0x00007ff93aaba000 	C:\Program Files\Microsoft\jdk-17.0.12.7-hotspot\bin\net.dll
0x00007ff944c60000 - 0x00007ff944d7e000 	C:\WINDOWS\SYSTEM32\WINHTTP.dll
0x00007ff94b620000 - 0x00007ff94b68b000 	C:\WINDOWS\system32\mswsock.dll
0x00007ff939c60000 - 0x00007ff939c76000 	C:\Program Files\Microsoft\jdk-17.0.12.7-hotspot\bin\nio.dll
0x00007ff938600000 - 0x00007ff938618000 	C:\Program Files\Microsoft\jdk-17.0.12.7-hotspot\bin\zip.dll
0x00007ff938f80000 - 0x00007ff938f90000 	C:\Program Files\Microsoft\jdk-17.0.12.7-hotspot\bin\verify.dll
0x00007ff8d02f0000 - 0x00007ff8d0317000 	C:\Users\moham\.gradle\native\c067742578af261105cb4f569cf0c3c89f3d7b1fecec35dd04571415982c5e48\windows-amd64\native-platform.dll
0x00007ff944440000 - 0x00007ff94444a000 	C:\Users\moham\.gradle\native\jansi\1.18\windows64\jansi.dll
0x00007ff938320000 - 0x00007ff93832a000 	C:\Program Files\Microsoft\jdk-17.0.12.7-hotspot\bin\management.dll
0x00007ff938270000 - 0x00007ff93827b000 	C:\Program Files\Microsoft\jdk-17.0.12.7-hotspot\bin\management_ext.dll
0x00007ff94ea80000 - 0x00007ff94ea88000 	C:\WINDOWS\System32\PSAPI.DLL
0x00007ff94b8f0000 - 0x00007ff94b90b000 	C:\WINDOWS\SYSTEM32\CRYPTSP.dll
0x00007ff94aff0000 - 0x00007ff94b02b000 	C:\WINDOWS\system32\rsaenh.dll
0x00007ff94b6c0000 - 0x00007ff94b6eb000 	C:\WINDOWS\SYSTEM32\USERENV.dll
0x00007ff94c200000 - 0x00007ff94c226000 	C:\WINDOWS\SYSTEM32\bcrypt.dll
0x00007ff94b8e0000 - 0x00007ff94b8ec000 	C:\WINDOWS\SYSTEM32\CRYPTBASE.dll
0x00007ff94aa80000 - 0x00007ff94aab3000 	C:\WINDOWS\SYSTEM32\IPHLPAPI.DLL
0x00007ff94eaa0000 - 0x00007ff94eaaa000 	C:\WINDOWS\System32\NSI.dll
0x00007ff945010000 - 0x00007ff94502f000 	C:\WINDOWS\SYSTEM32\dhcpcsvc6.DLL
0x00007ff944b70000 - 0x00007ff944b95000 	C:\WINDOWS\SYSTEM32\dhcpcsvc.DLL
0x00007ff94ab10000 - 0x00007ff94ac36000 	C:\WINDOWS\SYSTEM32\DNSAPI.dll
0x00007ff934da0000 - 0x00007ff934da9000 	C:\Program Files\Microsoft\jdk-17.0.12.7-hotspot\bin\extnet.dll
0x00007ff9414c0000 - 0x00007ff9414ce000 	C:\Program Files\Microsoft\jdk-17.0.12.7-hotspot\bin\sunmscapi.dll
0x00007ff94c710000 - 0x00007ff94c887000 	C:\WINDOWS\System32\CRYPT32.dll
0x00007ff94bb00000 - 0x00007ff94bb30000 	C:\WINDOWS\SYSTEM32\ncrypt.dll
0x00007ff94bab0000 - 0x00007ff94baef000 	C:\WINDOWS\SYSTEM32\NTASN1.dll
0x00007ff8ccc90000 - 0x00007ff8ccc98000 	C:\WINDOWS\system32\wshunix.dll

dbghelp: loaded successfully - version: 4.0.5 - missing functions: none
symbol engine: initialized successfully - sym options: 0x614 - pdb path: .;C:\Program Files\Microsoft\jdk-17.0.12.7-hotspot\bin;C:\WINDOWS\SYSTEM32;C:\WINDOWS\WinSxS\amd64_microsoft.windows.common-controls_6595b64144ccf1df_6.0.26100.4768_none_3e0c112ce331287c;C:\Program Files\Microsoft\jdk-17.0.12.7-hotspot\bin\server;C:\Users\moham\.gradle\native\c067742578af261105cb4f569cf0c3c89f3d7b1fecec35dd04571415982c5e48\windows-amd64;C:\Users\moham\.gradle\native\jansi\1.18\windows64

VM Arguments:
jvm_args: -Xmx64m -Xms64m -Dorg.gradle.appname=gradlew 
java_command: org.gradle.wrapper.GradleWrapperMain assembleRelease
java_class_path (initial): D:\Mobile_App-master\Mobile_app_klass\android\\gradle\wrapper\gradle-wrapper.jar
Launcher Type: SUN_STANDARD

[Global flags]
     intx CICompilerCount                          = 12                                        {product} {ergonomic}
     uint ConcGCThreads                            = 3                                         {product} {ergonomic}
     uint G1ConcRefinementThreads                  = 13                                        {product} {ergonomic}
   size_t G1HeapRegionSize                         = 1048576                                   {product} {ergonomic}
    uintx GCDrainStackTargetSize                   = 64                                        {product} {ergonomic}
   size_t InitialHeapSize                          = 67108864                                  {product} {command line}
   size_t MarkStackSize                            = 4194304                                   {product} {ergonomic}
   size_t MaxHeapSize                              = 67108864                                  {product} {command line}
   size_t MaxNewSize                               = 39845888                                  {product} {ergonomic}
   size_t MinHeapDeltaBytes                        = 1048576                                   {product} {ergonomic}
   size_t MinHeapSize                              = 67108864                                  {product} {command line}
    uintx NonNMethodCodeHeapSize                   = 7602480                                {pd product} {ergonomic}
    uintx NonProfiledCodeHeapSize                  = 122027880                              {pd product} {ergonomic}
    uintx ProfiledCodeHeapSize                     = 122027880                              {pd product} {ergonomic}
    uintx ReservedCodeCacheSize                    = 251658240                              {pd product} {ergonomic}
     bool SegmentedCodeCache                       = true                                      {product} {ergonomic}
   size_t SoftMaxHeapSize                          = 67108864                               {manageable} {ergonomic}
     bool UseCompressedClassPointers               = true                           {product lp64_product} {ergonomic}
     bool UseCompressedOops                        = true                           {product lp64_product} {ergonomic}
     bool UseG1GC                                  = true                                      {product} {ergonomic}
     bool UseLargePagesIndividualAllocation        = false                                  {pd product} {ergonomic}

Logging:
Log output configuration:
 #0: stdout all=warning uptime,level,tags
 #1: stderr all=off uptime,level,tags

Environment Variables:
JAVA_HOME=C:\Program Files\Microsoft\jdk-17.0.12.7-hotspot\
CLASSPATH=D:\Mobile_App-master\Mobile_app_klass\android\\gradle\wrapper\gradle-wrapper.jar
PATH=C:\Program Files\Common Files\Oracle\Java\javapath;C:\Program Files\Microsoft\jdk-17.0.12.7-hotspot\bin;C:\WINDOWS\system32;C:\WINDOWS;C:\WINDOWS\System32\Wbem;C:\WINDOWS\System32\WindowsPowerShell\v1.0\;C:\WINDOWS\System32\OpenSSH\;C:\ProgramData\chocolatey\bin;C:\Program Files\nodejs\;C:\Program Files\Git\cmd;C:\Users\moham\Downloads\php-8.4.7-nts-Win32-vs17-x86;C:\Users\moham\AppData\Local\Android\Sdk\tools;C:\Users\moham\AppData\Local\Microsoft\WindowsApps;C:\Users\moham\AppData\Local\Programs\Microsoft VS Code\bin;C:\Users\moham\AppData\Roaming\npm;C:\Users\moham\AppData\Local\Android\Sdk\platform-tools;D:\Xampp\mysql\bin;
USERNAME=moham
LANG=en_US.UTF-8
OS=Windows_NT
PROCESSOR_IDENTIFIER=AMD64 Family 23 Model 104 Stepping 1, AuthenticAMD
TMP=C:\Users\moham\AppData\Local\Temp
TEMP=C:\Users\moham\AppData\Local\Temp



Periodic native trim disabled


---------------  S Y S T E M  ---------------

OS:
 Windows 11 , 64 bit Build 26100 (10.0.26100.4768)
OS uptime: 21 days 0:37 hours
Hyper-V role detected

CPU: total 16 (initial active 16) (16 cores per cpu, 2 threads per core) family 23 model 104 stepping 1 microcode 0x8608107, cx8, cmov, fxsr, ht, mmx, 3dnowpref, sse, sse2, sse3, ssse3, sse4a, sse4.1, sse4.2, popcnt, lzcnt, tsc, tscinvbit, avx, avx2, aes, clmul, bmi1, bmi2, adx, sha, fma, vzeroupper, clflush, clflushopt, hv
Processor Information for the first 16 processors :
  Max Mhz: 1801, Current Mhz: 1801, Mhz Limit: 1801

Memory: 4k page, system-wide physical 5989M (404M free)
TotalPageFile size 24421M (AvailPageFile size 0M)
current process WorkingSet (physical memory assigned to process): 27M, peak: 109M
current process commit charge ("private bytes"): 183M, peak: 189M

vm_info: OpenJDK 64-Bit Server VM (17.0.12+7-LTS) for windows-amd64 JRE (17.0.12+7-LTS), built on Jul 16 2024 18:11:44 by "MicrosoftCorporation" with unknown MS VC++:1939

END.
