#
# There is insufficient memory for the Java Runtime Environment to continue.
# Native memory allocation (mmap) failed to map 67108864 bytes. Error detail: G1 virtual space
# Possible reasons:
#   The system is out of physical RAM or swap space
#   This process is running with CompressedOops enabled, and the Java Heap may be blocking the growth of the native heap
# Possible solutions:
#   Reduce memory load on the system
#   Increase physical memory or swap space
#   Check if swap backing store is full
#   Decrease Java heap size (-Xmx/-Xms)
#   Decrease number of Java threads
#   Decrease Java thread stack sizes (-Xss)
#   Set larger code cache with -XX:ReservedCodeCacheSize=
#   JVM is running with Unscaled Compressed Oops mode in which the Java heap is
#     placed in the first 4GB address space. The Java Heap base address is the
#     maximum limit for the native heap growth. Please use -XX:HeapBaseMinAddress
#     to set the Java Heap base and to place the Java Heap above 4GB virtual address.
# This output file may be truncated or incomplete.
#
#  Out of Memory Error (os_windows.cpp:3678), pid=11044, tid=9720
#
# JRE version:  (17.0.12+7) (build )
# Java VM: OpenJDK 64-Bit Server VM (17.0.12+7-LTS, mixed mode, sharing, tiered, compressed oops, compressed class ptrs, g1 gc, windows-amd64)
# No core dump will be written. Minidumps are not enabled by default on client versions of Windows
#

---------------  S U M M A R Y ------------

Command Line: -Xmx64m -Xms64m -Dorg.gradle.appname=gradlew org.gradle.wrapper.GradleWrapperMain app:installDebug -PreactNativeDevServerPort=8081

Host: AMD Ryzen 7 5700U with Radeon Graphics         , 16 cores, 5G,  Windows 11 , 64 bit Build 26100 (10.0.26100.4202)
Time: Tue Aug  5 20:37:50 2025 India Standard Time elapsed time: 1.108057 seconds (0d 0h 0m 1s)

---------------  T H R E A D  ---------------

Current thread (0x0000024608dfcc90):  JavaThread "Unknown thread" [_thread_in_vm, id=9720, stack(0x000000eba6900000,0x000000eba6a00000)]

Stack: [0x000000eba6900000,0x000000eba6a00000]
Native frames: (J=compiled Java code, j=interpreted, Vv=VM code, C=native code)
V  [jvm.dll+0x686d99]
V  [jvm.dll+0x83daf8]
V  [jvm.dll+0x83f5a3]
V  [jvm.dll+0x83fc13]
V  [jvm.dll+0x2492ef]
V  [jvm.dll+0x683dd9]
V  [jvm.dll+0x6782fa]
V  [jvm.dll+0x30a797]
V  [jvm.dll+0x311d06]
V  [jvm.dll+0x36252e]
V  [jvm.dll+0x36276d]
V  [jvm.dll+0x2e1a9c]
V  [jvm.dll+0x2e29b4]
V  [jvm.dll+0x80faab]
V  [jvm.dll+0x370241]
V  [jvm.dll+0x7ee6bf]
V  [jvm.dll+0x3f6ccf]
V  [jvm.dll+0x3f87f1]
C  [jli.dll+0x5284]
C  [ucrtbase.dll+0x37b0]
C  [KERNEL32.DLL+0x2e8d7]
C  [ntdll.dll+0x3c34c]


---------------  P R O C E S S  ---------------

Threads class SMR info:
_java_thread_list=0x00007ff89ec6cf98, length=0, elements={
}

Java Threads: ( => current thread )

Other Threads:
  0x0000024608e1df80 GCTaskThread "GC Thread#0" [stack: 0x000000eba6a00000,0x000000eba6b00000] [id=14208]
  0x0000024608e205f0 ConcurrentGCThread "G1 Main Marker" [stack: 0x000000eba6b00000,0x000000eba6c00000] [id=29676]
  0x0000024608e21bf0 ConcurrentGCThread "G1 Conc#0" [stack: 0x000000eba6c00000,0x000000eba6d00000] [id=7784]

[error occurred during error reporting (printing all threads), id 0xc0000005, EXCEPTION_ACCESS_VIOLATION (0xc0000005) at pc=0x00007ff89e4225b7]

VM state: not at safepoint (not fully initialized)

VM Mutex/Monitor currently owned by a thread:  ([mutex/lock_event])
[0x0000024608df7c80] Heap_lock - owner thread: 0x0000024608dfcc90

Heap address: 0x00000000fc000000, size: 64 MB, Compressed Oops mode: 32-bit

CDS archive(s) mapped at: [0x0000000000000000-0x0000000000000000-0x0000000000000000), size 0, SharedBaseAddress: 0x0000000800000000, ArchiveRelocationMode: 1.
Narrow klass base: 0x0000000000000000, Narrow klass shift: 0, Narrow klass range: 0x0

GC Precious Log:
<Empty>

Heap:
 garbage-first heap   total 0K, used 0K [0x00000000fc000000, 0x0000000100000000)
  region size 1024K, 0 young (0K), 0 survivors (0K)

[error occurred during error reporting (printing heap information), id 0xc0000005, EXCEPTION_ACCESS_VIOLATION (0xc0000005) at pc=0x00007ff89e810a39]

GC Heap History (0 events):
No events

Dll operation events (1 events):
Event: 0.014 Loaded shared library C:\Program Files\Microsoft\jdk-17.0.12.7-hotspot\bin\java.dll

Deoptimization events (0 events):
No events

Classes loaded (0 events):
No events

Classes unloaded (0 events):
No events

Classes redefined (0 events):
No events

Internal exceptions (0 events):
No events

VM Operations (0 events):
No events

Events (0 events):
No events


Dynamic libraries:
0x00007ff6c5ec0000 - 0x00007ff6c5ece000 	C:\Program Files\Microsoft\jdk-17.0.12.7-hotspot\bin\java.exe
0x00007ff950b60000 - 0x00007ff950dc5000 	C:\WINDOWS\SYSTEM32\ntdll.dll
0x00007ff94f870000 - 0x00007ff94f939000 	C:\WINDOWS\System32\KERNEL32.DLL
0x00007ff94e270000 - 0x00007ff94e658000 	C:\WINDOWS\System32\KERNELBASE.dll
0x00007ff94e7b0000 - 0x00007ff94e8fb000 	C:\WINDOWS\System32\ucrtbase.dll
0x00007ff942b50000 - 0x00007ff942b6d000 	C:\Program Files\Microsoft\jdk-17.0.12.7-hotspot\bin\VCRUNTIME140.dll
0x00007ff942b70000 - 0x00007ff942b87000 	C:\Program Files\Microsoft\jdk-17.0.12.7-hotspot\bin\jli.dll
0x00007ff9505c0000 - 0x00007ff95078a000 	C:\WINDOWS\System32\USER32.dll
0x00007ff94dcb0000 - 0x00007ff94dcd7000 	C:\WINDOWS\System32\win32u.dll
0x00007ff9388f0000 - 0x00007ff938b8a000 	C:\WINDOWS\WinSxS\amd64_microsoft.windows.common-controls_6595b64144ccf1df_6.0.26100.4202_none_3e0698d4e335f517\COMCTL32.dll
0x00007ff950520000 - 0x00007ff95054b000 	C:\WINDOWS\System32\GDI32.dll
0x00007ff950970000 - 0x00007ff950a19000 	C:\WINDOWS\System32\msvcrt.dll
0x00007ff94e080000 - 0x00007ff94e1b7000 	C:\WINDOWS\System32\gdi32full.dll
0x00007ff94e1c0000 - 0x00007ff94e263000 	C:\WINDOWS\System32\msvcp_win.dll
0x00007ff950ae0000 - 0x00007ff950b10000 	C:\WINDOWS\System32\IMM32.DLL
0x00007ff942b40000 - 0x00007ff942b4c000 	C:\Program Files\Microsoft\jdk-17.0.12.7-hotspot\bin\vcruntime140_1.dll
0x00007ff914dc0000 - 0x00007ff914e4d000 	C:\Program Files\Microsoft\jdk-17.0.12.7-hotspot\bin\msvcp140.dll
0x00007ff89e130000 - 0x00007ff89eda0000 	C:\Program Files\Microsoft\jdk-17.0.12.7-hotspot\bin\server\jvm.dll
0x00007ff950a20000 - 0x00007ff950ad3000 	C:\WINDOWS\System32\ADVAPI32.dll
0x00007ff94f940000 - 0x00007ff94f9e6000 	C:\WINDOWS\System32\sechost.dll
0x00007ff94fe30000 - 0x00007ff94ff45000 	C:\WINDOWS\System32\RPCRT4.dll
0x00007ff94f9f0000 - 0x00007ff94fa64000 	C:\WINDOWS\System32\WS2_32.dll
0x00007ff94db00000 - 0x00007ff94db5e000 	C:\WINDOWS\SYSTEM32\POWRPROF.dll
0x00007ff9467b0000 - 0x00007ff9467e5000 	C:\WINDOWS\SYSTEM32\WINMM.dll
0x00007ff9467f0000 - 0x00007ff9467fb000 	C:\WINDOWS\SYSTEM32\VERSION.dll
0x00007ff94dae0000 - 0x00007ff94daf4000 	C:\WINDOWS\SYSTEM32\UMPDC.dll
0x00007ff94c9d0000 - 0x00007ff94c9eb000 	C:\WINDOWS\SYSTEM32\kernel.appcore.dll
0x00007ff942b30000 - 0x00007ff942b3a000 	C:\Program Files\Microsoft\jdk-17.0.12.7-hotspot\bin\jimage.dll
0x00007ff94b690000 - 0x00007ff94b8d1000 	C:\WINDOWS\SYSTEM32\DBGHELP.DLL
0x00007ff94ff60000 - 0x00007ff9502e5000 	C:\WINDOWS\System32\combase.dll
0x00007ff94fa70000 - 0x00007ff94fb51000 	C:\WINDOWS\System32\OLEAUT32.dll
0x00007ff938c80000 - 0x00007ff938cb9000 	C:\WINDOWS\SYSTEM32\dbgcore.DLL
0x00007ff94de60000 - 0x00007ff94def9000 	C:\WINDOWS\System32\bcryptPrimitives.dll
0x00007ff942b00000 - 0x00007ff942b25000 	C:\Program Files\Microsoft\jdk-17.0.12.7-hotspot\bin\java.dll

dbghelp: loaded successfully - version: 4.0.5 - missing functions: none
symbol engine: initialized successfully - sym options: 0x614 - pdb path: .;C:\Program Files\Microsoft\jdk-17.0.12.7-hotspot\bin;C:\WINDOWS\SYSTEM32;C:\WINDOWS\WinSxS\amd64_microsoft.windows.common-controls_6595b64144ccf1df_6.0.26100.4202_none_3e0698d4e335f517;C:\Program Files\Microsoft\jdk-17.0.12.7-hotspot\bin\server

VM Arguments:
jvm_args: -Xmx64m -Xms64m -Dorg.gradle.appname=gradlew 
java_command: org.gradle.wrapper.GradleWrapperMain app:installDebug -PreactNativeDevServerPort=8081
java_class_path (initial): D:\Mobile_App-master\Mobile_app_klass\android\\gradle\wrapper\gradle-wrapper.jar
Launcher Type: SUN_STANDARD

[Global flags]
     intx CICompilerCount                          = 12                                        {product} {ergonomic}
     uint ConcGCThreads                            = 3                                         {product} {ergonomic}
     uint G1ConcRefinementThreads                  = 13                                        {product} {ergonomic}
   size_t G1HeapRegionSize                         = 1048576                                   {product} {ergonomic}
    uintx GCDrainStackTargetSize                   = 64                                        {product} {ergonomic}
   size_t InitialHeapSize                          = 67108864                                  {product} {command line}
   size_t MarkStackSize                            = 4194304                                   {product} {ergonomic}
   size_t MaxHeapSize                              = 67108864                                  {product} {command line}
   size_t MinHeapDeltaBytes                        = 1048576                                   {product} {ergonomic}
   size_t MinHeapSize                              = 67108864                                  {product} {command line}
    uintx NonNMethodCodeHeapSize                   = 7602480                                {pd product} {ergonomic}
    uintx NonProfiledCodeHeapSize                  = 122027880                              {pd product} {ergonomic}
    uintx ProfiledCodeHeapSize                     = 122027880                              {pd product} {ergonomic}
    uintx ReservedCodeCacheSize                    = 251658240                              {pd product} {ergonomic}
     bool SegmentedCodeCache                       = true                                      {product} {ergonomic}
   size_t SoftMaxHeapSize                          = 67108864                               {manageable} {ergonomic}
     bool UseCompressedClassPointers               = true                           {product lp64_product} {ergonomic}
     bool UseCompressedOops                        = true                           {product lp64_product} {ergonomic}
     bool UseG1GC                                  = true                                      {product} {ergonomic}
     bool UseLargePagesIndividualAllocation        = false                                  {pd product} {ergonomic}

Logging:
Log output configuration:
 #0: stdout all=warning uptime,level,tags
 #1: stderr all=off uptime,level,tags

Environment Variables:
JAVA_HOME=C:\Program Files\Microsoft\jdk-17.0.12.7-hotspot\
CLASSPATH=D:\Mobile_App-master\Mobile_app_klass\android\\gradle\wrapper\gradle-wrapper.jar
PATH=D:\Mobile_App-master\Mobile_app_klass\node_modules\.bin;D:\Mobile_App-master\Mobile_app_klass\node_modules\.bin;D:\Mobile_App-master\node_modules\.bin;D:\node_modules\.bin;C:\Users\moham\AppData\Roaming\npm\node_modules\npm\node_modules\@npmcli\run-script\lib\node-gyp-bin;C:\Program Files\Common Files\Oracle\Java\javapath;C:\Program Files\Microsoft\jdk-17.0.12.7-hotspot\bin;C:\WINDOWS\system32;C:\WINDOWS;C:\WINDOWS\System32\Wbem;C:\WINDOWS\System32\WindowsPowerShell\v1.0\;C:\WINDOWS\System32\OpenSSH\;C:\ProgramData\chocolatey\bin;C:\Program Files\nodejs\;C:\Program Files\Git\cmd;C:\Users\moham\Downloads\php-8.4.7-nts-Win32-vs17-x86;C:\Users\moham\AppData\Local\Android\Sdk\tools;C:\Users\moham\AppData\Local\Microsoft\WindowsApps;C:\Users\moham\AppData\Local\Programs\Microsoft VS Code\bin;C:\Users\moham\AppData\Roaming\npm;C:\Users\moham\AppData\Local\Android\Sdk\platform-tools;D:\Xampp\mysql\bin;
USERNAME=moham
LANG=en_US.UTF-8
OS=Windows_NT
PROCESSOR_IDENTIFIER=AMD64 Family 23 Model 104 Stepping 1, AuthenticAMD
TMP=C:\Users\moham\AppData\Local\Temp
TEMP=C:\Users\moham\AppData\Local\Temp



Periodic native trim disabled


---------------  S Y S T E M  ---------------

OS:
 Windows 11 , 64 bit Build 26100 (10.0.26100.4202)
OS uptime: 6 days 1:05 hours
Hyper-V role detected

CPU: total 16 (initial active 16) (16 cores per cpu, 2 threads per core) family 23 model 104 stepping 1 microcode 0x8608107, cx8, cmov, fxsr, ht, mmx, 3dnowpref, sse, sse2, sse3, ssse3, sse4a, sse4.1, sse4.2, popcnt, lzcnt, tsc, tscinvbit, avx, avx2, aes, clmul, bmi1, bmi2, adx, sha, fma, vzeroupper, clflush, clflushopt, hv
Processor Information for the first 16 processors :
  Max Mhz: 1801, Current Mhz: 1801, Mhz Limit: 1801

Memory: 4k page, system-wide physical 5989M (541M free)
TotalPageFile size 24421M (AvailPageFile size 36M)
current process WorkingSet (physical memory assigned to process): 12M, peak: 12M
current process commit charge ("private bytes"): 69M, peak: 133M

vm_info: OpenJDK 64-Bit Server VM (17.0.12+7-LTS) for windows-amd64 JRE (17.0.12+7-LTS), built on Jul 16 2024 18:11:44 by "MicrosoftCorporation" with unknown MS VC++:1939

END.
