#
# There is insufficient memory for the Java Runtime Environment to continue.
# Native memory allocation (malloc) failed to allocate 86080 bytes. Error detail: Chunk::new
# Possible reasons:
#   The system is out of physical RAM or swap space
#   This process is running with CompressedOops enabled, and the Java Heap may be blocking the growth of the native heap
# Possible solutions:
#   Reduce memory load on the system
#   Increase physical memory or swap space
#   Check if swap backing store is full
#   Decrease Java heap size (-Xmx/-Xms)
#   Decrease number of Java threads
#   Decrease Java thread stack sizes (-Xss)
#   Set larger code cache with -XX:ReservedCodeCacheSize=
#   JVM is running with Unscaled Compressed Oops mode in which the Java heap is
#     placed in the first 4GB address space. The Java Heap base address is the
#     maximum limit for the native heap growth. Please use -XX:HeapBaseMinAddress
#     to set the Java Heap base and to place the Java Heap above 4GB virtual address.
# This output file may be truncated or incomplete.
#
#  Out of Memory Error (arena.cpp:191), pid=26752, tid=4428
#
# JRE version: OpenJDK Runtime Environment Microsoft-9889599 (17.0.12+7) (build 17.0.12+7-LTS)
# Java VM: OpenJDK 64-Bit Server VM Microsoft-9889599 (17.0.12+7-LTS, mixed mode, sharing, tiered, compressed oops, compressed class ptrs, g1 gc, windows-amd64)
# No core dump will be written. Minidumps are not enabled by default on client versions of Windows
#

---------------  S U M M A R Y ------------

Command Line: -Xmx64m -Xms64m -Dorg.gradle.appname=gradlew org.gradle.wrapper.GradleWrapperMain assembleRelease

Host: AMD Ryzen 7 5700U with Radeon Graphics         , 16 cores, 5G,  Windows 11 , 64 bit Build 26100 (10.0.26100.4768)
Time: Tue Aug 26 19:08:38 2025 India Standard Time elapsed time: 154.876860 seconds (0d 0h 2m 34s)

---------------  T H R E A D  ---------------

Current thread (0x0000024facd53aa0):  JavaThread "C2 CompilerThread0" daemon [_thread_in_native, id=4428, stack(0x000000b6a7600000,0x000000b6a7700000)]


Current CompileTask:
C2: 154877 2089       4       java.util.HashMap$HashIterator::<init> (79 bytes)

Stack: [0x000000b6a7600000,0x000000b6a7700000]
Native frames: (J=compiled Java code, j=interpreted, Vv=VM code, C=native code)
V  [jvm.dll+0x686d99]
V  [jvm.dll+0x83daf8]
V  [jvm.dll+0x83f5a3]
V  [jvm.dll+0x83fc13]
V  [jvm.dll+0x2492ef]
V  [jvm.dll+0xad0a4]
V  [jvm.dll+0xad73c]
V  [jvm.dll+0x36a44e]
V  [jvm.dll+0x334b83]
V  [jvm.dll+0x33401a]
V  [jvm.dll+0x21a538]
V  [jvm.dll+0x21996f]
V  [jvm.dll+0x1a53e6]
V  [jvm.dll+0x229faa]
V  [jvm.dll+0x2280fb]
V  [jvm.dll+0x7f3508]
V  [jvm.dll+0x7ed87c]
V  [jvm.dll+0x685c77]
C  [ucrtbase.dll+0x37b0]
C  [KERNEL32.DLL+0x2e8d7]
C  [ntdll.dll+0x3c34c]


---------------  P R O C E S S  ---------------

Threads class SMR info:
_java_thread_list=0x0000024ff345d910, length=15, elements={
0x0000024f92852470, 0x0000024facd34d60, 0x0000024facd35920, 0x0000024facd4f9b0,
0x0000024facd50280, 0x0000024facd50c40, 0x0000024facd51600, 0x0000024facd53aa0,
0x0000024facd55870, 0x0000024facd5a940, 0x0000024ff20d01c0, 0x0000024ff20d3520,
0x0000024ff2c1e0d0, 0x0000024ff3473b10, 0x0000024ff33c4ed0
}

Java Threads: ( => current thread )
  0x0000024f92852470 JavaThread "main" [_thread_in_native, id=28008, stack(0x000000b6a6900000,0x000000b6a6a00000)]
  0x0000024facd34d60 JavaThread "Reference Handler" daemon [_thread_blocked, id=5664, stack(0x000000b6a7000000,0x000000b6a7100000)]
  0x0000024facd35920 JavaThread "Finalizer" daemon [_thread_blocked, id=28296, stack(0x000000b6a7100000,0x000000b6a7200000)]
  0x0000024facd4f9b0 JavaThread "Signal Dispatcher" daemon [_thread_blocked, id=2124, stack(0x000000b6a7200000,0x000000b6a7300000)]
  0x0000024facd50280 JavaThread "Attach Listener" daemon [_thread_blocked, id=29160, stack(0x000000b6a7300000,0x000000b6a7400000)]
  0x0000024facd50c40 JavaThread "Service Thread" daemon [_thread_blocked, id=11452, stack(0x000000b6a7400000,0x000000b6a7500000)]
  0x0000024facd51600 JavaThread "Monitor Deflation Thread" daemon [_thread_blocked, id=25656, stack(0x000000b6a7500000,0x000000b6a7600000)]
=>0x0000024facd53aa0 JavaThread "C2 CompilerThread0" daemon [_thread_in_native, id=4428, stack(0x000000b6a7600000,0x000000b6a7700000)]
  0x0000024facd55870 JavaThread "C1 CompilerThread0" daemon [_thread_blocked, id=12220, stack(0x000000b6a7700000,0x000000b6a7800000)]
  0x0000024facd5a940 JavaThread "Sweeper thread" daemon [_thread_blocked, id=27904, stack(0x000000b6a7800000,0x000000b6a7900000)]
  0x0000024ff20d01c0 JavaThread "Notification Thread" daemon [_thread_blocked, id=2356, stack(0x000000b6a7b00000,0x000000b6a7c00000)]
  0x0000024ff20d3520 JavaThread "Common-Cleaner" daemon [_thread_blocked, id=248, stack(0x000000b6a7d00000,0x000000b6a7e00000)]
  0x0000024ff2c1e0d0 JavaThread "pool-1-thread-1" [_thread_blocked, id=13108, stack(0x000000b6a8500000,0x000000b6a8600000)]
  0x0000024ff3473b10 JavaThread "DisconnectableInputStream source reader" daemon [_thread_in_native, id=20856, stack(0x000000b6a8400000,0x000000b6a8500000)]
  0x0000024ff33c4ed0 JavaThread "Forward input" [_thread_blocked, id=27236, stack(0x000000b6a8700000,0x000000b6a8800000)]

Other Threads:
  0x0000024facd31810 VMThread "VM Thread" [stack: 0x000000b6a6f00000,0x000000b6a7000000] [id=20240]
  0x0000024ff20d0eb0 WatcherThread [stack: 0x000000b6a7c00000,0x000000b6a7d00000] [id=26272]
  0x0000024f92875f80 GCTaskThread "GC Thread#0" [stack: 0x000000b6a6a00000,0x000000b6a6b00000] [id=12640]
  0x0000024ff24c0f80 GCTaskThread "GC Thread#1" [stack: 0x000000b6a8000000,0x000000b6a8100000] [id=19316]
  0x0000024ff2cde100 GCTaskThread "GC Thread#2" [stack: 0x000000b6a8100000,0x000000b6a8200000] [id=19996]
  0x0000024ff3064360 GCTaskThread "GC Thread#3" [stack: 0x000000b6a8200000,0x000000b6a8300000] [id=9512]
  0x0000024ff31a71a0 GCTaskThread "GC Thread#4" [stack: 0x000000b6a8300000,0x000000b6a8400000] [id=10004]
  0x0000024ff33990f0 GCTaskThread "GC Thread#5" [stack: 0x000000b6a7f00000,0x000000b6a8000000] [id=15268]
  0x0000024ff33c9130 GCTaskThread "GC Thread#6" [stack: 0x000000b6a8600000,0x000000b6a8700000] [id=13912]
  0x0000024f928776d0 ConcurrentGCThread "G1 Main Marker" [stack: 0x000000b6a6b00000,0x000000b6a6c00000] [id=27692]
  0x0000024f928780f0 ConcurrentGCThread "G1 Conc#0" [stack: 0x000000b6a6c00000,0x000000b6a6d00000] [id=23976]
  0x0000024f92904db0 ConcurrentGCThread "G1 Refine#0" [stack: 0x000000b6a6d00000,0x000000b6a6e00000] [id=968]
  0x0000024f92905680 ConcurrentGCThread "G1 Service" [stack: 0x000000b6a6e00000,0x000000b6a6f00000] [id=16644]

Threads with active compile tasks:
C2 CompilerThread0   154922 2089       4       java.util.HashMap$HashIterator::<init> (79 bytes)

VM state: not at safepoint (normal execution)

VM Mutex/Monitor currently owned by a thread: None

Heap address: 0x00000000fc000000, size: 64 MB, Compressed Oops mode: 32-bit

CDS archive(s) mapped at: [0x0000024fad000000-0x0000024fadbb0000-0x0000024fadbb0000), size 12255232, SharedBaseAddress: 0x0000024fad000000, ArchiveRelocationMode: 1.
Compressed class space mapped at: 0x0000024fae000000-0x0000024fee000000, reserved size: 1073741824
Narrow klass base: 0x0000024fad000000, Narrow klass shift: 0, Narrow klass range: 0x100000000

GC Precious Log:
 CPUs: 16 total, 16 available
 Memory: 5989M
 Large Page Support: Disabled
 NUMA Support: Disabled
 Compressed Oops: Enabled (32-bit)
 Heap Region Size: 1M
 Heap Min Capacity: 64M
 Heap Initial Capacity: 64M
 Heap Max Capacity: 64M
 Pre-touch: Disabled
 Parallel Workers: 13
 Concurrent Workers: 3
 Concurrent Refinement Workers: 13
 Periodic GC: Disabled

Heap:
 garbage-first heap   total 65536K, used 24401K [0x00000000fc000000, 0x0000000100000000)
  region size 1024K, 15 young (15360K), 2 survivors (2048K)
 Metaspace       used 10605K, committed 10816K, reserved 1114112K
  class space    used 1368K, committed 1472K, reserved 1048576K

Heap Regions: E=young(eden), S=young(survivor), O=old, HS=humongous(starts), HC=humongous(continues), CS=collection set, F=free, OA=open archive, CA=closed archive, TAMS=top-at-mark-start (previous, next)
|   0|0x00000000fc000000, 0x00000000fc100000, 0x00000000fc100000|100%|HS|  |TAMS 0x00000000fc000000, 0x00000000fc000000| Complete 
|   1|0x00000000fc100000, 0x00000000fc200000, 0x00000000fc200000|100%|HC|  |TAMS 0x00000000fc100000, 0x00000000fc100000| Complete 
|   2|0x00000000fc200000, 0x00000000fc300000, 0x00000000fc300000|100%|HC|  |TAMS 0x00000000fc200000, 0x00000000fc200000| Complete 
|   3|0x00000000fc300000, 0x00000000fc400000, 0x00000000fc400000|100%|HC|  |TAMS 0x00000000fc300000, 0x00000000fc300000| Complete 
|   4|0x00000000fc400000, 0x00000000fc500000, 0x00000000fc500000|100%| O|  |TAMS 0x00000000fc400000, 0x00000000fc400000| Untracked 
|   5|0x00000000fc500000, 0x00000000fc600000, 0x00000000fc600000|100%| O|  |TAMS 0x00000000fc500000, 0x00000000fc500000| Untracked 
|   6|0x00000000fc600000, 0x00000000fc700000, 0x00000000fc700000|100%| O|  |TAMS 0x00000000fc600000, 0x00000000fc600000| Untracked 
|   7|0x00000000fc700000, 0x00000000fc800000, 0x00000000fc800000|100%| O|  |TAMS 0x00000000fc700000, 0x00000000fc700000| Untracked 
|   8|0x00000000fc800000, 0x00000000fc900000, 0x00000000fc900000|100%| O|  |TAMS 0x00000000fc800000, 0x00000000fc800000| Untracked 
|   9|0x00000000fc900000, 0x00000000fca00000, 0x00000000fca00000|100%| O|  |TAMS 0x00000000fc900000, 0x00000000fc900000| Untracked 
|  10|0x00000000fca00000, 0x00000000fca71a00, 0x00000000fcb00000| 44%| O|  |TAMS 0x00000000fca00000, 0x00000000fca00000| Untracked 
|  11|0x00000000fcb00000, 0x00000000fcb00000, 0x00000000fcc00000|  0%| F|  |TAMS 0x00000000fcb00000, 0x00000000fcb00000| Untracked 
|  12|0x00000000fcc00000, 0x00000000fcc00000, 0x00000000fcd00000|  0%| F|  |TAMS 0x00000000fcc00000, 0x00000000fcc00000| Untracked 
|  13|0x00000000fcd00000, 0x00000000fcd00000, 0x00000000fce00000|  0%| F|  |TAMS 0x00000000fcd00000, 0x00000000fcd00000| Untracked 
|  14|0x00000000fce00000, 0x00000000fce00000, 0x00000000fcf00000|  0%| F|  |TAMS 0x00000000fce00000, 0x00000000fce00000| Untracked 
|  15|0x00000000fcf00000, 0x00000000fcf00000, 0x00000000fd000000|  0%| F|  |TAMS 0x00000000fcf00000, 0x00000000fcf00000| Untracked 
|  16|0x00000000fd000000, 0x00000000fd000000, 0x00000000fd100000|  0%| F|  |TAMS 0x00000000fd000000, 0x00000000fd000000| Untracked 
|  17|0x00000000fd100000, 0x00000000fd100000, 0x00000000fd200000|  0%| F|  |TAMS 0x00000000fd100000, 0x00000000fd100000| Untracked 
|  18|0x00000000fd200000, 0x00000000fd200000, 0x00000000fd300000|  0%| F|  |TAMS 0x00000000fd200000, 0x00000000fd200000| Untracked 
|  19|0x00000000fd300000, 0x00000000fd300000, 0x00000000fd400000|  0%| F|  |TAMS 0x00000000fd300000, 0x00000000fd300000| Untracked 
|  20|0x00000000fd400000, 0x00000000fd400000, 0x00000000fd500000|  0%| F|  |TAMS 0x00000000fd400000, 0x00000000fd400000| Untracked 
|  21|0x00000000fd500000, 0x00000000fd500000, 0x00000000fd600000|  0%| F|  |TAMS 0x00000000fd500000, 0x00000000fd500000| Untracked 
|  22|0x00000000fd600000, 0x00000000fd600000, 0x00000000fd700000|  0%| F|  |TAMS 0x00000000fd600000, 0x00000000fd600000| Untracked 
|  23|0x00000000fd700000, 0x00000000fd700000, 0x00000000fd800000|  0%| F|  |TAMS 0x00000000fd700000, 0x00000000fd700000| Untracked 
|  24|0x00000000fd800000, 0x00000000fd800000, 0x00000000fd900000|  0%| F|  |TAMS 0x00000000fd800000, 0x00000000fd800000| Untracked 
|  25|0x00000000fd900000, 0x00000000fd900000, 0x00000000fda00000|  0%| F|  |TAMS 0x00000000fd900000, 0x00000000fd900000| Untracked 
|  26|0x00000000fda00000, 0x00000000fda00000, 0x00000000fdb00000|  0%| F|  |TAMS 0x00000000fda00000, 0x00000000fda00000| Untracked 
|  27|0x00000000fdb00000, 0x00000000fdb00000, 0x00000000fdc00000|  0%| F|  |TAMS 0x00000000fdb00000, 0x00000000fdb00000| Untracked 
|  28|0x00000000fdc00000, 0x00000000fdc00000, 0x00000000fdd00000|  0%| F|  |TAMS 0x00000000fdc00000, 0x00000000fdc00000| Untracked 
|  29|0x00000000fdd00000, 0x00000000fdd00000, 0x00000000fde00000|  0%| F|  |TAMS 0x00000000fdd00000, 0x00000000fdd00000| Untracked 
|  30|0x00000000fde00000, 0x00000000fde00000, 0x00000000fdf00000|  0%| F|  |TAMS 0x00000000fde00000, 0x00000000fde00000| Untracked 
|  31|0x00000000fdf00000, 0x00000000fdf00000, 0x00000000fe000000|  0%| F|  |TAMS 0x00000000fdf00000, 0x00000000fdf00000| Untracked 
|  32|0x00000000fe000000, 0x00000000fe000000, 0x00000000fe100000|  0%| F|  |TAMS 0x00000000fe000000, 0x00000000fe000000| Untracked 
|  33|0x00000000fe100000, 0x00000000fe100000, 0x00000000fe200000|  0%| F|  |TAMS 0x00000000fe100000, 0x00000000fe100000| Untracked 
|  34|0x00000000fe200000, 0x00000000fe200000, 0x00000000fe300000|  0%| F|  |TAMS 0x00000000fe200000, 0x00000000fe200000| Untracked 
|  35|0x00000000fe300000, 0x00000000fe300000, 0x00000000fe400000|  0%| F|  |TAMS 0x00000000fe300000, 0x00000000fe300000| Untracked 
|  36|0x00000000fe400000, 0x00000000fe400000, 0x00000000fe500000|  0%| F|  |TAMS 0x00000000fe400000, 0x00000000fe400000| Untracked 
|  37|0x00000000fe500000, 0x00000000fe562c08, 0x00000000fe600000| 38%| S|CS|TAMS 0x00000000fe500000, 0x00000000fe500000| Complete 
|  38|0x00000000fe600000, 0x00000000fe600000, 0x00000000fe700000|  0%| F|  |TAMS 0x00000000fe600000, 0x00000000fe600000| Untracked 
|  39|0x00000000fe700000, 0x00000000fe700000, 0x00000000fe800000|  0%| F|  |TAMS 0x00000000fe700000, 0x00000000fe700000| Untracked 
|  40|0x00000000fe800000, 0x00000000fe800000, 0x00000000fe900000|  0%| F|  |TAMS 0x00000000fe800000, 0x00000000fe800000| Untracked 
|  41|0x00000000fe900000, 0x00000000fea00000, 0x00000000fea00000|100%| S|CS|TAMS 0x00000000fe900000, 0x00000000fe900000| Complete 
|  42|0x00000000fea00000, 0x00000000fea00000, 0x00000000feb00000|  0%| F|  |TAMS 0x00000000fea00000, 0x00000000fea00000| Untracked 
|  43|0x00000000feb00000, 0x00000000feb00000, 0x00000000fec00000|  0%| F|  |TAMS 0x00000000feb00000, 0x00000000feb00000| Untracked 
|  44|0x00000000fec00000, 0x00000000fec00000, 0x00000000fed00000|  0%| F|  |TAMS 0x00000000fec00000, 0x00000000fec00000| Untracked 
|  45|0x00000000fed00000, 0x00000000fed00000, 0x00000000fee00000|  0%| F|  |TAMS 0x00000000fed00000, 0x00000000fed00000| Untracked 
|  46|0x00000000fee00000, 0x00000000fee00000, 0x00000000fef00000|  0%| F|  |TAMS 0x00000000fee00000, 0x00000000fee00000| Untracked 
|  47|0x00000000fef00000, 0x00000000fef00000, 0x00000000ff000000|  0%| F|  |TAMS 0x00000000fef00000, 0x00000000fef00000| Untracked 
|  48|0x00000000ff000000, 0x00000000ff000000, 0x00000000ff100000|  0%| F|  |TAMS 0x00000000ff000000, 0x00000000ff000000| Untracked 
|  49|0x00000000ff100000, 0x00000000ff100000, 0x00000000ff200000|  0%| F|  |TAMS 0x00000000ff100000, 0x00000000ff100000| Untracked 
|  50|0x00000000ff200000, 0x00000000ff200000, 0x00000000ff300000|  0%| F|  |TAMS 0x00000000ff200000, 0x00000000ff200000| Untracked 
|  51|0x00000000ff300000, 0x00000000ff340308, 0x00000000ff400000| 25%| E|  |TAMS 0x00000000ff300000, 0x00000000ff300000| Complete 
|  52|0x00000000ff400000, 0x00000000ff500000, 0x00000000ff500000|100%| E|CS|TAMS 0x00000000ff400000, 0x00000000ff400000| Complete 
|  53|0x00000000ff500000, 0x00000000ff600000, 0x00000000ff600000|100%| E|CS|TAMS 0x00000000ff500000, 0x00000000ff500000| Complete 
|  54|0x00000000ff600000, 0x00000000ff700000, 0x00000000ff700000|100%| E|CS|TAMS 0x00000000ff600000, 0x00000000ff600000| Complete 
|  55|0x00000000ff700000, 0x00000000ff800000, 0x00000000ff800000|100%| E|CS|TAMS 0x00000000ff700000, 0x00000000ff700000| Complete 
|  56|0x00000000ff800000, 0x00000000ff900000, 0x00000000ff900000|100%| E|CS|TAMS 0x00000000ff800000, 0x00000000ff800000| Complete 
|  57|0x00000000ff900000, 0x00000000ffa00000, 0x00000000ffa00000|100%| E|CS|TAMS 0x00000000ff900000, 0x00000000ff900000| Complete 
|  58|0x00000000ffa00000, 0x00000000ffb00000, 0x00000000ffb00000|100%| E|CS|TAMS 0x00000000ffa00000, 0x00000000ffa00000| Complete 
|  59|0x00000000ffb00000, 0x00000000ffc00000, 0x00000000ffc00000|100%| E|CS|TAMS 0x00000000ffb00000, 0x00000000ffb00000| Complete 
|  60|0x00000000ffc00000, 0x00000000ffd00000, 0x00000000ffd00000|100%| E|CS|TAMS 0x00000000ffc00000, 0x00000000ffc00000| Complete 
|  61|0x00000000ffd00000, 0x00000000ffe00000, 0x00000000ffe00000|100%| E|CS|TAMS 0x00000000ffd00000, 0x00000000ffd00000| Complete 
|  62|0x00000000ffe00000, 0x00000000fff00000, 0x00000000fff00000|100%| E|CS|TAMS 0x00000000ffe00000, 0x00000000ffe00000| Complete 
|  63|0x00000000fff00000, 0x0000000100000000, 0x0000000100000000|100%| E|CS|TAMS 0x00000000fff00000, 0x00000000fff00000| Complete 

Card table byte_map: [0x0000024f92740000,0x0000024f92760000] _byte_map_base: 0x0000024f91f60000

Marking Bits (Prev, Next): (CMBitMap*) 0x0000024f928765a0, (CMBitMap*) 0x0000024f928765e0
 Prev Bits: [0x0000024fa9c00000, 0x0000024fa9d00000)
 Next Bits: [0x0000024fa9d00000, 0x0000024fa9e00000)

Polling page: 0x0000024f90b90000

Metaspace:

Usage:
  Non-class:      9.02 MB used.
      Class:      1.34 MB used.
       Both:     10.36 MB used.

Virtual space:
  Non-class space:       64.00 MB reserved,       9.12 MB ( 14%) committed,  1 nodes.
      Class space:        1.00 GB reserved,       1.44 MB ( <1%) committed,  1 nodes.
             Both:        1.06 GB reserved,      10.56 MB ( <1%) committed. 

Chunk freelists:
   Non-Class:  6.09 MB
       Class:  14.47 MB
        Both:  20.57 MB

MaxMetaspaceSize: unlimited
CompressedClassSpaceSize: 1.00 GB
Initial GC threshold: 21.00 MB
Current GC threshold: 21.00 MB
CDS: on
MetaspaceReclaimPolicy: balanced
 - commit_granule_bytes: 65536.
 - commit_granule_words: 8192.
 - virtual_space_node_default_size: 8388608.
 - enlarge_chunks_in_place: 1.
 - new_chunks_are_fully_committed: 0.
 - uncommit_free_chunks: 1.
 - use_allocation_guard: 0.
 - handle_deallocations: 1.


Internal statistics:

num_allocs_failed_limit: 0.
num_arena_births: 98.
num_arena_deaths: 0.
num_vsnodes_births: 2.
num_vsnodes_deaths: 0.
num_space_committed: 169.
num_space_uncommitted: 0.
num_chunks_returned_to_freelist: 0.
num_chunks_taken_from_freelist: 381.
num_chunk_merges: 0.
num_chunk_splits: 260.
num_chunks_enlarged: 214.
num_inconsistent_stats: 0.

CodeHeap 'non-profiled nmethods': size=119168Kb used=787Kb max_used=787Kb free=118380Kb
 bounds [0x0000024fa1f20000, 0x0000024fa2190000, 0x0000024fa9380000]
CodeHeap 'profiled nmethods': size=119104Kb used=4165Kb max_used=4165Kb free=114938Kb
 bounds [0x0000024f9a380000, 0x0000024f9a7a0000, 0x0000024fa17d0000]
CodeHeap 'non-nmethods': size=7488Kb used=1183Kb max_used=2874Kb free=6304Kb
 bounds [0x0000024fa17d0000, 0x0000024fa1aa0000, 0x0000024fa1f20000]
 total_blobs=2571 nmethods=2088 adapters=396
 compilation: enabled
              stopped_count=0, restarted_count=0
 full_count=0

Compilation events (20 events):
Event: 128.655 Thread 0x0000024facd53aa0 nmethod 2079 0x0000024fa1fe2290 code [0x0000024fa1fe2400, 0x0000024fa1fe2478]
Event: 128.655 Thread 0x0000024facd53aa0 2080       4       java.util.concurrent.ThreadPoolExecutor::beforeExecute (1 bytes)
Event: 128.656 Thread 0x0000024facd53aa0 nmethod 2080 0x0000024fa1fe2590 code [0x0000024fa1fe2700, 0x0000024fa1fe2778]
Event: 128.764 Thread 0x0000024facd53aa0 2081       4       java.util.concurrent.ThreadPoolExecutor::afterExecute (1 bytes)
Event: 128.766 Thread 0x0000024facd53aa0 nmethod 2081 0x0000024fa1fe2890 code [0x0000024fa1fe2a00, 0x0000024fa1fe2a78]
Event: 131.959 Thread 0x0000024facd55870 2082       3       org.gradle.internal.logging.text.AbstractLineChoppingStyledTextOutput$StateContext::<init> (79 bytes)
Event: 131.966 Thread 0x0000024facd55870 nmethod 2082 0x0000024f9a78f910 code [0x0000024f9a78fb00, 0x0000024f9a790008]
Event: 132.051 Thread 0x0000024facd53aa0 2083       4       java.util.ArrayDeque$DeqIterator::hasNext (13 bytes)
Event: 132.053 Thread 0x0000024facd53aa0 nmethod 2083 0x0000024fa1fe2b90 code [0x0000024fa1fe2d00, 0x0000024fa1fe2d98]
Event: 133.753 Thread 0x0000024facd53aa0 2084       4       java.util.AbstractList::equals (117 bytes)
Event: 134.815 Thread 0x0000024facd53aa0 nmethod 2084 0x0000024fa1fe2e90 code [0x0000024fa1fe30e0, 0x0000024fa1fe3bd8]
Event: 141.949 Thread 0x0000024facd53aa0 2085       4       java.util.LinkedHashMap$LinkedValueIterator::next (8 bytes)
Event: 141.957 Thread 0x0000024facd53aa0 nmethod 2085 0x0000024fa1fe4610 code [0x0000024fa1fe4780, 0x0000024fa1fe49f8]
Event: 151.857 Thread 0x0000024facd55870 2087       3       com.google.common.collect.CollectPreconditions::checkNonnegative (37 bytes)
Event: 151.868 Thread 0x0000024facd55870 nmethod 2087 0x0000024f9a790210 code [0x0000024f9a790440, 0x0000024f9a790b48]
Event: 151.868 Thread 0x0000024facd55870 2086       3       com.google.common.collect.Lists::newArrayList (28 bytes)
Event: 151.875 Thread 0x0000024facd55870 nmethod 2086 0x0000024f9a790e10 code [0x0000024f9a791000, 0x0000024f9a791518]
Event: 152.058 Thread 0x0000024facd53aa0 2088       4       java.util.concurrent.locks.ReentrantLock$Sync::tryRelease (51 bytes)
Event: 152.061 Thread 0x0000024facd53aa0 nmethod 2088 0x0000024fa1fe4b10 code [0x0000024fa1fe4c80, 0x0000024fa1fe4db8]
Event: 152.851 Thread 0x0000024facd53aa0 2089       4       java.util.HashMap$HashIterator::<init> (79 bytes)

GC Heap History (4 events):
Event: 0.703 GC heap before
{Heap before GC invocations=0 (full 0):
 garbage-first heap   total 65536K, used 26624K [0x00000000fc000000, 0x0000000100000000)
  region size 1024K, 23 young (23552K), 0 survivors (0K)
 Metaspace       used 2531K, committed 2688K, reserved 1114112K
  class space    used 262K, committed 384K, reserved 1048576K
}
Event: 0.713 GC heap after
{Heap after GC invocations=1 (full 0):
 garbage-first heap   total 65536K, used 10820K [0x00000000fc000000, 0x0000000100000000)
  region size 1024K, 3 young (3072K), 3 survivors (3072K)
 Metaspace       used 2531K, committed 2688K, reserved 1114112K
  class space    used 262K, committed 384K, reserved 1048576K
}
Event: 1.465 GC heap before
{Heap before GC invocations=1 (full 0):
 garbage-first heap   total 65536K, used 32324K [0x00000000fc000000, 0x0000000100000000)
  region size 1024K, 25 young (25600K), 3 survivors (3072K)
 Metaspace       used 7838K, committed 8064K, reserved 1114112K
  class space    used 1067K, committed 1152K, reserved 1048576K
}
Event: 1.469 GC heap after
{Heap after GC invocations=2 (full 0):
 garbage-first heap   total 65536K, used 12113K [0x00000000fc000000, 0x0000000100000000)
  region size 1024K, 2 young (2048K), 2 survivors (2048K)
 Metaspace       used 7838K, committed 8064K, reserved 1114112K
  class space    used 1067K, committed 1152K, reserved 1048576K
}

Dll operation events (13 events):
Event: 0.012 Loaded shared library C:\Program Files\Microsoft\jdk-17.0.12.7-hotspot\bin\java.dll
Event: 0.028 Loaded shared library C:\Program Files\Microsoft\jdk-17.0.12.7-hotspot\bin\jsvml.dll
Event: 0.068 Loaded shared library C:\Program Files\Microsoft\jdk-17.0.12.7-hotspot\bin\net.dll
Event: 0.071 Loaded shared library C:\Program Files\Microsoft\jdk-17.0.12.7-hotspot\bin\nio.dll
Event: 0.074 Loaded shared library C:\Program Files\Microsoft\jdk-17.0.12.7-hotspot\bin\zip.dll
Event: 0.078 Loaded shared library C:\Program Files\Microsoft\jdk-17.0.12.7-hotspot\bin\verify.dll
Event: 0.436 Loaded shared library C:\Program Files\Microsoft\jdk-17.0.12.7-hotspot\bin\jimage.dll
Event: 0.912 Loaded shared library C:\Users\moham\.gradle\native\c067742578af261105cb4f569cf0c3c89f3d7b1fecec35dd04571415982c5e48\windows-amd64\native-platform.dll
Event: 0.931 Loaded shared library C:\Users\moham\.gradle\native\jansi\1.18\windows64\jansi.dll
Event: 1.101 Loaded shared library C:\Program Files\Microsoft\jdk-17.0.12.7-hotspot\bin\management.dll
Event: 1.106 Loaded shared library C:\Program Files\Microsoft\jdk-17.0.12.7-hotspot\bin\management_ext.dll
Event: 4.086 Loaded shared library C:\Program Files\Microsoft\jdk-17.0.12.7-hotspot\bin\extnet.dll
Event: 4.162 Loaded shared library C:\Program Files\Microsoft\jdk-17.0.12.7-hotspot\bin\sunmscapi.dll

Deoptimization events (20 events):
Event: 1.596 Thread 0x0000024ff33b2290 DEOPT PACKING pc=0x0000024fa1f61d7c sp=0x000000b6a87fe8c0
Event: 1.596 Thread 0x0000024ff33b2290 DEOPT UNPACKING pc=0x0000024fa18269a3 sp=0x000000b6a87fe888 mode 2
Event: 1.596 Thread 0x0000024ff33b2290 Uncommon trap: trap_request=0xffffff45 fr.pc=0x0000024fa1fa226c relative=0x00000000000003cc
Event: 1.596 Thread 0x0000024ff33b2290 Uncommon trap: reason=unstable_if action=reinterpret pc=0x0000024fa1fa226c method=java.lang.AbstractStringBuilder.isLatin1()Z @ 10 c2
Event: 1.596 Thread 0x0000024ff33b2290 DEOPT PACKING pc=0x0000024fa1fa226c sp=0x000000b6a87feab0
Event: 1.596 Thread 0x0000024ff33b2290 DEOPT UNPACKING pc=0x0000024fa18269a3 sp=0x000000b6a87fea30 mode 2
Event: 3.971 Thread 0x0000024ff33b2290 Uncommon trap: trap_request=0xffffff45 fr.pc=0x0000024fa1f2ce00 relative=0x0000000000000080
Event: 3.971 Thread 0x0000024ff33b2290 Uncommon trap: reason=unstable_if action=reinterpret pc=0x0000024fa1f2ce00 method=java.lang.String.codePointAt(I)I @ 4 c2
Event: 3.971 Thread 0x0000024ff33b2290 DEOPT PACKING pc=0x0000024fa1f2ce00 sp=0x000000b6a87fea30
Event: 3.971 Thread 0x0000024ff33b2290 DEOPT UNPACKING pc=0x0000024fa18269a3 sp=0x000000b6a87fe9c8 mode 2
Event: 3.974 Thread 0x0000024ff33b5020 Uncommon trap: trap_request=0xffffffde fr.pc=0x0000024fa1f92318 relative=0x0000000000001058
Event: 3.974 Thread 0x0000024ff33b5020 Uncommon trap: reason=class_check action=maybe_recompile pc=0x0000024fa1f92318 method=java.util.concurrent.ConcurrentHashMap.putVal(Ljava/lang/Object;Ljava/lang/Object;Z)Ljava/lang/Object; @ 159 c2
Event: 3.974 Thread 0x0000024ff33b5020 DEOPT PACKING pc=0x0000024fa1f92318 sp=0x000000b6a89fe550
Event: 3.974 Thread 0x0000024ff33b5020 DEOPT UNPACKING pc=0x0000024fa18269a3 sp=0x000000b6a89fe4d0 mode 2
Event: 4.190 Thread 0x0000024f92852470 Uncommon trap: trap_request=0xffffff45 fr.pc=0x0000024fa1f83e04 relative=0x0000000000000424
Event: 4.190 Thread 0x0000024f92852470 Uncommon trap: reason=unstable_if action=reinterpret pc=0x0000024fa1f83e04 method=java.util.regex.Matcher.match(II)Z @ 76 c2
Event: 4.190 Thread 0x0000024f92852470 DEOPT PACKING pc=0x0000024fa1f83e04 sp=0x000000b6a69fbd80
Event: 4.190 Thread 0x0000024f92852470 DEOPT UNPACKING pc=0x0000024fa18269a3 sp=0x000000b6a69fbd38 mode 2
Event: 52.151 Thread 0x0000024f92852470 DEOPT PACKING pc=0x0000024f9a6c714d sp=0x000000b6a69fc7a0
Event: 52.151 Thread 0x0000024f92852470 DEOPT UNPACKING pc=0x0000024fa1827143 sp=0x000000b6a69fbc38 mode 0

Classes loaded (20 events):
Event: 9.176 Loading class jdk/internal/reflect/ByteVectorImpl
Event: 9.176 Loading class jdk/internal/reflect/ByteVector
Event: 9.176 Loading class jdk/internal/reflect/ByteVector done
Event: 9.176 Loading class jdk/internal/reflect/ByteVectorImpl done
Event: 9.176 Loading class jdk/internal/reflect/ClassFileAssembler
Event: 9.176 Loading class jdk/internal/reflect/ClassFileAssembler done
Event: 9.176 Loading class jdk/internal/reflect/UTF8
Event: 9.176 Loading class jdk/internal/reflect/UTF8 done
Event: 9.177 Loading class jdk/internal/reflect/Label
Event: 9.177 Loading class jdk/internal/reflect/Label done
Event: 9.177 Loading class jdk/internal/reflect/Label$PatchInfo
Event: 9.177 Loading class jdk/internal/reflect/Label$PatchInfo done
Event: 9.177 Loading class jdk/internal/reflect/MethodAccessorGenerator$1
Event: 9.177 Loading class jdk/internal/reflect/MethodAccessorGenerator$1 done
Event: 9.177 Loading class jdk/internal/reflect/ClassDefiner
Event: 9.177 Loading class jdk/internal/reflect/ClassDefiner done
Event: 9.177 Loading class jdk/internal/reflect/ClassDefiner$1
Event: 9.177 Loading class jdk/internal/reflect/ClassDefiner$1 done
Event: 25.661 Loading class java/util/ArrayList$ListItr
Event: 25.661 Loading class java/util/ArrayList$ListItr done

Classes unloaded (0 events):
No events

Classes redefined (0 events):
No events

Internal exceptions (20 events):
Event: 0.893 Thread 0x0000024f92852470 Exception <a 'java/lang/NoSuchMethodError'{0x00000000ffaa6408}: 'java.lang.Object java.lang.invoke.Invokers$Holder.invoker(java.lang.Object, java.lang.Object, java.lang.Object)'> (0x00000000ffaa6408) 
thrown [s\src\hotspot\share\interpreter\linkResolver.cpp, line 759]
Event: 0.894 Thread 0x0000024f92852470 Exception <a 'java/lang/NoSuchMethodError'{0x00000000ffaaf2f8}: 'java.lang.Object java.lang.invoke.DirectMethodHandle$Holder.invokeStatic(java.lang.Object, java.lang.Object, int)'> (0x00000000ffaaf2f8) 
thrown [s\src\hotspot\share\interpreter\linkResolver.cpp, line 759]
Event: 0.895 Thread 0x0000024f92852470 Exception <a 'java/lang/NoSuchMethodError'{0x00000000ffabafe8}: 'void java.lang.invoke.DelegatingMethodHandle$Holder.delegate(java.lang.Object, java.lang.Object, int, java.lang.Object)'> (0x00000000ffabafe8) 
thrown [s\src\hotspot\share\interpreter\linkResolver.cpp, line 759]
Event: 0.895 Thread 0x0000024f92852470 Exception <a 'java/lang/NoSuchMethodError'{0x00000000ffabf130}: 'int java.lang.invoke.DirectMethodHandle$Holder.invokeSpecial(java.lang.Object, java.lang.Object, java.lang.Object)'> (0x00000000ffabf130) 
thrown [s\src\hotspot\share\interpreter\linkResolver.cpp, line 759]
Event: 0.898 Thread 0x0000024f92852470 Exception <a 'java/lang/NoSuchMethodError'{0x00000000ffad2278}: 'java.lang.Object java.lang.invoke.Invokers$Holder.invokeExact_MT(java.lang.Object, java.lang.Object, java.lang.Object, java.lang.Object)'> (0x00000000ffad2278) 
thrown [s\src\hotspot\share\interpreter\linkResolver.cpp, line 759]
Event: 1.066 Thread 0x0000024f92852470 Exception <a 'java/lang/NoSuchMethodError'{0x00000000ff391750}: 'void java.lang.invoke.DirectMethodHandle$Holder.invokeSpecial(java.lang.Object, java.lang.Object, java.lang.Object)'> (0x00000000ff391750) 
thrown [s\src\hotspot\share\interpreter\linkResolver.cpp, line 759]
Event: 1.075 Thread 0x0000024f92852470 Implicit null exception at 0x0000024fa1f800b1 to 0x0000024fa1f804f8
Event: 1.075 Thread 0x0000024f92852470 Implicit null exception at 0x0000024fa1f69e2c to 0x0000024fa1f6a260
Event: 1.098 Thread 0x0000024f92852470 Exception <a 'java/lang/NoSuchMethodError'{0x00000000ff151188}: 'java.lang.Object java.lang.invoke.DirectMethodHandle$Holder.invokeStaticInit(java.lang.Object)'> (0x00000000ff151188) 
thrown [s\src\hotspot\share\interpreter\linkResolver.cpp, line 759]
Event: 1.134 Thread 0x0000024f92852470 Exception <a 'java/lang/NoSuchMethodError'{0x00000000ff1e6650}: 'int java.lang.invoke.DirectMethodHandle$Holder.invokeVirtual(java.lang.Object, java.lang.Object, java.lang.Object)'> (0x00000000ff1e6650) 
thrown [s\src\hotspot\share\interpreter\linkResolver.cpp, line 759]
Event: 1.151 Thread 0x0000024f92852470 Exception <a 'java/lang/NoSuchMethodError'{0x00000000ff062108}: 'java.lang.Object java.lang.invoke.DirectMethodHandle$Holder.invokeStaticInit(java.lang.Object, int, int, int, int)'> (0x00000000ff062108) 
thrown [s\src\hotspot\share\interpreter\linkResolver.cpp, line 759]
Event: 1.344 Thread 0x0000024f92852470 Exception <a 'java/lang/NoSuchMethodError'{0x00000000fef45a18}: 'java.lang.Object java.lang.invoke.DirectMethodHandle$Holder.invokeStaticInit(java.lang.Object, java.lang.Object, int, int, int, int)'> (0x00000000fef45a18) 
thrown [s\src\hotspot\share\interpreter\linkResolver.cpp, line 759]
Event: 1.351 Thread 0x0000024f92852470 Exception <a 'java/lang/NoSuchMethodError'{0x00000000fef648c0}: 'int java.lang.invoke.DirectMethodHandle$Holder.invokeStatic(java.lang.Object)'> (0x00000000fef648c0) 
thrown [s\src\hotspot\share\interpreter\linkResolver.cpp, line 759]
Event: 1.352 Thread 0x0000024f92852470 Exception <a 'java/lang/NoSuchMethodError'{0x00000000fef68018}: 'int java.lang.invoke.DirectMethodHandle$Holder.invokeStaticInit(java.lang.Object)'> (0x00000000fef68018) 
thrown [s\src\hotspot\share\interpreter\linkResolver.cpp, line 759]
Event: 1.572 Thread 0x0000024ff33b2290 Exception <a 'java/lang/NoSuchMethodError'{0x00000000ffb80310}: 'void java.lang.invoke.DirectMethodHandle$Holder.invokeStatic(java.lang.Object, long)'> (0x00000000ffb80310) 
thrown [s\src\hotspot\share\interpreter\linkResolver.cpp, line 759]
Event: 1.573 Thread 0x0000024ff33b2290 Exception <a 'java/lang/NoSuchMethodError'{0x00000000ffb85c68}: 'java.lang.Object java.lang.invoke.DirectMethodHandle$Holder.newInvokeSpecial(java.lang.Object, long)'> (0x00000000ffb85c68) 
thrown [s\src\hotspot\share\interpreter\linkResolver.cpp, line 759]
Event: 1.575 Thread 0x0000024ff33b2290 Exception <a 'java/lang/NoSuchMethodError'{0x00000000ffb90880}: 'java.lang.Object java.lang.invoke.DirectMethodHandle$Holder.invokeStaticInit(java.lang.Object, java.lang.Object, long, java.lang.Object)'> (0x00000000ffb90880) 
thrown [s\src\hotspot\share\interpreter\linkResolver.cpp, line 759]
Event: 1.576 Thread 0x0000024ff33b2290 Exception <a 'java/lang/NoSuchMethodError'{0x00000000ffb97148}: 'java.lang.Object java.lang.invoke.DirectMethodHandle$Holder.newInvokeSpecial(java.lang.Object, java.lang.Object, long)'> (0x00000000ffb97148) 
thrown [s\src\hotspot\share\interpreter\linkResolver.cpp, line 759]
Event: 1.576 Thread 0x0000024ff33b2290 Exception <a 'java/lang/NoSuchMethodError'{0x00000000ffb9b438}: 'java.lang.Object java.lang.invoke.Invokers$Holder.linkToTargetMethod(java.lang.Object, long, java.lang.Object)'> (0x00000000ffb9b438) 
thrown [s\src\hotspot\share\interpreter\linkResolver.cpp, line 759]
Event: 4.087 Thread 0x0000024f92852470 Exception <a 'java/lang/NoSuchMethodError'{0x00000000ffa9dfb8}: 'void java.lang.invoke.DirectMethodHandle$Holder.invokeStatic(java.lang.Object, java.lang.Object, java.lang.Object)'> (0x00000000ffa9dfb8) 
thrown [s\src\hotspot\share\interpreter\linkResolver.cpp, line 759]

VM Operations (20 events):
Event: 58.940 Executing VM operation: Cleanup
Event: 58.940 Executing VM operation: Cleanup done
Event: 60.019 Executing VM operation: HandshakeAllThreads
Event: 60.020 Executing VM operation: HandshakeAllThreads done
Event: 62.039 Executing VM operation: Cleanup
Event: 62.039 Executing VM operation: Cleanup done
Event: 71.134 Executing VM operation: Cleanup
Event: 71.134 Executing VM operation: Cleanup done
Event: 101.401 Executing VM operation: Cleanup
Event: 101.401 Executing VM operation: Cleanup done
Event: 104.424 Executing VM operation: Cleanup
Event: 104.424 Executing VM operation: Cleanup done
Event: 108.446 Executing VM operation: Cleanup
Event: 108.446 Executing VM operation: Cleanup done
Event: 132.615 Executing VM operation: Cleanup
Event: 132.616 Executing VM operation: Cleanup done
Event: 142.711 Executing VM operation: Cleanup
Event: 142.711 Executing VM operation: Cleanup done
Event: 152.802 Executing VM operation: Cleanup
Event: 152.802 Executing VM operation: Cleanup done

Events (20 events):
Event: 1.555 Thread 0x0000024ff33b2290 Thread added: 0x0000024ff33b2290
Event: 1.578 Thread 0x0000024ff33b4b40 Thread added: 0x0000024ff33b4b40
Event: 1.580 Thread 0x0000024ff33b5020 Thread added: 0x0000024ff33b5020
Event: 1.580 Thread 0x0000024ff33b4b40 Thread exited: 0x0000024ff33b4b40
Event: 1.859 Thread 0x0000024ff2334a80 Thread exited: 0x0000024ff2334a80
Event: 2.252 Thread 0x0000024ff2bcc2c0 Thread exited: 0x0000024ff2bcc2c0
Event: 3.953 Thread 0x0000024f9290e030 Thread exited: 0x0000024f9290e030
Event: 3.953 Thread 0x0000024ff20b95d0 Thread exited: 0x0000024ff20b95d0
Event: 3.974 Thread 0x0000024ff33b5020 Thread exited: 0x0000024ff33b5020
Event: 3.974 Thread 0x0000024ff33b2290 Thread exited: 0x0000024ff33b2290
Event: 4.141 Thread 0x0000024ff2bcd2b0 Thread added: 0x0000024ff2bcd2b0
Event: 4.141 Thread 0x0000024ff2bcb820 Thread added: 0x0000024ff2bcb820
Event: 4.236 Thread 0x0000024ff3473b10 Thread added: 0x0000024ff3473b10
Event: 4.236 Thread 0x0000024ff33c4ed0 Thread added: 0x0000024ff33c4ed0
Event: 4.271 Thread 0x0000024ff2bcd2b0 Thread exited: 0x0000024ff2bcd2b0
Event: 4.962 Thread 0x0000024ff2bcb820 Thread exited: 0x0000024ff2bcb820
Event: 39.350 Thread 0x0000024ff2bca830 Thread added: 0x0000024ff2bca830
Event: 39.351 Thread 0x0000024ff2bcbd70 Thread added: 0x0000024ff2bcbd70
Event: 44.150 Thread 0x0000024ff2bcbd70 Thread exited: 0x0000024ff2bcbd70
Event: 44.260 Thread 0x0000024ff2bca830 Thread exited: 0x0000024ff2bca830


Dynamic libraries:
0x00007ff7571e0000 - 0x00007ff7571ee000 	C:\Program Files\Microsoft\jdk-17.0.12.7-hotspot\bin\java.exe
0x00007ffa56ca0000 - 0x00007ffa56f07000 	C:\WINDOWS\SYSTEM32\ntdll.dll
0x00007ffa553d0000 - 0x00007ffa55499000 	C:\WINDOWS\System32\KERNEL32.DLL
0x00007ffa54570000 - 0x00007ffa54960000 	C:\WINDOWS\System32\KERNELBASE.dll
0x00007ffa540d0000 - 0x00007ffa5421b000 	C:\WINDOWS\System32\ucrtbase.dll
0x00007ffa4e730000 - 0x00007ffa4e747000 	C:\Program Files\Microsoft\jdk-17.0.12.7-hotspot\bin\jli.dll
0x00007ffa4c0f0000 - 0x00007ffa4c10d000 	C:\Program Files\Microsoft\jdk-17.0.12.7-hotspot\bin\VCRUNTIME140.dll
0x00007ffa55180000 - 0x00007ffa55345000 	C:\WINDOWS\System32\USER32.dll
0x00007ffa544b0000 - 0x00007ffa544d7000 	C:\WINDOWS\System32\win32u.dll
0x00007ffa40dc0000 - 0x00007ffa4105a000 	C:\WINDOWS\WinSxS\amd64_microsoft.windows.common-controls_6595b64144ccf1df_6.0.26100.4768_none_3e0c112ce331287c\COMCTL32.dll
0x00007ffa55780000 - 0x00007ffa557ab000 	C:\WINDOWS\System32\GDI32.dll
0x00007ffa55c60000 - 0x00007ffa55d09000 	C:\WINDOWS\System32\msvcrt.dll
0x00007ffa54220000 - 0x00007ffa54358000 	C:\WINDOWS\System32\gdi32full.dll
0x00007ffa54400000 - 0x00007ffa544a3000 	C:\WINDOWS\System32\msvcp_win.dll
0x00007ffa55720000 - 0x00007ffa5574f000 	C:\WINDOWS\System32\IMM32.DLL
0x00007ffa4e7b0000 - 0x00007ffa4e7bc000 	C:\Program Files\Microsoft\jdk-17.0.12.7-hotspot\bin\vcruntime140_1.dll
0x00007ffa2ecf0000 - 0x00007ffa2ed7d000 	C:\Program Files\Microsoft\jdk-17.0.12.7-hotspot\bin\msvcp140.dll
0x00007ff97e320000 - 0x00007ff97ef90000 	C:\Program Files\Microsoft\jdk-17.0.12.7-hotspot\bin\server\jvm.dll
0x00007ffa56320000 - 0x00007ffa563d4000 	C:\WINDOWS\System32\ADVAPI32.dll
0x00007ffa555f0000 - 0x00007ffa55696000 	C:\WINDOWS\System32\sechost.dll
0x00007ffa557b0000 - 0x00007ffa558c8000 	C:\WINDOWS\System32\RPCRT4.dll
0x00007ffa56be0000 - 0x00007ffa56c54000 	C:\WINDOWS\System32\WS2_32.dll
0x00007ffa53c30000 - 0x00007ffa53c8e000 	C:\WINDOWS\SYSTEM32\POWRPROF.dll
0x00007ffa4ce90000 - 0x00007ffa4ce9b000 	C:\WINDOWS\SYSTEM32\VERSION.dll
0x00007ffa4ce50000 - 0x00007ffa4ce85000 	C:\WINDOWS\SYSTEM32\WINMM.dll
0x00007ffa53c10000 - 0x00007ffa53c24000 	C:\WINDOWS\SYSTEM32\UMPDC.dll
0x00007ffa52b50000 - 0x00007ffa52b6b000 	C:\WINDOWS\SYSTEM32\kernel.appcore.dll
0x00007ffa4e720000 - 0x00007ffa4e72a000 	C:\Program Files\Microsoft\jdk-17.0.12.7-hotspot\bin\jimage.dll
0x00007ffa51750000 - 0x00007ffa51991000 	C:\WINDOWS\SYSTEM32\DBGHELP.DLL
0x00007ffa558d0000 - 0x00007ffa55c55000 	C:\WINDOWS\System32\combase.dll
0x00007ffa56880000 - 0x00007ffa56960000 	C:\WINDOWS\System32\OLEAUT32.dll
0x00007ffa3dd70000 - 0x00007ffa3ddb3000 	C:\WINDOWS\SYSTEM32\dbgcore.DLL
0x00007ffa54360000 - 0x00007ffa543f9000 	C:\WINDOWS\System32\bcryptPrimitives.dll
0x00007ffa4c060000 - 0x00007ffa4c085000 	C:\Program Files\Microsoft\jdk-17.0.12.7-hotspot\bin\java.dll
0x00007ffa2ec10000 - 0x00007ffa2ece7000 	C:\Program Files\Microsoft\jdk-17.0.12.7-hotspot\bin\jsvml.dll
0x00007ffa54a30000 - 0x00007ffa5517d000 	C:\WINDOWS\System32\SHELL32.dll
0x00007ffa53dd0000 - 0x00007ffa53f43000 	C:\WINDOWS\System32\wintypes.dll
0x00007ffa519d0000 - 0x00007ffa52230000 	C:\WINDOWS\SYSTEM32\windows.storage.dll
0x00007ffa56970000 - 0x00007ffa56a65000 	C:\WINDOWS\System32\SHCORE.dll
0x00007ffa56b70000 - 0x00007ffa56bda000 	C:\WINDOWS\System32\shlwapi.dll
0x00007ffa53cf0000 - 0x00007ffa53d19000 	C:\WINDOWS\SYSTEM32\profapi.dll
0x00007ffa49a80000 - 0x00007ffa49a9a000 	C:\Program Files\Microsoft\jdk-17.0.12.7-hotspot\bin\net.dll
0x00007ffa49c90000 - 0x00007ffa49dae000 	C:\WINDOWS\SYSTEM32\WINHTTP.dll
0x00007ffa530e0000 - 0x00007ffa5314b000 	C:\WINDOWS\system32\mswsock.dll
0x00007ffa410b0000 - 0x00007ffa410c6000 	C:\Program Files\Microsoft\jdk-17.0.12.7-hotspot\bin\nio.dll
0x00007ffa38ca0000 - 0x00007ffa38cb8000 	C:\Program Files\Microsoft\jdk-17.0.12.7-hotspot\bin\zip.dll
0x00007ffa4e700000 - 0x00007ffa4e710000 	C:\Program Files\Microsoft\jdk-17.0.12.7-hotspot\bin\verify.dll
0x00007ffa315d0000 - 0x00007ffa315f7000 	C:\Users\moham\.gradle\native\c067742578af261105cb4f569cf0c3c89f3d7b1fecec35dd04571415982c5e48\windows-amd64\native-platform.dll
0x00007ffa4e7d0000 - 0x00007ffa4e7da000 	C:\Users\moham\.gradle\native\jansi\1.18\windows64\jansi.dll
0x00007ffa4c050000 - 0x00007ffa4c05a000 	C:\Program Files\Microsoft\jdk-17.0.12.7-hotspot\bin\management.dll
0x00007ffa49350000 - 0x00007ffa4935b000 	C:\Program Files\Microsoft\jdk-17.0.12.7-hotspot\bin\management_ext.dll
0x00007ffa555e0000 - 0x00007ffa555e8000 	C:\WINDOWS\System32\PSAPI.DLL
0x00007ffa533a0000 - 0x00007ffa533bb000 	C:\WINDOWS\SYSTEM32\CRYPTSP.dll
0x00007ffa52ab0000 - 0x00007ffa52aeb000 	C:\WINDOWS\system32\rsaenh.dll
0x00007ffa53180000 - 0x00007ffa531ab000 	C:\WINDOWS\SYSTEM32\USERENV.dll
0x00007ffa53cc0000 - 0x00007ffa53ce6000 	C:\WINDOWS\SYSTEM32\bcrypt.dll
0x00007ffa533c0000 - 0x00007ffa533cc000 	C:\WINDOWS\SYSTEM32\CRYPTBASE.dll
0x00007ffa52540000 - 0x00007ffa52573000 	C:\WINDOWS\SYSTEM32\IPHLPAPI.DLL
0x00007ffa56b60000 - 0x00007ffa56b6a000 	C:\WINDOWS\System32\NSI.dll
0x00007ffa4c210000 - 0x00007ffa4c22f000 	C:\WINDOWS\SYSTEM32\dhcpcsvc6.DLL
0x00007ffa4bd50000 - 0x00007ffa4bd75000 	C:\WINDOWS\SYSTEM32\dhcpcsvc.DLL
0x00007ffa525d0000 - 0x00007ffa526f6000 	C:\WINDOWS\SYSTEM32\DNSAPI.dll
0x00007ffa37f80000 - 0x00007ffa37f89000 	C:\Program Files\Microsoft\jdk-17.0.12.7-hotspot\bin\extnet.dll
0x00007ffa4e650000 - 0x00007ffa4e65e000 	C:\Program Files\Microsoft\jdk-17.0.12.7-hotspot\bin\sunmscapi.dll
0x00007ffa53f50000 - 0x00007ffa540c7000 	C:\WINDOWS\System32\CRYPT32.dll
0x00007ffa535c0000 - 0x00007ffa535f0000 	C:\WINDOWS\SYSTEM32\ncrypt.dll
0x00007ffa53570000 - 0x00007ffa535af000 	C:\WINDOWS\SYSTEM32\NTASN1.dll
0x00007ff9ac6e0000 - 0x00007ff9ac6e8000 	C:\WINDOWS\system32\wshunix.dll

dbghelp: loaded successfully - version: 4.0.5 - missing functions: none
symbol engine: initialized successfully - sym options: 0x614 - pdb path: .;C:\Program Files\Microsoft\jdk-17.0.12.7-hotspot\bin;C:\WINDOWS\SYSTEM32;C:\WINDOWS\WinSxS\amd64_microsoft.windows.common-controls_6595b64144ccf1df_6.0.26100.4768_none_3e0c112ce331287c;C:\Program Files\Microsoft\jdk-17.0.12.7-hotspot\bin\server;C:\Users\moham\.gradle\native\c067742578af261105cb4f569cf0c3c89f3d7b1fecec35dd04571415982c5e48\windows-amd64;C:\Users\moham\.gradle\native\jansi\1.18\windows64

VM Arguments:
jvm_args: -Xmx64m -Xms64m -Dorg.gradle.appname=gradlew 
java_command: org.gradle.wrapper.GradleWrapperMain assembleRelease
java_class_path (initial): D:\Mobile_App-master\Mobile_app_klass\android\\gradle\wrapper\gradle-wrapper.jar
Launcher Type: SUN_STANDARD

[Global flags]
     intx CICompilerCount                          = 12                                        {product} {ergonomic}
     uint ConcGCThreads                            = 3                                         {product} {ergonomic}
     uint G1ConcRefinementThreads                  = 13                                        {product} {ergonomic}
   size_t G1HeapRegionSize                         = 1048576                                   {product} {ergonomic}
    uintx GCDrainStackTargetSize                   = 64                                        {product} {ergonomic}
   size_t InitialHeapSize                          = 67108864                                  {product} {command line}
   size_t MarkStackSize                            = 4194304                                   {product} {ergonomic}
   size_t MaxHeapSize                              = 67108864                                  {product} {command line}
   size_t MaxNewSize                               = 39845888                                  {product} {ergonomic}
   size_t MinHeapDeltaBytes                        = 1048576                                   {product} {ergonomic}
   size_t MinHeapSize                              = 67108864                                  {product} {command line}
    uintx NonNMethodCodeHeapSize                   = 7602480                                {pd product} {ergonomic}
    uintx NonProfiledCodeHeapSize                  = 122027880                              {pd product} {ergonomic}
    uintx ProfiledCodeHeapSize                     = 122027880                              {pd product} {ergonomic}
    uintx ReservedCodeCacheSize                    = 251658240                              {pd product} {ergonomic}
     bool SegmentedCodeCache                       = true                                      {product} {ergonomic}
   size_t SoftMaxHeapSize                          = 67108864                               {manageable} {ergonomic}
     bool UseCompressedClassPointers               = true                           {product lp64_product} {ergonomic}
     bool UseCompressedOops                        = true                           {product lp64_product} {ergonomic}
     bool UseG1GC                                  = true                                      {product} {ergonomic}
     bool UseLargePagesIndividualAllocation        = false                                  {pd product} {ergonomic}

Logging:
Log output configuration:
 #0: stdout all=warning uptime,level,tags
 #1: stderr all=off uptime,level,tags

Environment Variables:
JAVA_HOME=C:\Program Files\Microsoft\jdk-17.0.12.7-hotspot\
CLASSPATH=D:\Mobile_App-master\Mobile_app_klass\android\\gradle\wrapper\gradle-wrapper.jar
PATH=C:\Program Files\Common Files\Oracle\Java\javapath;C:\Program Files\Microsoft\jdk-17.0.12.7-hotspot\bin;C:\WINDOWS\system32;C:\WINDOWS;C:\WINDOWS\System32\Wbem;C:\WINDOWS\System32\WindowsPowerShell\v1.0\;C:\WINDOWS\System32\OpenSSH\;C:\ProgramData\chocolatey\bin;C:\Program Files\nodejs\;C:\Program Files\Git\cmd;C:\Users\moham\Downloads\php-8.4.7-nts-Win32-vs17-x86;C:\Users\moham\AppData\Local\Android\Sdk\tools;C:\Users\moham\AppData\Local\Microsoft\WindowsApps;C:\Users\moham\AppData\Local\Programs\Microsoft VS Code\bin;C:\Users\moham\AppData\Roaming\npm;C:\Users\moham\AppData\Local\Android\Sdk\platform-tools;D:\Xampp\mysql\bin;
USERNAME=moham
LANG=en_US.UTF-8
OS=Windows_NT
PROCESSOR_IDENTIFIER=AMD64 Family 23 Model 104 Stepping 1, AuthenticAMD
TMP=C:\Users\moham\AppData\Local\Temp
TEMP=C:\Users\moham\AppData\Local\Temp



Periodic native trim disabled


---------------  S Y S T E M  ---------------

OS:
 Windows 11 , 64 bit Build 26100 (10.0.26100.4768)
OS uptime: 3 days 7:47 hours
Hyper-V role detected

CPU: total 16 (initial active 16) (16 cores per cpu, 2 threads per core) family 23 model 104 stepping 1 microcode 0x8608107, cx8, cmov, fxsr, ht, mmx, 3dnowpref, sse, sse2, sse3, ssse3, sse4a, sse4.1, sse4.2, popcnt, lzcnt, tsc, tscinvbit, avx, avx2, aes, clmul, bmi1, bmi2, adx, sha, fma, vzeroupper, clflush, clflushopt, hv
Processor Information for the first 16 processors :
  Max Mhz: 1801, Current Mhz: 1801, Mhz Limit: 1801

Memory: 4k page, system-wide physical 5989M (841M free)
TotalPageFile size 24421M (AvailPageFile size 0M)
current process WorkingSet (physical memory assigned to process): 16M, peak: 107M
current process commit charge ("private bytes"): 177M, peak: 185M

vm_info: OpenJDK 64-Bit Server VM (17.0.12+7-LTS) for windows-amd64 JRE (17.0.12+7-LTS), built on Jul 16 2024 18:11:44 by "MicrosoftCorporation" with unknown MS VC++:1939

END.
